[ 2016-09-08T14:10:27+08:00 ] ::1 /ChinaCountry/
INFO: [ app_init ] --START--
INFO: Run Behavior\BuildLiteBehavior [ RunTime:0.000000s ]
INFO: [ app_init ] --END-- [ RunTime:0.002000s ]
INFO: [ app_begin ] --START--
INFO: Run Behavior\ReadHtmlCacheBehavior [ RunTime:0.002000s ]
INFO: [ app_begin ] --END-- [ RunTime:0.003000s ]
SQL: SHOW COLUMNS FROM `cc_advertising` [ RunTime:0.906052s ]
SQL: SELECT `id`,`title`,`picture`,`hret` FROM `cc_advertising` LIMIT 3   [ RunTime:0.009000s ]
SQL: SHOW COLUMNS FROM `cc_video` [ RunTime:0.266015s ]
SQL: SELECT `id`,`title`,`date`,`thumbnail` FROM `cc_video` WHERE ( `column_id` = 1 ) LIMIT 3   [ RunTime:0.000000s ]
SQL: SELECT `id`,`title`,`date`,`thumbnail` FROM `cc_video` WHERE ( `column_id` = 2 ) LIMIT 6   [ RunTime:0.000000s ]
SQL: SHOW COLUMNS FROM `cc_news` [ RunTime:0.332019s ]
SQL: SELECT `id`,`title`,`date` FROM `cc_news` ORDER BY id desc LIMIT 10   [ RunTime:0.001000s ]
SQL: SHOW COLUMNS FROM `cc_site_information` [ RunTime:0.125007s ]
SQL: SELECT `title`,`keyword`,`description` FROM `cc_site_information`  [ RunTime:0.000000s ]
INFO: [ view_parse ] --START--
INFO: [ template_filter ] --START--
INFO: Run Behavior\ContentReplaceBehavior [ RunTime:0.000000s ]
INFO: [ template_filter ] --END-- [ RunTime:0.000000s ]
INFO: Run Behavior\ParseTemplateBehavior [ RunTime:0.284017s ]
INFO: [ view_parse ] --END-- [ RunTime:0.285017s ]
INFO: [ view_filter ] --START--
INFO: Run Behavior\WriteHtmlCacheBehavior [ RunTime:0.021001s ]
INFO: [ view_filter ] --END-- [ RunTime:0.021001s ]
INFO: [ app_end ] --START--
INFO: Run Behavior\ShowPageTraceBehavior [ RunTime:0.002000s ]
INFO: [ app_end ] --END-- [ RunTime:0.002000s ]

[ 2016-09-08T14:10:32+08:00 ] ::1 /chinacountry/index.php/home/content/index/id/4.html
INFO: [ app_init ] --START--
INFO: Run Behavior\BuildLiteBehavior [ RunTime:0.000000s ]
INFO: [ app_init ] --END-- [ RunTime:0.002000s ]
INFO: [ app_begin ] --START--
INFO: Run Behavior\ReadHtmlCacheBehavior [ RunTime:0.001000s ]
INFO: [ app_begin ] --END-- [ RunTime:0.001000s ]
SQL: SHOW COLUMNS FROM `cc_video` [ RunTime:0.003000s ]
SQL: SELECT `id`,`title`,`date`,`video`,`file_url`,`introduce`,`thumbnail`,`column_id` FROM `cc_video` WHERE ( `id` = 4 )  [ RunTime:0.000000s ]
SQL: UPDATE `cc_video` SET `times`=times+1 WHERE ( `id` = 4 ) [ RunTime:0.597035s ]
SQL: SELECT `title` FROM `cc_video` WHERE ( `id` = 5 )  [ RunTime:0.000000s ]
SQL: SELECT `title` FROM `cc_video` WHERE ( `id` = 3 )  [ RunTime:0.000000s ]
SQL: SHOW COLUMNS FROM `cc_news` [ RunTime:0.003000s ]
SQL: SELECT `id`,`title`,`date` FROM `cc_news` ORDER BY id desc LIMIT 10   [ RunTime:0.001000s ]
SQL: SELECT `id`,`title`,`times`,`file_url` FROM `cc_video` WHERE ( `file_url` <> '' ) ORDER BY times desc LIMIT 5   [ RunTime:0.055003s ]
SQL: SHOW COLUMNS FROM `cc_column` [ RunTime:0.219013s ]
SQL: SELECT `name`,`url` FROM `cc_column` WHERE ( `id` = 1 )  [ RunTime:0.001000s ]
SQL: SHOW COLUMNS FROM `cc_site_information` [ RunTime:0.003000s ]
SQL: SELECT `title` FROM `cc_site_information`  [ RunTime:0.000000s ]
INFO: [ view_parse ] --START--
INFO: [ template_filter ] --START--
INFO: Run Behavior\ContentReplaceBehavior [ RunTime:0.000000s ]
INFO: [ template_filter ] --END-- [ RunTime:0.001000s ]
INFO: Run Behavior\ParseTemplateBehavior [ RunTime:0.107006s ]
INFO: [ view_parse ] --END-- [ RunTime:0.108006s ]
INFO: [ view_filter ] --START--
INFO: Run Behavior\WriteHtmlCacheBehavior [ RunTime:0.001000s ]
INFO: [ view_filter ] --END-- [ RunTime:0.001000s ]
INFO: [ app_end ] --START--
INFO: Run Behavior\ShowPageTraceBehavior [ RunTime:0.002000s ]
INFO: [ app_end ] --END-- [ RunTime:0.002000s ]

