[ 2016-09-09T11:11:34+08:00 ] ::1 /ChinaCountry/
INFO: [ app_init ] --START--
INFO: Run Behavior\BuildLiteBehavior [ RunTime:0.000000s ]
INFO: [ app_init ] --END-- [ RunTime:0.002500s ]
INFO: [ app_begin ] --START--
INFO: Run Behavior\ReadHtmlCacheBehavior [ RunTime:0.002500s ]
INFO: [ app_begin ] --END-- [ RunTime:0.002500s ]
SQL: SHOW COLUMNS FROM `cc_advertising` [ RunTime:0.187503s ]
SQL: SELECT `id`,`title`,`picture`,`hret` FROM `cc_advertising` LIMIT 3   [ RunTime:0.012500s ]
SQL: SHOW COLUMNS FROM `cc_video` [ RunTime:0.085001s ]
SQL: SELECT `id`,`title`,`date`,`thumbnail` FROM `cc_video` WHERE ( `column_id` = 1 ) LIMIT 3   [ RunTime:0.000000s ]
SQL: SELECT `id`,`title`,`date`,`thumbnail` FROM `cc_video` WHERE ( `column_id` = 2 ) LIMIT 6   [ RunTime:0.000000s ]
SQL: SHOW COLUMNS FROM `cc_news` [ RunTime:0.127502s ]
SQL: SELECT `id`,`title`,`date` FROM `cc_news` ORDER BY id desc LIMIT 10   [ RunTime:0.000000s ]
SQL: SHOW COLUMNS FROM `cc_site_information` [ RunTime:0.070001s ]
SQL: SELECT `title`,`keyword`,`description` FROM `cc_site_information`  [ RunTime:0.000000s ]
INFO: [ view_parse ] --START--
INFO: [ template_filter ] --START--
INFO: Run Behavior\ContentReplaceBehavior [ RunTime:0.000000s ]
INFO: [ template_filter ] --END-- [ RunTime:0.002500s ]
INFO: Run Behavior\ParseTemplateBehavior [ RunTime:0.265004s ]
INFO: [ view_parse ] --END-- [ RunTime:0.265004s ]
INFO: [ view_filter ] --START--
INFO: Run Behavior\WriteHtmlCacheBehavior [ RunTime:0.015000s ]
INFO: [ view_filter ] --END-- [ RunTime:0.017500s ]
INFO: [ app_end ] --START--
INFO: Run Behavior\ShowPageTraceBehavior [ RunTime:0.002500s ]
INFO: [ app_end ] --END-- [ RunTime:0.002500s ]

[ 2016-09-09T11:11:49+08:00 ] ::1 /chinacountry/index.php/home/introduce/index.html
INFO: [ app_init ] --START--
INFO: Run Behavior\BuildLiteBehavior [ RunTime:0.000000s ]
INFO: [ app_init ] --END-- [ RunTime:0.000000s ]
INFO: [ app_begin ] --START--
INFO: Run Behavior\ReadHtmlCacheBehavior [ RunTime:0.000000s ]
INFO: [ app_begin ] --END-- [ RunTime:0.000000s ]
SQL: SHOW COLUMNS FROM `cc_news` [ RunTime:0.007500s ]
SQL: SELECT `id`,`title`,`date` FROM `cc_news` ORDER BY id desc LIMIT 10   [ RunTime:0.000000s ]
SQL: SHOW COLUMNS FROM `cc_video` [ RunTime:0.007500s ]
SQL: SELECT `id`,`title`,`times`,`file_url` FROM `cc_video` WHERE ( `file_url` <> '' ) ORDER BY times desc LIMIT 5   [ RunTime:0.002500s ]
SQL: SHOW COLUMNS FROM `cc_site_information` [ RunTime:0.007500s ]
SQL: SELECT `title` FROM `cc_site_information`  [ RunTime:0.002500s ]
INFO: [ view_parse ] --START--
INFO: [ template_filter ] --START--
INFO: Run Behavior\ContentReplaceBehavior [ RunTime:0.002500s ]
INFO: [ template_filter ] --END-- [ RunTime:0.002500s ]
INFO: Run Behavior\ParseTemplateBehavior [ RunTime:0.117502s ]
INFO: [ view_parse ] --END-- [ RunTime:0.117502s ]
INFO: [ view_filter ] --START--
INFO: Run Behavior\WriteHtmlCacheBehavior [ RunTime:0.000000s ]
INFO: [ view_filter ] --END-- [ RunTime:0.002500s ]
INFO: [ app_end ] --START--
INFO: Run Behavior\ShowPageTraceBehavior [ RunTime:0.000000s ]
INFO: [ app_end ] --END-- [ RunTime:0.002500s ]

[ 2016-09-09T11:11:52+08:00 ] ::1 /chinacountry/index.php/home/foreshow/index.html
INFO: [ app_init ] --START--
INFO: Run Behavior\BuildLiteBehavior [ RunTime:0.000000s ]
INFO: [ app_init ] --END-- [ RunTime:0.001000s ]
INFO: [ app_begin ] --START--
INFO: Run Behavior\ReadHtmlCacheBehavior [ RunTime:0.001000s ]
INFO: [ app_begin ] --END-- [ RunTime:0.001000s ]
SQL: SHOW COLUMNS FROM `cc_video` [ RunTime:0.004000s ]
SQL: SELECT COUNT(*) AS tp_count FROM `cc_video` WHERE ( `column_id` = 1 ) LIMIT 1   [ RunTime:0.001000s ]
SQL: SELECT `id`,`title`,`date`,`thumbnail`,`introduce` FROM `cc_video` WHERE ( `column_id` = 1 ) ORDER BY id desc LIMIT 0,5   [ RunTime:0.001000s ]
SQL: SHOW COLUMNS FROM `cc_news` [ RunTime:0.003000s ]
SQL: SELECT `id`,`title`,`date` FROM `cc_news` ORDER BY id desc LIMIT 10   [ RunTime:0.001000s ]
SQL: SELECT `id`,`title`,`times`,`file_url` FROM `cc_video` WHERE ( `file_url` <> '' ) ORDER BY times desc LIMIT 5   [ RunTime:0.001000s ]
SQL: SHOW COLUMNS FROM `cc_site_information` [ RunTime:0.004000s ]
SQL: SELECT `title` FROM `cc_site_information`  [ RunTime:0.000000s ]
INFO: [ view_parse ] --START--
INFO: [ template_filter ] --START--
INFO: Run Behavior\ContentReplaceBehavior [ RunTime:0.000000s ]
INFO: [ template_filter ] --END-- [ RunTime:0.000000s ]
INFO: Run Behavior\ParseTemplateBehavior [ RunTime:0.058003s ]
INFO: [ view_parse ] --END-- [ RunTime:0.058003s ]
INFO: [ view_filter ] --START--
INFO: Run Behavior\WriteHtmlCacheBehavior [ RunTime:0.000000s ]
INFO: [ view_filter ] --END-- [ RunTime:0.002000s ]
INFO: [ app_end ] --START--
INFO: Run Behavior\ShowPageTraceBehavior [ RunTime:0.002001s ]
INFO: [ app_end ] --END-- [ RunTime:0.002001s ]

[ 2016-09-09T11:11:54+08:00 ] ::1 /chinacountry/index.php/home/retrospect/index.html
INFO: [ app_init ] --START--
INFO: Run Behavior\BuildLiteBehavior [ RunTime:0.001000s ]
INFO: [ app_init ] --END-- [ RunTime:0.001000s ]
INFO: [ app_begin ] --START--
INFO: Run Behavior\ReadHtmlCacheBehavior [ RunTime:0.001000s ]
INFO: [ app_begin ] --END-- [ RunTime:0.001000s ]
SQL: SHOW COLUMNS FROM `cc_video` [ RunTime:0.004000s ]
SQL: SELECT COUNT(*) AS tp_count FROM `cc_video` WHERE ( `column_id` = 2 ) LIMIT 1   [ RunTime:0.000000s ]
SQL: SELECT `id`,`title`,`date`,`thumbnail`,`introduce` FROM `cc_video` WHERE ( `column_id` = 2 ) ORDER BY id desc LIMIT 0,6   [ RunTime:0.001000s ]
SQL: SHOW COLUMNS FROM `cc_news` [ RunTime:0.004000s ]
SQL: SELECT `id`,`title`,`date` FROM `cc_news` ORDER BY id desc LIMIT 10   [ RunTime:0.001000s ]
SQL: SELECT `id`,`title`,`times`,`file_url` FROM `cc_video` WHERE ( `file_url` <> '' ) ORDER BY times desc LIMIT 5   [ RunTime:0.001000s ]
SQL: SHOW COLUMNS FROM `cc_site_information` [ RunTime:0.004001s ]
SQL: SELECT `title` FROM `cc_site_information`  [ RunTime:0.000000s ]
INFO: [ view_parse ] --START--
INFO: [ template_filter ] --START--
INFO: Run Behavior\ContentReplaceBehavior [ RunTime:0.001000s ]
INFO: [ template_filter ] --END-- [ RunTime:0.001000s ]
INFO: Run Behavior\ParseTemplateBehavior [ RunTime:0.127007s ]
INFO: [ view_parse ] --END-- [ RunTime:0.127007s ]
INFO: [ view_filter ] --START--
INFO: Run Behavior\WriteHtmlCacheBehavior [ RunTime:0.001000s ]
INFO: [ view_filter ] --END-- [ RunTime:0.003000s ]
INFO: [ app_end ] --START--
INFO: Run Behavior\ShowPageTraceBehavior [ RunTime:0.002000s ]
INFO: [ app_end ] --END-- [ RunTime:0.006001s ]

[ 2016-09-09T11:11:55+08:00 ] ::1 /chinacountry/index.php/home/dynamic/index.html
INFO: [ app_init ] --START--
INFO: Run Behavior\BuildLiteBehavior [ RunTime:0.000000s ]
INFO: [ app_init ] --END-- [ RunTime:0.001000s ]
INFO: [ app_begin ] --START--
INFO: Run Behavior\ReadHtmlCacheBehavior [ RunTime:0.001000s ]
INFO: [ app_begin ] --END-- [ RunTime:0.002000s ]
SQL: SHOW COLUMNS FROM `cc_news` [ RunTime:0.005000s ]
SQL: SELECT COUNT(*) AS tp_count FROM `cc_news` LIMIT 1   [ RunTime:0.001000s ]
NOTIC: [8] Undefined variable: where D:\wamp\www\ChinaCountry\ChinaCountry\Home\Controller\DynamicController.class.php 第 23 行.
SQL: SELECT `id`,`title`,`date` FROM `cc_news` ORDER BY id desc LIMIT 0,18   [ RunTime:0.001000s ]
SQL: SHOW COLUMNS FROM `cc_video` [ RunTime:0.006000s ]
SQL: SELECT `id`,`title`,`times`,`file_url` FROM `cc_video` WHERE ( `file_url` <> '' ) ORDER BY times desc LIMIT 5   [ RunTime:0.000000s ]
SQL: SHOW COLUMNS FROM `cc_site_information` [ RunTime:0.005000s ]
SQL: SELECT `title` FROM `cc_site_information`  [ RunTime:0.000000s ]
INFO: [ view_parse ] --START--
INFO: [ template_filter ] --START--
INFO: Run Behavior\ContentReplaceBehavior [ RunTime:0.000000s ]
INFO: [ template_filter ] --END-- [ RunTime:0.000000s ]
INFO: Run Behavior\ParseTemplateBehavior [ RunTime:0.054003s ]
INFO: [ view_parse ] --END-- [ RunTime:0.054003s ]
INFO: [ view_filter ] --START--
INFO: Run Behavior\WriteHtmlCacheBehavior [ RunTime:0.001000s ]
INFO: [ view_filter ] --END-- [ RunTime:0.001000s ]
INFO: [ app_end ] --START--
INFO: Run Behavior\ShowPageTraceBehavior [ RunTime:0.001000s ]
INFO: [ app_end ] --END-- [ RunTime:0.002000s ]

[ 2016-09-09T11:12:00+08:00 ] ::1 /chinacountry/index.php/home/group/index.html
INFO: [ app_init ] --START--
INFO: Run Behavior\BuildLiteBehavior [ RunTime:0.000000s ]
INFO: [ app_init ] --END-- [ RunTime:0.000000s ]
INFO: [ app_begin ] --START--
INFO: Run Behavior\ReadHtmlCacheBehavior [ RunTime:0.001000s ]
INFO: [ app_begin ] --END-- [ RunTime:0.002000s ]
SQL: SHOW COLUMNS FROM `cc_news` [ RunTime:0.004000s ]
SQL: SELECT `id`,`title`,`date` FROM `cc_news` ORDER BY id desc LIMIT 10   [ RunTime:0.000000s ]
SQL: SHOW COLUMNS FROM `cc_video` [ RunTime:0.005000s ]
SQL: SELECT `id`,`title`,`times`,`file_url` FROM `cc_video` WHERE ( `file_url` <> '' ) ORDER BY times desc LIMIT 5   [ RunTime:0.000000s ]
SQL: SHOW COLUMNS FROM `cc_site_information` [ RunTime:0.003000s ]
SQL: SELECT `title` FROM `cc_site_information`  [ RunTime:0.000000s ]
INFO: [ view_parse ] --START--
INFO: [ template_filter ] --START--
INFO: Run Behavior\ContentReplaceBehavior [ RunTime:0.000000s ]
INFO: [ template_filter ] --END-- [ RunTime:0.000000s ]
INFO: Run Behavior\ParseTemplateBehavior [ RunTime:0.055004s ]
INFO: [ view_parse ] --END-- [ RunTime:0.056004s ]
INFO: [ view_filter ] --START--
INFO: Run Behavior\WriteHtmlCacheBehavior [ RunTime:0.000000s ]
INFO: [ view_filter ] --END-- [ RunTime:0.002000s ]
INFO: [ app_end ] --START--
INFO: Run Behavior\ShowPageTraceBehavior [ RunTime:0.001000s ]
INFO: [ app_end ] --END-- [ RunTime:0.002000s ]

[ 2016-09-09T11:12:04+08:00 ] ::1 /chinacountry/index.php/home/dynamic/index.html
INFO: [ app_init ] --START--
INFO: Run Behavior\BuildLiteBehavior [ RunTime:0.000000s ]
INFO: [ app_init ] --END-- [ RunTime:0.001000s ]
INFO: [ app_begin ] --START--
INFO: Run Behavior\ReadHtmlCacheBehavior [ RunTime:0.001000s ]
INFO: [ app_begin ] --END-- [ RunTime:0.001000s ]
SQL: SHOW COLUMNS FROM `cc_news` [ RunTime:0.004000s ]
SQL: SELECT COUNT(*) AS tp_count FROM `cc_news` LIMIT 1   [ RunTime:0.001000s ]
NOTIC: [8] Undefined variable: where D:\wamp\www\ChinaCountry\ChinaCountry\Home\Controller\DynamicController.class.php 第 23 行.
SQL: SELECT `id`,`title`,`date` FROM `cc_news` ORDER BY id desc LIMIT 0,18   [ RunTime:0.001000s ]
SQL: SHOW COLUMNS FROM `cc_video` [ RunTime:0.006001s ]
SQL: SELECT `id`,`title`,`times`,`file_url` FROM `cc_video` WHERE ( `file_url` <> '' ) ORDER BY times desc LIMIT 5   [ RunTime:0.001000s ]
SQL: SHOW COLUMNS FROM `cc_site_information` [ RunTime:0.004000s ]
SQL: SELECT `title` FROM `cc_site_information`  [ RunTime:0.001000s ]
INFO: [ view_parse ] --START--
INFO: [ template_filter ] --START--
INFO: Run Behavior\ContentReplaceBehavior [ RunTime:0.001000s ]
INFO: [ template_filter ] --END-- [ RunTime:0.001000s ]
INFO: Run Behavior\ParseTemplateBehavior [ RunTime:0.042003s ]
INFO: [ view_parse ] --END-- [ RunTime:0.042003s ]
INFO: [ view_filter ] --START--
INFO: Run Behavior\WriteHtmlCacheBehavior [ RunTime:0.000000s ]
INFO: [ view_filter ] --END-- [ RunTime:0.001000s ]
INFO: [ app_end ] --START--
INFO: Run Behavior\ShowPageTraceBehavior [ RunTime:0.002000s ]
INFO: [ app_end ] --END-- [ RunTime:0.002000s ]

[ 2016-09-09T11:12:07+08:00 ] ::1 /chinacountry/index.php/home/index/index.html
INFO: [ app_init ] --START--
INFO: Run Behavior\BuildLiteBehavior [ RunTime:0.000000s ]
INFO: [ app_init ] --END-- [ RunTime:0.004000s ]
INFO: [ app_begin ] --START--
INFO: Run Behavior\ReadHtmlCacheBehavior [ RunTime:0.002000s ]
INFO: [ app_begin ] --END-- [ RunTime:0.002000s ]
SQL: SHOW COLUMNS FROM `cc_advertising` [ RunTime:0.004001s ]
SQL: SELECT `id`,`title`,`picture`,`hret` FROM `cc_advertising` LIMIT 3   [ RunTime:0.001000s ]
SQL: SHOW COLUMNS FROM `cc_video` [ RunTime:0.005000s ]
SQL: SELECT `id`,`title`,`date`,`thumbnail` FROM `cc_video` WHERE ( `column_id` = 1 ) LIMIT 3   [ RunTime:0.000000s ]
SQL: SELECT `id`,`title`,`date`,`thumbnail` FROM `cc_video` WHERE ( `column_id` = 2 ) LIMIT 6   [ RunTime:0.001000s ]
SQL: SHOW COLUMNS FROM `cc_news` [ RunTime:0.048003s ]
SQL: SHOW COLUMNS FROM `cc_site_information` [ RunTime:0.004000s ]
SQL: SELECT `title`,`keyword`,`description` FROM `cc_site_information`  [ RunTime:0.000000s ]
INFO: [ view_parse ] --START--
INFO: [ template_filter ] --START--
INFO: Run Behavior\ContentReplaceBehavior [ RunTime:0.001000s ]
INFO: [ template_filter ] --END-- [ RunTime:0.001000s ]
INFO: Run Behavior\ParseTemplateBehavior [ RunTime:0.063003s ]
INFO: [ view_parse ] --END-- [ RunTime:0.063003s ]
INFO: [ view_filter ] --START--
INFO: Run Behavior\WriteHtmlCacheBehavior [ RunTime:0.001000s ]
INFO: [ view_filter ] --END-- [ RunTime:0.001000s ]
INFO: [ app_end ] --START--
INFO: Run Behavior\ShowPageTraceBehavior [ RunTime:0.001000s ]
INFO: [ app_end ] --END-- [ RunTime:0.001000s ]

[ 2016-09-09T15:05:02+08:00 ] ::1 /ChinaCountry/
INFO: [ app_init ] --START--
INFO: Run Behavior\BuildLiteBehavior [ RunTime:0.000000s ]
INFO: [ app_init ] --END-- [ RunTime:0.001000s ]
INFO: [ app_begin ] --START--
INFO: Run Behavior\ReadHtmlCacheBehavior [ RunTime:0.034002s ]
INFO: [ app_begin ] --END-- [ RunTime:0.034002s ]
SQL: SHOW COLUMNS FROM `cc_advertising` [ RunTime:0.074005s ]
SQL: SELECT `id`,`title`,`picture`,`hret` FROM `cc_advertising` LIMIT 3   [ RunTime:0.012000s ]
SQL: SHOW COLUMNS FROM `cc_video` [ RunTime:0.003000s ]
SQL: SELECT `id`,`title`,`date`,`thumbnail` FROM `cc_video` WHERE ( `column_id` = 1 ) LIMIT 3   [ RunTime:0.112006s ]
SQL: SELECT `id`,`title`,`date`,`thumbnail` FROM `cc_video` WHERE ( `column_id` = 2 ) LIMIT 6   [ RunTime:0.000000s ]
SQL: SHOW COLUMNS FROM `cc_news` [ RunTime:0.004000s ]
SQL: SELECT `id`,`title`,`date` FROM `cc_news` ORDER BY id desc LIMIT 10   [ RunTime:0.048003s ]
SQL: SHOW COLUMNS FROM `cc_site_information` [ RunTime:0.032002s ]
SQL: SELECT `title`,`keyword`,`description` FROM `cc_site_information`  [ RunTime:0.030002s ]
INFO: [ view_parse ] --START--
INFO: [ template_filter ] --START--
INFO: Run Behavior\ContentReplaceBehavior [ RunTime:0.000000s ]
INFO: [ template_filter ] --END-- [ RunTime:0.000000s ]
INFO: Run Behavior\ParseTemplateBehavior [ RunTime:0.391022s ]
INFO: [ view_parse ] --END-- [ RunTime:0.391022s ]
INFO: [ view_filter ] --START--
INFO: Run Behavior\WriteHtmlCacheBehavior [ RunTime:0.022001s ]
INFO: [ view_filter ] --END-- [ RunTime:0.022001s ]
INFO: [ app_end ] --START--
INFO: Run Behavior\ShowPageTraceBehavior [ RunTime:0.002001s ]
INFO: [ app_end ] --END-- [ RunTime:0.002001s ]

[ 2016-09-09T15:05:27+08:00 ] ::1 /chinacountry/index.php/home/contact/index.html
INFO: [ app_init ] --START--
INFO: Run Behavior\BuildLiteBehavior [ RunTime:0.000000s ]
INFO: [ app_init ] --END-- [ RunTime:0.001000s ]
INFO: [ app_begin ] --START--
INFO: Run Behavior\ReadHtmlCacheBehavior [ RunTime:0.002001s ]
INFO: [ app_begin ] --END-- [ RunTime:0.002001s ]
SQL: SHOW COLUMNS FROM `cc_news` [ RunTime:0.003000s ]
SQL: SELECT `id`,`title`,`date` FROM `cc_news` ORDER BY id desc LIMIT 10   [ RunTime:0.001000s ]
SQL: SHOW COLUMNS FROM `cc_video` [ RunTime:0.003000s ]
SQL: SELECT `id`,`title`,`times`,`file_url` FROM `cc_video` WHERE ( `file_url` <> '' ) ORDER BY times desc LIMIT 5   [ RunTime:0.588034s ]
SQL: SHOW COLUMNS FROM `cc_site_information` [ RunTime:0.004000s ]
SQL: SELECT `title` FROM `cc_site_information`  [ RunTime:0.001000s ]
INFO: [ view_parse ] --START--
INFO: [ template_filter ] --START--
INFO: Run Behavior\ContentReplaceBehavior [ RunTime:0.000000s ]
INFO: [ template_filter ] --END-- [ RunTime:0.000000s ]
INFO: Run Behavior\ParseTemplateBehavior [ RunTime:0.126007s ]
INFO: [ view_parse ] --END-- [ RunTime:0.126007s ]
INFO: [ view_filter ] --START--
INFO: Run Behavior\WriteHtmlCacheBehavior [ RunTime:0.000000s ]
INFO: [ view_filter ] --END-- [ RunTime:0.001000s ]
INFO: [ app_end ] --START--
INFO: Run Behavior\ShowPageTraceBehavior [ RunTime:0.001000s ]
INFO: [ app_end ] --END-- [ RunTime:0.001000s ]

[ 2016-09-09T15:05:32+08:00 ] ::1 /chinacountry/index.php/home/index/index.html
INFO: [ app_init ] --START--
INFO: Run Behavior\BuildLiteBehavior [ RunTime:0.000000s ]
INFO: [ app_init ] --END-- [ RunTime:0.000000s ]
INFO: [ app_begin ] --START--
INFO: Run Behavior\ReadHtmlCacheBehavior [ RunTime:0.001000s ]
INFO: [ app_begin ] --END-- [ RunTime:0.001000s ]
SQL: SHOW COLUMNS FROM `cc_advertising` [ RunTime:0.003000s ]
SQL: SELECT `id`,`title`,`picture`,`hret` FROM `cc_advertising` LIMIT 3   [ RunTime:0.001000s ]
SQL: SHOW COLUMNS FROM `cc_video` [ RunTime:0.003000s ]
SQL: SELECT `id`,`title`,`date`,`thumbnail` FROM `cc_video` WHERE ( `column_id` = 1 ) LIMIT 3   [ RunTime:0.000000s ]
SQL: SELECT `id`,`title`,`date`,`thumbnail` FROM `cc_video` WHERE ( `column_id` = 2 ) LIMIT 6   [ RunTime:0.000000s ]
SQL: SHOW COLUMNS FROM `cc_news` [ RunTime:0.012001s ]
SQL: SHOW COLUMNS FROM `cc_site_information` [ RunTime:0.003000s ]
SQL: SELECT `title`,`keyword`,`description` FROM `cc_site_information`  [ RunTime:0.001000s ]
INFO: [ view_parse ] --START--
INFO: [ template_filter ] --START--
INFO: Run Behavior\ContentReplaceBehavior [ RunTime:0.000000s ]
INFO: [ template_filter ] --END-- [ RunTime:0.000000s ]
INFO: Run Behavior\ParseTemplateBehavior [ RunTime:0.042003s ]
INFO: [ view_parse ] --END-- [ RunTime:0.042003s ]
INFO: [ view_filter ] --START--
INFO: Run Behavior\WriteHtmlCacheBehavior [ RunTime:0.001000s ]
INFO: [ view_filter ] --END-- [ RunTime:0.001000s ]
INFO: [ app_end ] --START--
INFO: Run Behavior\ShowPageTraceBehavior [ RunTime:0.001000s ]
INFO: [ app_end ] --END-- [ RunTime:0.001000s ]

[ 2016-09-09T15:05:37+08:00 ] ::1 /chinacountry/index.php/home/introduce/index.html
INFO: [ app_init ] --START--
INFO: Run Behavior\BuildLiteBehavior [ RunTime:0.000000s ]
INFO: [ app_init ] --END-- [ RunTime:0.001000s ]
INFO: [ app_begin ] --START--
INFO: Run Behavior\ReadHtmlCacheBehavior [ RunTime:0.000000s ]
INFO: [ app_begin ] --END-- [ RunTime:0.001000s ]
SQL: SHOW COLUMNS FROM `cc_news` [ RunTime:0.003000s ]
SQL: SELECT `id`,`title`,`date` FROM `cc_news` ORDER BY id desc LIMIT 10   [ RunTime:0.000000s ]
SQL: SHOW COLUMNS FROM `cc_video` [ RunTime:0.003001s ]
SQL: SELECT `id`,`title`,`times`,`file_url` FROM `cc_video` WHERE ( `file_url` <> '' ) ORDER BY times desc LIMIT 5   [ RunTime:0.000000s ]
SQL: SHOW COLUMNS FROM `cc_site_information` [ RunTime:0.003000s ]
SQL: SELECT `title` FROM `cc_site_information`  [ RunTime:0.000000s ]
INFO: [ view_parse ] --START--
INFO: [ template_filter ] --START--
INFO: Run Behavior\ContentReplaceBehavior [ RunTime:0.000000s ]
INFO: [ template_filter ] --END-- [ RunTime:0.000000s ]
INFO: Run Behavior\ParseTemplateBehavior [ RunTime:0.046003s ]
INFO: [ view_parse ] --END-- [ RunTime:0.046003s ]
INFO: [ view_filter ] --START--
INFO: Run Behavior\WriteHtmlCacheBehavior [ RunTime:0.001000s ]
INFO: [ view_filter ] --END-- [ RunTime:0.001000s ]
INFO: [ app_end ] --START--
INFO: Run Behavior\ShowPageTraceBehavior [ RunTime:0.001000s ]
INFO: [ app_end ] --END-- [ RunTime:0.001000s ]

[ 2016-09-09T15:05:40+08:00 ] ::1 /chinacountry/index.php/home/content/newsdetails/id/2.html
INFO: [ app_init ] --START--
INFO: Run Behavior\BuildLiteBehavior [ RunTime:0.000000s ]
INFO: [ app_init ] --END-- [ RunTime:0.001000s ]
INFO: [ app_begin ] --START--
INFO: Run Behavior\ReadHtmlCacheBehavior [ RunTime:0.001000s ]
INFO: [ app_begin ] --END-- [ RunTime:0.001000s ]
SQL: SHOW COLUMNS FROM `cc_news` [ RunTime:0.003000s ]
SQL: SELECT `id`,`title`,`date`,`content` FROM `cc_news` WHERE ( `id` = 2 )  [ RunTime:0.088005s ]
SQL: SHOW COLUMNS FROM `cc_video` [ RunTime:0.006000s ]
SQL: UPDATE `cc_video` SET `times`=times+1 WHERE ( `id` = 2 ) [ RunTime:0.457027s ]
SQL: SELECT `id`,`title` FROM `cc_news` WHERE ( `id` = 3 )  [ RunTime:0.002000s ]
SQL: SELECT `id`,`title` FROM `cc_news` WHERE ( `id` = 1 )  [ RunTime:0.001000s ]
SQL: SELECT `id`,`title`,`date` FROM `cc_news` ORDER BY id desc LIMIT 10   [ RunTime:0.001000s ]
SQL: SELECT `id`,`title`,`times` FROM `cc_video` ORDER BY times desc LIMIT 5   [ RunTime:0.001000s ]
SQL: SHOW COLUMNS FROM `cc_site_information` [ RunTime:0.024002s ]
SQL: SELECT `title` FROM `cc_site_information`  [ RunTime:0.001000s ]
INFO: [ view_parse ] --START--
INFO: [ template_filter ] --START--
INFO: Run Behavior\ContentReplaceBehavior [ RunTime:0.000000s ]
INFO: [ template_filter ] --END-- [ RunTime:0.000000s ]
INFO: Run Behavior\ParseTemplateBehavior [ RunTime:0.094006s ]
INFO: [ view_parse ] --END-- [ RunTime:0.094006s ]
INFO: [ view_filter ] --START--
INFO: Run Behavior\WriteHtmlCacheBehavior [ RunTime:0.001000s ]
INFO: [ view_filter ] --END-- [ RunTime:0.001000s ]
INFO: [ app_end ] --START--
INFO: Run Behavior\ShowPageTraceBehavior [ RunTime:0.001000s ]
INFO: [ app_end ] --END-- [ RunTime:0.001000s ]

[ 2016-09-09T15:28:30+08:00 ] ::1 /chinacountry/index.php/home/content/index/id/5.html
INFO: [ app_init ] --START--
INFO: Run Behavior\BuildLiteBehavior [ RunTime:0.000000s ]
INFO: [ app_init ] --END-- [ RunTime:0.001000s ]
INFO: [ app_begin ] --START--
INFO: Run Behavior\ReadHtmlCacheBehavior [ RunTime:0.002000s ]
INFO: [ app_begin ] --END-- [ RunTime:0.002000s ]
SQL: SHOW COLUMNS FROM `cc_video` [ RunTime:0.003000s ]
SQL: SELECT `id`,`title`,`date`,`video`,`file_url`,`introduce`,`thumbnail`,`column_id` FROM `cc_video` WHERE ( `id` = 5 )  [ RunTime:0.000000s ]
SQL: UPDATE `cc_video` SET `times`=times+1 WHERE ( `id` = 5 ) [ RunTime:0.132008s ]
SQL: SELECT `title` FROM `cc_video` WHERE ( `id` = 6 )  [ RunTime:0.000000s ]
SQL: SELECT `title` FROM `cc_video` WHERE ( `id` = 4 )  [ RunTime:0.000000s ]
SQL: SHOW COLUMNS FROM `cc_news` [ RunTime:0.003000s ]
SQL: SELECT `id`,`title`,`date` FROM `cc_news` ORDER BY id desc LIMIT 10   [ RunTime:0.000000s ]
SQL: SELECT `id`,`title`,`times`,`file_url` FROM `cc_video` WHERE ( `file_url` <> '' ) ORDER BY times desc LIMIT 5   [ RunTime:0.000000s ]
SQL: SHOW COLUMNS FROM `cc_column` [ RunTime:0.582033s ]
SQL: SELECT `name`,`url` FROM `cc_column` WHERE ( `id` = 2 )  [ RunTime:0.001000s ]
SQL: SHOW COLUMNS FROM `cc_site_information` [ RunTime:0.004001s ]
SQL: SELECT `title` FROM `cc_site_information`  [ RunTime:0.001000s ]
INFO: [ view_parse ] --START--
INFO: [ template_filter ] --START--
INFO: Run Behavior\ContentReplaceBehavior [ RunTime:0.000000s ]
INFO: [ template_filter ] --END-- [ RunTime:0.001000s ]
INFO: Run Behavior\ParseTemplateBehavior [ RunTime:0.149008s ]
INFO: [ view_parse ] --END-- [ RunTime:0.149008s ]
INFO: [ view_filter ] --START--
INFO: Run Behavior\WriteHtmlCacheBehavior [ RunTime:0.001000s ]
INFO: [ view_filter ] --END-- [ RunTime:0.001000s ]
INFO: [ app_end ] --START--
INFO: Run Behavior\ShowPageTraceBehavior [ RunTime:0.002000s ]
INFO: [ app_end ] --END-- [ RunTime:0.003001s ]

