[ 2016-08-24T10:04:34+08:00 ] ::1 /ChinaCountry/
INFO: [ app_init ] --START--
INFO: Run Behavior\BuildLiteBehavior [ RunTime:0.000000s ]
INFO: [ app_init ] --END-- [ RunTime:0.003000s ]
INFO: [ app_begin ] --START--
INFO: Run Behavior\ReadHtmlCacheBehavior [ RunTime:0.003000s ]
INFO: [ app_begin ] --END-- [ RunTime:0.003000s ]
SQL: SHOW COLUMNS FROM `cc_advertising` [ RunTime:1.167066s ]
SQL: SELECT `id`,`title`,`picture`,`hret` FROM `cc_advertising` LIMIT 3   [ RunTime:0.000000s ]
SQL: SHOW COLUMNS FROM `cc_video` [ RunTime:0.344019s ]
SQL: SELECT `id`,`title`,`date`,`thumbnail` FROM `cc_video` WHERE ( `column_id` = 1 ) LIMIT 3   [ RunTime:0.001000s ]
SQL: SELECT `id`,`title`,`date`,`thumbnail` FROM `cc_video` WHERE ( `column_id` = 2 ) LIMIT 6   [ RunTime:0.000000s ]
SQL: SHOW COLUMNS FROM `cc_news` [ RunTime:0.259015s ]
SQL: SELECT `id`,`title`,`date` FROM `cc_news` ORDER BY id desc LIMIT 10   [ RunTime:0.001000s ]
INFO: [ view_parse ] --START--
INFO: [ template_filter ] --START--
INFO: Run Behavior\ContentReplaceBehavior [ RunTime:0.001000s ]
INFO: [ template_filter ] --END-- [ RunTime:0.001000s ]
INFO: Run Behavior\ParseTemplateBehavior [ RunTime:0.801046s ]
INFO: [ view_parse ] --END-- [ RunTime:0.802046s ]
INFO: [ view_filter ] --START--
INFO: Run Behavior\WriteHtmlCacheBehavior [ RunTime:0.033002s ]
INFO: [ view_filter ] --END-- [ RunTime:0.033002s ]
INFO: [ app_end ] --START--
INFO: Run Behavior\ShowPageTraceBehavior [ RunTime:0.022001s ]
INFO: [ app_end ] --END-- [ RunTime:0.022001s ]

[ 2016-08-24T10:04:38+08:00 ] ::1 /chinacountry/index.php/home/introduce/index.html
INFO: [ app_init ] --START--
INFO: Run Behavior\BuildLiteBehavior [ RunTime:0.000000s ]
INFO: [ app_init ] --END-- [ RunTime:0.000000s ]
INFO: [ app_begin ] --START--
INFO: Run Behavior\ReadHtmlCacheBehavior [ RunTime:0.001000s ]
INFO: [ app_begin ] --END-- [ RunTime:0.002000s ]
SQL: SHOW COLUMNS FROM `cc_news` [ RunTime:0.045003s ]
SQL: SELECT `id`,`title`,`date` FROM `cc_news` ORDER BY id desc LIMIT 10   [ RunTime:0.001000s ]
SQL: SHOW COLUMNS FROM `cc_video` [ RunTime:0.005000s ]
SQL: SELECT `id`,`title`,`times`,`file_url` FROM `cc_video` WHERE ( `file_url` <> '' ) ORDER BY times desc LIMIT 5   [ RunTime:0.038002s ]
INFO: [ view_parse ] --START--
INFO: [ template_filter ] --START--
INFO: Run Behavior\ContentReplaceBehavior [ RunTime:0.000000s ]
INFO: [ template_filter ] --END-- [ RunTime:0.000000s ]
INFO: Run Behavior\ParseTemplateBehavior [ RunTime:0.225013s ]
INFO: [ view_parse ] --END-- [ RunTime:0.225013s ]
INFO: [ view_filter ] --START--
INFO: Run Behavior\WriteHtmlCacheBehavior [ RunTime:0.001000s ]
INFO: [ view_filter ] --END-- [ RunTime:0.001000s ]
INFO: [ app_end ] --START--
INFO: Run Behavior\ShowPageTraceBehavior [ RunTime:0.001000s ]
INFO: [ app_end ] --END-- [ RunTime:0.001000s ]

[ 2016-08-24T10:04:44+08:00 ] ::1 /chinacountry/index.php/home/index/index.html
INFO: [ app_init ] --START--
INFO: Run Behavior\BuildLiteBehavior [ RunTime:0.000000s ]
INFO: [ app_init ] --END-- [ RunTime:0.001000s ]
INFO: [ app_begin ] --START--
INFO: Run Behavior\ReadHtmlCacheBehavior [ RunTime:0.001000s ]
INFO: [ app_begin ] --END-- [ RunTime:0.001000s ]
SQL: SHOW COLUMNS FROM `cc_advertising` [ RunTime:0.004000s ]
SQL: SELECT `id`,`title`,`picture`,`hret` FROM `cc_advertising` LIMIT 3   [ RunTime:0.000000s ]
SQL: SHOW COLUMNS FROM `cc_video` [ RunTime:0.004000s ]
SQL: SELECT `id`,`title`,`date`,`thumbnail` FROM `cc_video` WHERE ( `column_id` = 1 ) LIMIT 3   [ RunTime:0.000000s ]
SQL: SELECT `id`,`title`,`date`,`thumbnail` FROM `cc_video` WHERE ( `column_id` = 2 ) LIMIT 6   [ RunTime:0.000000s ]
SQL: SHOW COLUMNS FROM `cc_news` [ RunTime:0.004000s ]
INFO: [ view_parse ] --START--
INFO: [ template_filter ] --START--
INFO: Run Behavior\ContentReplaceBehavior [ RunTime:0.001000s ]
INFO: [ template_filter ] --END-- [ RunTime:0.001000s ]
INFO: Run Behavior\ParseTemplateBehavior [ RunTime:0.047002s ]
INFO: [ view_parse ] --END-- [ RunTime:0.047002s ]
INFO: [ view_filter ] --START--
INFO: Run Behavior\WriteHtmlCacheBehavior [ RunTime:0.001000s ]
INFO: [ view_filter ] --END-- [ RunTime:0.001000s ]
INFO: [ app_end ] --START--
INFO: Run Behavior\ShowPageTraceBehavior [ RunTime:0.001000s ]
INFO: [ app_end ] --END-- [ RunTime:0.001000s ]

[ 2016-08-24T10:04:48+08:00 ] ::1 /chinacountry/index.php/home/introduce/index.html
INFO: [ app_init ] --START--
INFO: Run Behavior\BuildLiteBehavior [ RunTime:0.000000s ]
INFO: [ app_init ] --END-- [ RunTime:0.001000s ]
INFO: [ app_begin ] --START--
INFO: Run Behavior\ReadHtmlCacheBehavior [ RunTime:0.001000s ]
INFO: [ app_begin ] --END-- [ RunTime:0.001000s ]
SQL: SHOW COLUMNS FROM `cc_news` [ RunTime:0.010000s ]
SQL: SELECT `id`,`title`,`date` FROM `cc_news` ORDER BY id desc LIMIT 10   [ RunTime:0.001000s ]
SQL: SHOW COLUMNS FROM `cc_video` [ RunTime:0.010001s ]
SQL: SELECT `id`,`title`,`times`,`file_url` FROM `cc_video` WHERE ( `file_url` <> '' ) ORDER BY times desc LIMIT 5   [ RunTime:0.001000s ]
INFO: [ view_parse ] --START--
INFO: [ template_filter ] --START--
INFO: Run Behavior\ContentReplaceBehavior [ RunTime:0.000000s ]
INFO: [ template_filter ] --END-- [ RunTime:0.000000s ]
INFO: Run Behavior\ParseTemplateBehavior [ RunTime:0.038003s ]
INFO: [ view_parse ] --END-- [ RunTime:0.038003s ]
INFO: [ view_filter ] --START--
INFO: Run Behavior\WriteHtmlCacheBehavior [ RunTime:0.000000s ]
INFO: [ view_filter ] --END-- [ RunTime:0.002000s ]
INFO: [ app_end ] --START--
INFO: Run Behavior\ShowPageTraceBehavior [ RunTime:0.001000s ]
INFO: [ app_end ] --END-- [ RunTime:0.001000s ]

[ 2016-08-24T10:07:46+08:00 ] ::1 /ChinaCountry/
INFO: [ app_init ] --START--
INFO: Run Behavior\BuildLiteBehavior [ RunTime:0.000000s ]
INFO: [ app_init ] --END-- [ RunTime:0.001000s ]
INFO: [ app_begin ] --START--
INFO: Run Behavior\ReadHtmlCacheBehavior [ RunTime:0.001000s ]
INFO: [ app_begin ] --END-- [ RunTime:0.001000s ]
SQL: SHOW COLUMNS FROM `cc_advertising` [ RunTime:0.003000s ]
SQL: SELECT `id`,`title`,`picture`,`hret` FROM `cc_advertising` LIMIT 3   [ RunTime:0.000000s ]
SQL: SHOW COLUMNS FROM `cc_video` [ RunTime:0.003000s ]
SQL: SELECT `id`,`title`,`date`,`thumbnail` FROM `cc_video` WHERE ( `column_id` = 1 ) LIMIT 3   [ RunTime:0.000000s ]
SQL: SELECT `id`,`title`,`date`,`thumbnail` FROM `cc_video` WHERE ( `column_id` = 2 ) LIMIT 6   [ RunTime:0.001000s ]
SQL: SHOW COLUMNS FROM `cc_news` [ RunTime:0.003000s ]
SQL: SELECT `id`,`title`,`date` FROM `cc_news` ORDER BY id desc LIMIT 10   [ RunTime:0.000000s ]
INFO: [ view_parse ] --START--
INFO: [ template_filter ] --START--
INFO: Run Behavior\ContentReplaceBehavior [ RunTime:0.000000s ]
INFO: [ template_filter ] --END-- [ RunTime:0.000000s ]
INFO: Run Behavior\ParseTemplateBehavior [ RunTime:0.049003s ]
INFO: [ view_parse ] --END-- [ RunTime:0.049003s ]
INFO: [ view_filter ] --START--
INFO: Run Behavior\WriteHtmlCacheBehavior [ RunTime:0.000000s ]
INFO: [ view_filter ] --END-- [ RunTime:0.001000s ]
INFO: [ app_end ] --START--
INFO: Run Behavior\ShowPageTraceBehavior [ RunTime:0.000000s ]
INFO: [ app_end ] --END-- [ RunTime:0.002000s ]

[ 2016-08-24T10:07:51+08:00 ] ::1 /ChinaCountry/index.php/admin
ERR: Cron:测试定时任务1 Runat 2016-08-24 10:07:51 Use 0.815046 s 

[ 2016-08-24T10:07:51+08:00 ] ::1 /ChinaCountry/index.php/admin
INFO: [ app_init ] --START--
INFO: Run Behavior\BuildLiteBehavior [ RunTime:0.000000s ]
INFO: [ app_init ] --END-- [ RunTime:0.001000s ]

[ 2016-08-24T10:08:25+08:00 ] ::1 /ChinaCountry/index.php/admin
INFO: [ app_init ] --START--
INFO: Run Behavior\BuildLiteBehavior [ RunTime:0.000000s ]
INFO: [ app_init ] --END-- [ RunTime:0.001001s ]

[ 2016-08-24T10:20:42+08:00 ] ::1 /ChinaCountry/index.php/admin
INFO: [ app_init ] --START--
INFO: Run Behavior\BuildLiteBehavior [ RunTime:0.000000s ]
INFO: [ app_init ] --END-- [ RunTime:0.000000s ]

[ 2016-08-24T10:20:59+08:00 ] ::1 /ChinaCountry/index.php/admin
INFO: [ app_init ] --START--
INFO: Run Behavior\BuildLiteBehavior [ RunTime:0.000000s ]
INFO: [ app_init ] --END-- [ RunTime:0.001000s ]

[ 2016-08-24T10:21:53+08:00 ] ::1 /ChinaCountry/index.php/admin
INFO: [ app_init ] --START--
INFO: Run Behavior\BuildLiteBehavior [ RunTime:0.000000s ]
INFO: [ app_init ] --END-- [ RunTime:0.001000s ]

[ 2016-08-24T10:22:34+08:00 ] ::1 /ChinaCountry/index.php/admin
INFO: [ app_init ] --START--
INFO: Run Behavior\BuildLiteBehavior [ RunTime:0.000000s ]
INFO: [ app_init ] --END-- [ RunTime:0.001000s ]

[ 2016-08-24T11:00:47+08:00 ] ::1 /ChinaCountry/index.php/admin
INFO: [ app_init ] --START--
INFO: Run Behavior\BuildLiteBehavior [ RunTime:0.000000s ]
INFO: [ app_init ] --END-- [ RunTime:0.001000s ]

[ 2016-08-24T11:00:49+08:00 ] ::1 /chinacountry/index.php/admin/bak/site.html
INFO: [ app_init ] --START--
INFO: Run Behavior\BuildLiteBehavior [ RunTime:0.000000s ]
INFO: [ app_init ] --END-- [ RunTime:0.001000s ]
ERR: 非法操作:site

[ 2016-08-24T11:04:28+08:00 ] ::1 /ChinaCountry/index.php/admin
INFO: [ app_init ] --START--
INFO: Run Behavior\BuildLiteBehavior [ RunTime:0.000000s ]
INFO: [ app_init ] --END-- [ RunTime:0.001000s ]

[ 2016-08-24T11:04:30+08:00 ] ::1 /chinacountry/index.php/admin/settings/site.html
INFO: [ app_init ] --START--
INFO: Run Behavior\BuildLiteBehavior [ RunTime:0.000000s ]
INFO: [ app_init ] --END-- [ RunTime:0.001000s ]
ERR: 模板不存在:./ChinaCountry/Admin/View/Settings/site.tpl

[ 2016-08-24T11:05:05+08:00 ] ::1 /chinacountry/index.php/admin/settings/site.html
INFO: [ app_init ] --START--
INFO: Run Behavior\BuildLiteBehavior [ RunTime:0.000000s ]
INFO: [ app_init ] --END-- [ RunTime:0.000000s ]

[ 2016-08-24T11:08:00+08:00 ] ::1 /chinacountry/index.php/admin/role/index.html
INFO: [ app_init ] --START--
INFO: Run Behavior\BuildLiteBehavior [ RunTime:0.000000s ]
INFO: [ app_init ] --END-- [ RunTime:0.000000s ]

[ 2016-08-24T13:08:36+08:00 ] ::1 /chinacountry/index.php/admin/column/index.html
INFO: [ app_init ] --START--
INFO: Run Behavior\BuildLiteBehavior [ RunTime:0.001000s ]
INFO: [ app_init ] --END-- [ RunTime:0.001000s ]

[ 2016-08-24T13:08:40+08:00 ] ::1 /chinacountry/index.php/admin/auth/index.html
INFO: [ app_init ] --START--
INFO: Run Behavior\BuildLiteBehavior [ RunTime:0.000000s ]
INFO: [ app_init ] --END-- [ RunTime:0.001000s ]

[ 2016-08-24T13:08:45+08:00 ] ::1 /chinacountry/index.php/admin/role/index.html
INFO: [ app_init ] --START--
INFO: Run Behavior\BuildLiteBehavior [ RunTime:0.000000s ]
INFO: [ app_init ] --END-- [ RunTime:0.000000s ]

[ 2016-08-24T13:08:47+08:00 ] ::1 /chinacountry/index.php/admin/news/index.html
INFO: [ app_init ] --START--
INFO: Run Behavior\BuildLiteBehavior [ RunTime:0.000000s ]
INFO: [ app_init ] --END-- [ RunTime:0.001000s ]

[ 2016-08-24T13:08:49+08:00 ] ::1 /chinacountry/index.php/admin/news/add.html
INFO: [ app_init ] --START--
INFO: Run Behavior\BuildLiteBehavior [ RunTime:0.000000s ]
INFO: [ app_init ] --END-- [ RunTime:0.001000s ]

[ 2016-08-24T13:29:32+08:00 ] ::1 /chinacountry/index.php/admin/settings/site.html
INFO: [ app_init ] --START--
INFO: Run Behavior\BuildLiteBehavior [ RunTime:0.000000s ]
INFO: [ app_init ] --END-- [ RunTime:0.001000s ]

[ 2016-08-24T13:33:58+08:00 ] ::1 /chinacountry/index.php/admin/column/index.html
INFO: [ app_init ] --START--
INFO: Run Behavior\BuildLiteBehavior [ RunTime:0.000000s ]
INFO: [ app_init ] --END-- [ RunTime:0.001000s ]

[ 2016-08-24T13:34:42+08:00 ] ::1 /chinacountry/index.php/admin/settings/site.html
INFO: [ app_init ] --START--
INFO: Run Behavior\BuildLiteBehavior [ RunTime:0.000000s ]
INFO: [ app_init ] --END-- [ RunTime:0.001000s ]

[ 2016-08-24T13:34:43+08:00 ] ::1 /chinacountry/index.php/admin/settings/site.html
INFO: [ app_init ] --START--
INFO: Run Behavior\BuildLiteBehavior [ RunTime:0.000000s ]
INFO: [ app_init ] --END-- [ RunTime:0.001000s ]

[ 2016-08-24T13:42:47+08:00 ] ::1 /chinacountry/index.php/admin/settings/site.html
INFO: [ app_init ] --START--
INFO: Run Behavior\BuildLiteBehavior [ RunTime:0.000000s ]
INFO: [ app_init ] --END-- [ RunTime:0.000000s ]

[ 2016-08-24T13:45:34+08:00 ] ::1 /chinacountry/index.php/admin/settings/site.html
INFO: [ app_init ] --START--
INFO: Run Behavior\BuildLiteBehavior [ RunTime:0.000000s ]
INFO: [ app_init ] --END-- [ RunTime:0.001000s ]

[ 2016-08-24T13:47:04+08:00 ] ::1 /chinacountry/index.php/admin/settings/site.html
INFO: [ app_init ] --START--
INFO: Run Behavior\BuildLiteBehavior [ RunTime:0.000000s ]
INFO: [ app_init ] --END-- [ RunTime:0.002000s ]

[ 2016-08-24T13:47:06+08:00 ] ::1 /chinacountry/index.php/admin/settings/site.html
INFO: [ app_init ] --START--
INFO: Run Behavior\BuildLiteBehavior [ RunTime:0.000000s ]
INFO: [ app_init ] --END-- [ RunTime:0.001000s ]

[ 2016-08-24T13:47:26+08:00 ] ::1 /chinacountry/index.php/admin/settings/site.html
INFO: [ app_init ] --START--
INFO: Run Behavior\BuildLiteBehavior [ RunTime:0.000000s ]
INFO: [ app_init ] --END-- [ RunTime:0.001000s ]

[ 2016-08-24T13:49:40+08:00 ] ::1 /chinacountry/index.php/admin/settings/site.html
INFO: [ app_init ] --START--
INFO: Run Behavior\BuildLiteBehavior [ RunTime:0.000000s ]
INFO: [ app_init ] --END-- [ RunTime:0.001000s ]

[ 2016-08-24T13:49:46+08:00 ] ::1 /chinacountry/index.php/admin/settings/site.html
INFO: [ app_init ] --START--
INFO: Run Behavior\BuildLiteBehavior [ RunTime:0.000000s ]
INFO: [ app_init ] --END-- [ RunTime:0.001000s ]

[ 2016-08-24T13:50:20+08:00 ] ::1 /chinacountry/index.php/admin/settings/index/id/1.html
INFO: [ app_init ] --START--
INFO: Run Behavior\BuildLiteBehavior [ RunTime:0.000000s ]
INFO: [ app_init ] --END-- [ RunTime:0.001000s ]
ERR: 非法操作:index

[ 2016-08-24T13:52:10+08:00 ] ::1 /chinacountry/index.php/admin/settings/site.html
INFO: [ app_init ] --START--
INFO: Run Behavior\BuildLiteBehavior [ RunTime:0.000000s ]
INFO: [ app_init ] --END-- [ RunTime:0.001000s ]

[ 2016-08-24T13:52:12+08:00 ] ::1 /chinacountry/index.php/admin/settings/edit/id/1.html
INFO: [ app_init ] --START--
INFO: Run Behavior\BuildLiteBehavior [ RunTime:0.000000s ]
INFO: [ app_init ] --END-- [ RunTime:0.001000s ]
ERR: 非法操作:edit

[ 2016-08-24T13:52:40+08:00 ] ::1 /chinacountry/index.php/admin/settings/edit/id/1.html
INFO: [ app_init ] --START--
INFO: Run Behavior\BuildLiteBehavior [ RunTime:0.001000s ]
INFO: [ app_init ] --END-- [ RunTime:0.001000s ]
ERR: 模板不存在:./ChinaCountry/Admin/View/Settings/edit.tpl

[ 2016-08-24T13:53:16+08:00 ] ::1 /chinacountry/index.php/admin/settings/edit/id/1.html
INFO: [ app_init ] --START--
INFO: Run Behavior\BuildLiteBehavior [ RunTime:0.000000s ]
INFO: [ app_init ] --END-- [ RunTime:0.001000s ]

[ 2016-08-24T13:56:04+08:00 ] ::1 /chinacountry/index.php/admin/auth/add.html
INFO: [ app_init ] --START--
INFO: Run Behavior\BuildLiteBehavior [ RunTime:0.000000s ]
INFO: [ app_init ] --END-- [ RunTime:0.001000s ]

[ 2016-08-24T13:59:01+08:00 ] ::1 /chinacountry/index.php/admin/user/index.html
INFO: [ app_init ] --START--
INFO: Run Behavior\BuildLiteBehavior [ RunTime:0.000000s ]
INFO: [ app_init ] --END-- [ RunTime:0.001000s ]

[ 2016-08-24T14:09:20+08:00 ] ::1 /chinacountry/index.php/admin/settings/site.html
INFO: [ app_init ] --START--
INFO: Run Behavior\BuildLiteBehavior [ RunTime:0.000000s ]
INFO: [ app_init ] --END-- [ RunTime:0.001001s ]

[ 2016-08-24T14:09:23+08:00 ] ::1 /chinacountry/index.php/admin/settings/edit/id/1.html
INFO: [ app_init ] --START--
INFO: Run Behavior\BuildLiteBehavior [ RunTime:0.000000s ]
INFO: [ app_init ] --END-- [ RunTime:0.000000s ]

[ 2016-08-24T14:12:26+08:00 ] ::1 /chinacountry/index.php/admin/user/add.html
INFO: [ app_init ] --START--
INFO: Run Behavior\BuildLiteBehavior [ RunTime:0.000000s ]
INFO: [ app_init ] --END-- [ RunTime:0.001000s ]

[ 2016-08-24T14:16:04+08:00 ] ::1 /chinacountry/index.php/admin/settings/site.html
INFO: [ app_init ] --START--
INFO: Run Behavior\BuildLiteBehavior [ RunTime:0.000000s ]
INFO: [ app_init ] --END-- [ RunTime:0.001000s ]

[ 2016-08-24T14:16:06+08:00 ] ::1 /chinacountry/index.php/admin/settings/edit/id/1.html
INFO: [ app_init ] --START--
INFO: Run Behavior\BuildLiteBehavior [ RunTime:0.000000s ]
INFO: [ app_init ] --END-- [ RunTime:0.001000s ]

[ 2016-08-24T14:16:52+08:00 ] ::1 /chinacountry/index.php/admin/settings/edit/id/1.html
INFO: [ app_init ] --START--
INFO: Run Behavior\BuildLiteBehavior [ RunTime:0.000000s ]
INFO: [ app_init ] --END-- [ RunTime:0.000000s ]

[ 2016-08-24T14:16:59+08:00 ] ::1 /chinacountry/index.php/admin/settings/site.html
INFO: [ app_init ] --START--
INFO: Run Behavior\BuildLiteBehavior [ RunTime:0.000000s ]
INFO: [ app_init ] --END-- [ RunTime:0.002000s ]

[ 2016-08-24T14:20:42+08:00 ] ::1 /chinacountry/index.php/admin/settings/site.html
INFO: [ app_init ] --START--
INFO: Run Behavior\BuildLiteBehavior [ RunTime:0.000000s ]
INFO: [ app_init ] --END-- [ RunTime:0.001000s ]

[ 2016-08-24T14:20:44+08:00 ] ::1 /chinacountry/index.php/admin/settings/edit/id/1.html
INFO: [ app_init ] --START--
INFO: Run Behavior\BuildLiteBehavior [ RunTime:0.000000s ]
INFO: [ app_init ] --END-- [ RunTime:0.001000s ]

[ 2016-08-24T14:21:19+08:00 ] ::1 /chinacountry/index.php/admin/settings/edit/id/1.html
INFO: [ app_init ] --START--
INFO: Run Behavior\BuildLiteBehavior [ RunTime:0.000000s ]
INFO: [ app_init ] --END-- [ RunTime:0.001000s ]

[ 2016-08-24T14:22:04+08:00 ] ::1 /chinacountry/index.php/admin/settings/edit/id/1.html
INFO: [ app_init ] --START--
INFO: Run Behavior\BuildLiteBehavior [ RunTime:0.000000s ]
INFO: [ app_init ] --END-- [ RunTime:0.001000s ]

[ 2016-08-24T14:23:55+08:00 ] ::1 /chinacountry/index.php/admin/settings/edit/id/1.html
INFO: [ app_init ] --START--
INFO: Run Behavior\BuildLiteBehavior [ RunTime:0.000000s ]
INFO: [ app_init ] --END-- [ RunTime:0.001000s ]

[ 2016-08-24T14:24:52+08:00 ] ::1 /chinacountry/index.php/admin/settings/edit/id/1.html
INFO: [ app_init ] --START--
INFO: Run Behavior\BuildLiteBehavior [ RunTime:0.000000s ]
INFO: [ app_init ] --END-- [ RunTime:0.001000s ]

[ 2016-08-24T14:29:37+08:00 ] ::1 /chinacountry/index.php/admin/settings/edit/id/1.html
INFO: [ app_init ] --START--
INFO: Run Behavior\BuildLiteBehavior [ RunTime:0.000000s ]
INFO: [ app_init ] --END-- [ RunTime:0.001001s ]

[ 2016-08-24T14:29:43+08:00 ] ::1 /chinacountry/index.php/admin/settings/edit/id/1.html
INFO: [ app_init ] --START--
INFO: Run Behavior\BuildLiteBehavior [ RunTime:0.000000s ]
INFO: [ app_init ] --END-- [ RunTime:0.000000s ]

[ 2016-08-24T14:30:00+08:00 ] ::1 /chinacountry/index.php/admin/settings/edit/id/1.html
INFO: [ app_init ] --START--
INFO: Run Behavior\BuildLiteBehavior [ RunTime:0.001000s ]
INFO: [ app_init ] --END-- [ RunTime:0.002000s ]

[ 2016-08-24T14:30:11+08:00 ] ::1 /chinacountry/index.php/admin/settings/edit/id/1.html
INFO: [ app_init ] --START--
INFO: Run Behavior\BuildLiteBehavior [ RunTime:0.000000s ]
INFO: [ app_init ] --END-- [ RunTime:0.001000s ]

[ 2016-08-24T14:34:11+08:00 ] ::1 /chinacountry/index.php/admin/settings/edit/id/1.html
INFO: [ app_init ] --START--
INFO: Run Behavior\BuildLiteBehavior [ RunTime:0.000000s ]
INFO: [ app_init ] --END-- [ RunTime:0.001000s ]

[ 2016-08-24T14:34:12+08:00 ] ::1 /chinacountry/index.php/admin/settings/edit/id/1.html
INFO: [ app_init ] --START--
INFO: Run Behavior\BuildLiteBehavior [ RunTime:0.000000s ]
INFO: [ app_init ] --END-- [ RunTime:0.002000s ]

[ 2016-08-24T14:39:43+08:00 ] ::1 /chinacountry/index.php/admin/settings/edit/id/1.html
INFO: [ app_init ] --START--
INFO: Run Behavior\BuildLiteBehavior [ RunTime:0.000000s ]
INFO: [ app_init ] --END-- [ RunTime:0.000000s ]

[ 2016-08-24T14:40:00+08:00 ] ::1 /chinacountry/index.php/admin/settings/edit/id/1.html
INFO: [ app_init ] --START--
INFO: Run Behavior\BuildLiteBehavior [ RunTime:0.000000s ]
INFO: [ app_init ] --END-- [ RunTime:0.000000s ]

[ 2016-08-24T14:43:20+08:00 ] ::1 /chinacountry/index.php/admin/settings/edit/id/1.html
INFO: [ app_init ] --START--
INFO: Run Behavior\BuildLiteBehavior [ RunTime:0.000000s ]
INFO: [ app_init ] --END-- [ RunTime:0.001000s ]

[ 2016-08-24T14:45:23+08:00 ] ::1 /chinacountry/index.php/admin/settings/edit/id/1.html
INFO: [ app_init ] --START--
INFO: Run Behavior\BuildLiteBehavior [ RunTime:0.000000s ]
INFO: [ app_init ] --END-- [ RunTime:0.001000s ]

[ 2016-08-24T14:45:23+08:00 ] ::1 /chinacountry/index.php/admin/settings/edit/id/1.html
INFO: [ app_init ] --START--
INFO: Run Behavior\BuildLiteBehavior [ RunTime:0.000000s ]
INFO: [ app_init ] --END-- [ RunTime:0.000000s ]

[ 2016-08-24T14:45:33+08:00 ] ::1 /chinacountry/index.php/admin/settings/edit/id/1.html
INFO: [ app_init ] --START--
INFO: Run Behavior\BuildLiteBehavior [ RunTime:0.000000s ]
INFO: [ app_init ] --END-- [ RunTime:0.001000s ]

[ 2016-08-24T14:47:04+08:00 ] ::1 /chinacountry/index.php/admin/settings/edit/id/1.html
INFO: [ app_init ] --START--
INFO: Run Behavior\BuildLiteBehavior [ RunTime:0.000000s ]
INFO: [ app_init ] --END-- [ RunTime:0.001000s ]

[ 2016-08-24T14:47:39+08:00 ] ::1 /chinacountry/index.php/admin/settings/edit/id/1.html
INFO: [ app_init ] --START--
INFO: Run Behavior\BuildLiteBehavior [ RunTime:0.000000s ]
INFO: [ app_init ] --END-- [ RunTime:0.001001s ]

[ 2016-08-24T15:05:54+08:00 ] ::1 /chinacountry/index.php/admin/settings/edit/id/1.html
INFO: [ app_init ] --START--
INFO: Run Behavior\BuildLiteBehavior [ RunTime:0.000000s ]
INFO: [ app_init ] --END-- [ RunTime:0.001000s ]

[ 2016-08-24T15:05:58+08:00 ] ::1 /chinacountry/index.php/admin/settings/edit/id/1.html
INFO: [ app_init ] --START--
INFO: Run Behavior\BuildLiteBehavior [ RunTime:0.000000s ]
INFO: [ app_init ] --END-- [ RunTime:0.001000s ]

[ 2016-08-24T15:07:43+08:00 ] ::1 /chinacountry/index.php/Admin/Settings/Update
INFO: [ app_init ] --START--
INFO: Run Behavior\BuildLiteBehavior [ RunTime:0.000000s ]
INFO: [ app_init ] --END-- [ RunTime:0.001000s ]
ERR: 模板不存在:./ChinaCountry/Admin/View/Settings/Update.tpl

[ 2016-08-24T15:08:24+08:00 ] ::1 /chinacountry/index.php/Admin/Settings/Update
INFO: [ app_init ] --START--
INFO: Run Behavior\BuildLiteBehavior [ RunTime:0.000000s ]
INFO: [ app_init ] --END-- [ RunTime:0.004000s ]
ERR: 模板不存在:./ChinaCountry/Admin/View/Settings/Update.tpl

[ 2016-08-24T15:08:27+08:00 ] ::1 /chinacountry/index.php/Admin/Settings/Update
INFO: [ app_init ] --START--
INFO: Run Behavior\BuildLiteBehavior [ RunTime:0.000000s ]
INFO: [ app_init ] --END-- [ RunTime:0.001000s ]
ERR: 模板不存在:./ChinaCountry/Admin/View/Settings/Update.tpl

[ 2016-08-24T15:08:29+08:00 ] ::1 /chinacountry/index.php/admin/settings/edit/id/1.html
INFO: [ app_init ] --START--
INFO: Run Behavior\BuildLiteBehavior [ RunTime:0.000000s ]
INFO: [ app_init ] --END-- [ RunTime:0.001000s ]

[ 2016-08-24T15:08:30+08:00 ] ::1 /chinacountry/index.php/admin/settings/update.html
INFO: [ app_init ] --START--
INFO: Run Behavior\BuildLiteBehavior [ RunTime:0.000000s ]
INFO: [ app_init ] --END-- [ RunTime:0.001000s ]
ERR: 模板不存在:./ChinaCountry/Admin/View/Settings/update.tpl

[ 2016-08-24T15:08:37+08:00 ] ::1 /chinacountry/index.php/admin/settings/update.html
INFO: [ app_init ] --START--
INFO: Run Behavior\BuildLiteBehavior [ RunTime:0.000000s ]
INFO: [ app_init ] --END-- [ RunTime:0.001000s ]
ERR: 模板不存在:./ChinaCountry/Admin/View/Settings/update.tpl

[ 2016-08-24T15:09:25+08:00 ] ::1 /chinacountry/index.php/admin/settings/update.html
INFO: [ app_init ] --START--
INFO: Run Behavior\BuildLiteBehavior [ RunTime:0.000000s ]
INFO: [ app_init ] --END-- [ RunTime:0.000000s ]

[ 2016-08-24T15:14:54+08:00 ] ::1 /chinacountry/index.php/admin/settings/update.html
INFO: [ app_init ] --START--
INFO: Run Behavior\BuildLiteBehavior [ RunTime:0.000000s ]
INFO: [ app_init ] --END-- [ RunTime:0.001000s ]

[ 2016-08-24T15:14:58+08:00 ] ::1 /chinacountry/index.php/admin/news/index.html
INFO: [ app_init ] --START--
INFO: Run Behavior\BuildLiteBehavior [ RunTime:0.000000s ]
INFO: [ app_init ] --END-- [ RunTime:0.001000s ]

[ 2016-08-24T15:15:25+08:00 ] ::1 /chinacountry/index.php/admin/settings/site.html
INFO: [ app_init ] --START--
INFO: Run Behavior\BuildLiteBehavior [ RunTime:0.000000s ]
INFO: [ app_init ] --END-- [ RunTime:0.001001s ]

[ 2016-08-24T15:15:27+08:00 ] ::1 /chinacountry/index.php/admin/settings/edit/id/1.html
INFO: [ app_init ] --START--
INFO: Run Behavior\BuildLiteBehavior [ RunTime:0.000000s ]
INFO: [ app_init ] --END-- [ RunTime:0.001000s ]

[ 2016-08-24T15:15:37+08:00 ] ::1 /chinacountry/index.php/admin/settings/delete/id/1
INFO: [ app_init ] --START--
INFO: Run Behavior\BuildLiteBehavior [ RunTime:0.000000s ]
INFO: [ app_init ] --END-- [ RunTime:0.001000s ]
ERR: 非法操作:delete

[ 2016-08-24T15:15:55+08:00 ] ::1 /chinacountry/index.php/admin/settings/delete/id/1
INFO: [ app_init ] --START--
INFO: Run Behavior\BuildLiteBehavior [ RunTime:0.000000s ]
INFO: [ app_init ] --END-- [ RunTime:0.000000s ]
ERR: 非法操作:delete

[ 2016-08-24T15:17:14+08:00 ] ::1 /chinacountry/index.php/admin/settings/site.html
INFO: [ app_init ] --START--
INFO: Run Behavior\BuildLiteBehavior [ RunTime:0.000000s ]
INFO: [ app_init ] --END-- [ RunTime:0.001000s ]

[ 2016-08-24T15:17:16+08:00 ] ::1 /chinacountry/index.php/admin/settings/site.html
INFO: [ app_init ] --START--
INFO: Run Behavior\BuildLiteBehavior [ RunTime:0.000000s ]
INFO: [ app_init ] --END-- [ RunTime:0.000000s ]

[ 2016-08-24T15:19:10+08:00 ] ::1 /chinacountry/index.php/admin/settings/site.html
INFO: [ app_init ] --START--
INFO: Run Behavior\BuildLiteBehavior [ RunTime:0.000000s ]
INFO: [ app_init ] --END-- [ RunTime:0.001001s ]

[ 2016-08-24T15:19:33+08:00 ] ::1 /chinacountry/index.php/admin/settings/site.html
INFO: [ app_init ] --START--
INFO: Run Behavior\BuildLiteBehavior [ RunTime:0.000000s ]
INFO: [ app_init ] --END-- [ RunTime:0.000000s ]

[ 2016-08-24T15:19:35+08:00 ] ::1 /chinacountry/index.php/admin/settings/add.html
INFO: [ app_init ] --START--
INFO: Run Behavior\BuildLiteBehavior [ RunTime:0.000000s ]
INFO: [ app_init ] --END-- [ RunTime:0.001000s ]
ERR: 非法操作:add

[ 2016-08-24T15:20:12+08:00 ] ::1 /chinacountry/index.php/admin/settings/add.html
INFO: [ app_init ] --START--
INFO: Run Behavior\BuildLiteBehavior [ RunTime:0.000000s ]
INFO: [ app_init ] --END-- [ RunTime:0.001000s ]
ERR: 模板不存在:./ChinaCountry/Admin/View/Settings/add.tpl

[ 2016-08-24T15:21:12+08:00 ] ::1 /chinacountry/index.php/admin/settings/add.html
INFO: [ app_init ] --START--
INFO: Run Behavior\BuildLiteBehavior [ RunTime:0.000000s ]
INFO: [ app_init ] --END-- [ RunTime:0.001000s ]

[ 2016-08-24T15:22:58+08:00 ] ::1 /chinacountry/index.php/admin/settings/add.html
INFO: [ app_init ] --START--
INFO: Run Behavior\BuildLiteBehavior [ RunTime:0.000000s ]
INFO: [ app_init ] --END-- [ RunTime:0.001000s ]

[ 2016-08-24T15:28:33+08:00 ] ::1 /chinacountry/index.php/admin/settings/add.html
INFO: [ app_init ] --START--
INFO: Run Behavior\BuildLiteBehavior [ RunTime:0.000000s ]
INFO: [ app_init ] --END-- [ RunTime:0.001000s ]

[ 2016-08-24T15:32:48+08:00 ] ::1 /chinacountry/index.php/admin/settings/add.html
INFO: [ app_init ] --START--
INFO: Run Behavior\BuildLiteBehavior [ RunTime:0.000000s ]
INFO: [ app_init ] --END-- [ RunTime:0.000000s ]

[ 2016-08-24T15:36:02+08:00 ] ::1 /chinacountry/index.php/admin/settings/update.html
INFO: [ app_init ] --START--
INFO: Run Behavior\BuildLiteBehavior [ RunTime:0.000000s ]
INFO: [ app_init ] --END-- [ RunTime:0.001000s ]

[ 2016-08-24T15:36:05+08:00 ] ::1 /chinacountry/index.php/admin/settings/site.html
INFO: [ app_init ] --START--
INFO: Run Behavior\BuildLiteBehavior [ RunTime:0.001000s ]
INFO: [ app_init ] --END-- [ RunTime:0.001000s ]

[ 2016-08-24T15:37:45+08:00 ] ::1 /chinacountry/index.php/admin/settings/site.html
INFO: [ app_init ] --START--
INFO: Run Behavior\BuildLiteBehavior [ RunTime:0.000000s ]
INFO: [ app_init ] --END-- [ RunTime:0.001000s ]

[ 2016-08-24T15:37:49+08:00 ] ::1 /chinacountry/index.php/admin/settings/add.html
INFO: [ app_init ] --START--
INFO: Run Behavior\BuildLiteBehavior [ RunTime:0.000000s ]
INFO: [ app_init ] --END-- [ RunTime:0.001000s ]

[ 2016-08-24T15:37:57+08:00 ] ::1 /chinacountry/index.php/admin/settings/insert.html
INFO: [ app_init ] --START--
INFO: Run Behavior\BuildLiteBehavior [ RunTime:0.000000s ]
INFO: [ app_init ] --END-- [ RunTime:0.001000s ]
ERR: 非法操作:insert

[ 2016-08-24T15:41:12+08:00 ] ::1 /chinacountry/index.php/admin/settings/insert.html
INFO: [ app_init ] --START--
INFO: Run Behavior\BuildLiteBehavior [ RunTime:0.000000s ]
INFO: [ app_init ] --END-- [ RunTime:0.001000s ]
ERR: 模板不存在:./ChinaCountry/Admin/View/Settings/insert.tpl

[ 2016-08-24T15:41:30+08:00 ] ::1 /chinacountry/index.php/admin/settings/insert.html
INFO: [ app_init ] --START--
INFO: Run Behavior\BuildLiteBehavior [ RunTime:0.000000s ]
INFO: [ app_init ] --END-- [ RunTime:0.001000s ]

[ 2016-08-24T15:44:52+08:00 ] ::1 /chinacountry/index.php/admin/settings/insert.html
INFO: [ app_init ] --START--
INFO: Run Behavior\BuildLiteBehavior [ RunTime:0.000000s ]
INFO: [ app_init ] --END-- [ RunTime:0.001000s ]

[ 2016-08-24T15:45:00+08:00 ] ::1 /chinacountry/index.php/admin/settings/insert.html
INFO: [ app_init ] --START--
INFO: Run Behavior\BuildLiteBehavior [ RunTime:0.000000s ]
INFO: [ app_init ] --END-- [ RunTime:0.001000s ]

[ 2016-08-24T15:45:01+08:00 ] ::1 /chinacountry/index.php/admin/settings/site.html
INFO: [ app_init ] --START--
INFO: Run Behavior\BuildLiteBehavior [ RunTime:0.000000s ]
INFO: [ app_init ] --END-- [ RunTime:0.001000s ]

[ 2016-08-24T15:45:07+08:00 ] ::1 /chinacountry/index.php/admin/settings/delete/id/2
INFO: [ app_init ] --START--
INFO: Run Behavior\BuildLiteBehavior [ RunTime:0.000000s ]
INFO: [ app_init ] --END-- [ RunTime:0.000000s ]

[ 2016-08-24T15:45:09+08:00 ] ::1 /chinacountry/index.php/admin/settings/site.html
INFO: [ app_init ] --START--
INFO: Run Behavior\BuildLiteBehavior [ RunTime:0.000000s ]
INFO: [ app_init ] --END-- [ RunTime:0.000000s ]

[ 2016-08-24T15:46:05+08:00 ] ::1 /chinacountry/index.php/admin/news/index.html
INFO: [ app_init ] --START--
INFO: Run Behavior\BuildLiteBehavior [ RunTime:0.000000s ]
INFO: [ app_init ] --END-- [ RunTime:0.001000s ]

[ 2016-08-24T15:46:33+08:00 ] ::1 /chinacountry/index.php/admin/news/index.html
INFO: [ app_init ] --START--
INFO: Run Behavior\BuildLiteBehavior [ RunTime:0.000000s ]
INFO: [ app_init ] --END-- [ RunTime:0.001000s ]

[ 2016-08-24T15:46:42+08:00 ] ::1 /chinacountry/index.php/admin/news/index.html
INFO: [ app_init ] --START--
INFO: Run Behavior\BuildLiteBehavior [ RunTime:0.000000s ]
INFO: [ app_init ] --END-- [ RunTime:0.001000s ]

[ 2016-08-24T15:46:58+08:00 ] ::1 /chinacountry/index.php/admin/news/index.html
INFO: [ app_init ] --START--
INFO: Run Behavior\BuildLiteBehavior [ RunTime:0.000000s ]
INFO: [ app_init ] --END-- [ RunTime:0.001000s ]

[ 2016-08-24T15:47:02+08:00 ] ::1 /chinacountry/index.php/admin/column/index.html
INFO: [ app_init ] --START--
INFO: Run Behavior\BuildLiteBehavior [ RunTime:0.000000s ]
INFO: [ app_init ] --END-- [ RunTime:0.001000s ]

[ 2016-08-24T15:47:10+08:00 ] ::1 /chinacountry/index.php/admin/video/index.html
INFO: [ app_init ] --START--
INFO: Run Behavior\BuildLiteBehavior [ RunTime:0.000000s ]
INFO: [ app_init ] --END-- [ RunTime:0.000000s ]

[ 2016-08-24T15:49:52+08:00 ] ::1 /chinacountry/index.php/admin/column/index.html
INFO: [ app_init ] --START--
INFO: Run Behavior\BuildLiteBehavior [ RunTime:0.000000s ]
INFO: [ app_init ] --END-- [ RunTime:0.001000s ]

[ 2016-08-24T15:49:56+08:00 ] ::1 /chinacountry/index.php/admin/news/index.html
INFO: [ app_init ] --START--
INFO: Run Behavior\BuildLiteBehavior [ RunTime:0.000000s ]
INFO: [ app_init ] --END-- [ RunTime:0.001000s ]

[ 2016-08-24T15:50:11+08:00 ] ::1 /chinacountry/index.php/admin/news/index.html
INFO: [ app_init ] --START--
INFO: Run Behavior\BuildLiteBehavior [ RunTime:0.000000s ]
INFO: [ app_init ] --END-- [ RunTime:0.001000s ]

[ 2016-08-24T16:02:23+08:00 ] ::1 /chinacountry/index.php/admin/news/index.html
INFO: [ app_init ] --START--
INFO: Run Behavior\BuildLiteBehavior [ RunTime:0.000000s ]
INFO: [ app_init ] --END-- [ RunTime:0.001000s ]

[ 2016-08-24T16:02:34+08:00 ] ::1 /chinacountry/index.php/admin/news/add.html
INFO: [ app_init ] --START--
INFO: Run Behavior\BuildLiteBehavior [ RunTime:0.000000s ]
INFO: [ app_init ] --END-- [ RunTime:0.001001s ]

[ 2016-08-24T16:04:54+08:00 ] ::1 /chinacountry/index.php/admin/news/index.html
INFO: [ app_init ] --START--
INFO: Run Behavior\BuildLiteBehavior [ RunTime:0.000000s ]
INFO: [ app_init ] --END-- [ RunTime:0.001000s ]

[ 2016-08-24T16:06:24+08:00 ] ::1 /chinacountry/index.php/admin/news/index.html
INFO: [ app_init ] --START--
INFO: Run Behavior\BuildLiteBehavior [ RunTime:0.000000s ]
INFO: [ app_init ] --END-- [ RunTime:0.002000s ]

[ 2016-08-24T16:06:53+08:00 ] ::1 /chinacountry/index.php/admin/video/index.html
INFO: [ app_init ] --START--
INFO: Run Behavior\BuildLiteBehavior [ RunTime:0.000000s ]
INFO: [ app_init ] --END-- [ RunTime:0.001000s ]

[ 2016-08-24T16:07:39+08:00 ] ::1 /chinacountry/index.php/admin/video/index.html
INFO: [ app_init ] --START--
INFO: Run Behavior\BuildLiteBehavior [ RunTime:0.000000s ]
INFO: [ app_init ] --END-- [ RunTime:0.001000s ]

[ 2016-08-24T16:07:51+08:00 ] ::1 /chinacountry/index.php/admin/video/index.html
INFO: [ app_init ] --START--
INFO: Run Behavior\BuildLiteBehavior [ RunTime:0.000000s ]
INFO: [ app_init ] --END-- [ RunTime:0.001000s ]

[ 2016-08-24T16:07:54+08:00 ] ::1 /chinacountry/index.php/admin/video/delete/id/8
INFO: [ app_init ] --START--
INFO: Run Behavior\BuildLiteBehavior [ RunTime:0.000000s ]
INFO: [ app_init ] --END-- [ RunTime:0.002000s ]

[ 2016-08-24T16:07:56+08:00 ] ::1 /chinacountry/index.php/admin/video/index.html
INFO: [ app_init ] --START--
INFO: Run Behavior\BuildLiteBehavior [ RunTime:0.001000s ]
INFO: [ app_init ] --END-- [ RunTime:0.002001s ]

[ 2016-08-24T16:07:59+08:00 ] ::1 /chinacountry/index.php/admin/advertising/index.html
INFO: [ app_init ] --START--
INFO: Run Behavior\BuildLiteBehavior [ RunTime:0.000000s ]
INFO: [ app_init ] --END-- [ RunTime:0.001000s ]

[ 2016-08-24T16:08:05+08:00 ] ::1 /chinacountry/index.php/admin/auth/index.html
INFO: [ app_init ] --START--
INFO: Run Behavior\BuildLiteBehavior [ RunTime:0.000000s ]
INFO: [ app_init ] --END-- [ RunTime:0.001001s ]

[ 2016-08-24T16:09:18+08:00 ] ::1 /chinacountry/index.php/home/introduce/index.html
INFO: [ app_init ] --START--
INFO: Run Behavior\BuildLiteBehavior [ RunTime:0.000000s ]
INFO: [ app_init ] --END-- [ RunTime:0.001000s ]
INFO: [ app_begin ] --START--
INFO: Run Behavior\ReadHtmlCacheBehavior [ RunTime:0.001000s ]
INFO: [ app_begin ] --END-- [ RunTime:0.001000s ]
SQL: SHOW COLUMNS FROM `cc_news` [ RunTime:0.003001s ]
SQL: SELECT `id`,`title`,`date` FROM `cc_news` ORDER BY id desc LIMIT 10   [ RunTime:0.000000s ]
SQL: SHOW COLUMNS FROM `cc_video` [ RunTime:0.004000s ]
SQL: SELECT `id`,`title`,`times`,`file_url` FROM `cc_video` WHERE ( `file_url` <> '' ) ORDER BY times desc LIMIT 5   [ RunTime:0.000000s ]
INFO: [ view_parse ] --START--
INFO: [ template_filter ] --START--
INFO: Run Behavior\ContentReplaceBehavior [ RunTime:0.000000s ]
INFO: [ template_filter ] --END-- [ RunTime:0.000000s ]
INFO: Run Behavior\ParseTemplateBehavior [ RunTime:0.198011s ]
INFO: [ view_parse ] --END-- [ RunTime:0.198011s ]
INFO: [ view_filter ] --START--
INFO: Run Behavior\WriteHtmlCacheBehavior [ RunTime:0.001000s ]
INFO: [ view_filter ] --END-- [ RunTime:0.001000s ]
INFO: [ app_end ] --START--
INFO: Run Behavior\ShowPageTraceBehavior [ RunTime:0.001000s ]
INFO: [ app_end ] --END-- [ RunTime:0.002000s ]

[ 2016-08-24T16:09:18+08:00 ] ::1 /chinacountry/index.php/home/introduce/index.html
INFO: [ app_init ] --START--
INFO: Run Behavior\BuildLiteBehavior [ RunTime:0.000000s ]
INFO: [ app_init ] --END-- [ RunTime:0.001000s ]
INFO: [ app_begin ] --START--
INFO: Run Behavior\ReadHtmlCacheBehavior [ RunTime:0.001000s ]
INFO: [ app_begin ] --END-- [ RunTime:0.001000s ]
SQL: SHOW COLUMNS FROM `cc_news` [ RunTime:0.008000s ]
SQL: SELECT `id`,`title`,`date` FROM `cc_news` ORDER BY id desc LIMIT 10   [ RunTime:0.001000s ]
SQL: SHOW COLUMNS FROM `cc_video` [ RunTime:0.003001s ]
SQL: SELECT `id`,`title`,`times`,`file_url` FROM `cc_video` WHERE ( `file_url` <> '' ) ORDER BY times desc LIMIT 5   [ RunTime:0.000000s ]
INFO: [ view_parse ] --START--
INFO: [ template_filter ] --START--
INFO: Run Behavior\ContentReplaceBehavior [ RunTime:0.000000s ]
INFO: [ template_filter ] --END-- [ RunTime:0.001000s ]
INFO: Run Behavior\ParseTemplateBehavior [ RunTime:0.032002s ]
INFO: [ view_parse ] --END-- [ RunTime:0.032002s ]
INFO: [ view_filter ] --START--
INFO: Run Behavior\WriteHtmlCacheBehavior [ RunTime:0.001000s ]
INFO: [ view_filter ] --END-- [ RunTime:0.001000s ]
INFO: [ app_end ] --START--
INFO: Run Behavior\ShowPageTraceBehavior [ RunTime:0.001000s ]
INFO: [ app_end ] --END-- [ RunTime:0.001000s ]

[ 2016-08-24T16:09:19+08:00 ] ::1 /chinacountry/index.php/home/introduce/index.html
INFO: [ app_init ] --START--
INFO: Run Behavior\BuildLiteBehavior [ RunTime:0.000000s ]
INFO: [ app_init ] --END-- [ RunTime:0.000000s ]
INFO: [ app_begin ] --START--
INFO: Run Behavior\ReadHtmlCacheBehavior [ RunTime:0.001001s ]
INFO: [ app_begin ] --END-- [ RunTime:0.001001s ]
SQL: SHOW COLUMNS FROM `cc_news` [ RunTime:0.003001s ]
SQL: SELECT `id`,`title`,`date` FROM `cc_news` ORDER BY id desc LIMIT 10   [ RunTime:0.001000s ]
SQL: SHOW COLUMNS FROM `cc_video` [ RunTime:0.004000s ]
SQL: SELECT `id`,`title`,`times`,`file_url` FROM `cc_video` WHERE ( `file_url` <> '' ) ORDER BY times desc LIMIT 5   [ RunTime:0.001000s ]
INFO: [ view_parse ] --START--
INFO: [ template_filter ] --START--
INFO: Run Behavior\ContentReplaceBehavior [ RunTime:0.001000s ]
INFO: [ template_filter ] --END-- [ RunTime:0.001000s ]
INFO: Run Behavior\ParseTemplateBehavior [ RunTime:0.034002s ]
INFO: [ view_parse ] --END-- [ RunTime:0.035002s ]
INFO: [ view_filter ] --START--
INFO: Run Behavior\WriteHtmlCacheBehavior [ RunTime:0.001000s ]
INFO: [ view_filter ] --END-- [ RunTime:0.001000s ]
INFO: [ app_end ] --START--
INFO: Run Behavior\ShowPageTraceBehavior [ RunTime:0.001000s ]
INFO: [ app_end ] --END-- [ RunTime:0.001000s ]

[ 2016-08-24T16:09:24+08:00 ] ::1 /chinacountry/index.php/admin/settings/site.html
INFO: [ app_init ] --START--
INFO: Run Behavior\BuildLiteBehavior [ RunTime:0.001000s ]
INFO: [ app_init ] --END-- [ RunTime:0.001000s ]

[ 2016-08-24T16:11:11+08:00 ] ::1 /chinacountry/index.php/home/introduce/index.html
INFO: [ app_init ] --START--
INFO: Run Behavior\BuildLiteBehavior [ RunTime:0.000000s ]
INFO: [ app_init ] --END-- [ RunTime:0.000000s ]
INFO: [ app_begin ] --START--
INFO: Run Behavior\ReadHtmlCacheBehavior [ RunTime:0.001000s ]
INFO: [ app_begin ] --END-- [ RunTime:0.001000s ]
SQL: SHOW COLUMNS FROM `cc_news` [ RunTime:0.004000s ]
SQL: SELECT `id`,`title`,`date` FROM `cc_news` ORDER BY id desc LIMIT 10   [ RunTime:0.001000s ]
SQL: SHOW COLUMNS FROM `cc_video` [ RunTime:0.006000s ]
SQL: SELECT `id`,`title`,`times`,`file_url` FROM `cc_video` WHERE ( `file_url` <> '' ) ORDER BY times desc LIMIT 5   [ RunTime:0.001000s ]
INFO: [ view_parse ] --START--
INFO: [ template_filter ] --START--
INFO: Run Behavior\ContentReplaceBehavior [ RunTime:0.001001s ]
INFO: [ template_filter ] --END-- [ RunTime:0.001001s ]
INFO: Run Behavior\ParseTemplateBehavior [ RunTime:0.034002s ]
INFO: [ view_parse ] --END-- [ RunTime:0.034002s ]
INFO: [ view_filter ] --START--
INFO: Run Behavior\WriteHtmlCacheBehavior [ RunTime:0.001000s ]
INFO: [ view_filter ] --END-- [ RunTime:0.001000s ]
INFO: [ app_end ] --START--
INFO: Run Behavior\ShowPageTraceBehavior [ RunTime:0.002000s ]
INFO: [ app_end ] --END-- [ RunTime:0.002000s ]

[ 2016-08-24T16:11:13+08:00 ] ::1 /chinacountry/index.php/home/introduce/index.html
INFO: [ app_init ] --START--
INFO: Run Behavior\BuildLiteBehavior [ RunTime:0.000000s ]
INFO: [ app_init ] --END-- [ RunTime:0.000000s ]
INFO: [ app_begin ] --START--
INFO: Run Behavior\ReadHtmlCacheBehavior [ RunTime:0.001000s ]
INFO: [ app_begin ] --END-- [ RunTime:0.001000s ]
SQL: SHOW COLUMNS FROM `cc_news` [ RunTime:0.002001s ]
SQL: SELECT `id`,`title`,`date` FROM `cc_news` ORDER BY id desc LIMIT 10   [ RunTime:0.001000s ]
SQL: SHOW COLUMNS FROM `cc_video` [ RunTime:0.003000s ]
SQL: SELECT `id`,`title`,`times`,`file_url` FROM `cc_video` WHERE ( `file_url` <> '' ) ORDER BY times desc LIMIT 5   [ RunTime:0.000000s ]
INFO: [ view_parse ] --START--
INFO: [ template_filter ] --START--
INFO: Run Behavior\ContentReplaceBehavior [ RunTime:0.000000s ]
INFO: [ template_filter ] --END-- [ RunTime:0.000000s ]
INFO: Run Behavior\ParseTemplateBehavior [ RunTime:0.045003s ]
INFO: [ view_parse ] --END-- [ RunTime:0.045003s ]
INFO: [ view_filter ] --START--
INFO: Run Behavior\WriteHtmlCacheBehavior [ RunTime:0.001000s ]
INFO: [ view_filter ] --END-- [ RunTime:0.002000s ]
INFO: [ app_end ] --START--
INFO: Run Behavior\ShowPageTraceBehavior [ RunTime:0.003000s ]
INFO: [ app_end ] --END-- [ RunTime:0.003000s ]

[ 2016-08-24T16:11:33+08:00 ] ::1 /chinacountry/index.php/home/introduce/index.html
INFO: [ app_init ] --START--
INFO: Run Behavior\BuildLiteBehavior [ RunTime:0.000000s ]
INFO: [ app_init ] --END-- [ RunTime:0.001000s ]
INFO: [ app_begin ] --START--
INFO: Run Behavior\ReadHtmlCacheBehavior [ RunTime:0.001000s ]
INFO: [ app_begin ] --END-- [ RunTime:0.001000s ]
SQL: SHOW COLUMNS FROM `cc_news` [ RunTime:0.004000s ]
SQL: SELECT `id`,`title`,`date` FROM `cc_news` ORDER BY id desc LIMIT 10   [ RunTime:0.001000s ]
SQL: SHOW COLUMNS FROM `cc_video` [ RunTime:0.003000s ]
SQL: SELECT `id`,`title`,`times`,`file_url` FROM `cc_video` WHERE ( `file_url` <> '' ) ORDER BY times desc LIMIT 5   [ RunTime:0.000000s ]
INFO: [ view_parse ] --START--
INFO: [ template_filter ] --START--
INFO: Run Behavior\ContentReplaceBehavior [ RunTime:0.001000s ]
INFO: [ template_filter ] --END-- [ RunTime:0.001000s ]
INFO: Run Behavior\ParseTemplateBehavior [ RunTime:0.033002s ]
INFO: [ view_parse ] --END-- [ RunTime:0.033002s ]
INFO: [ view_filter ] --START--
INFO: Run Behavior\WriteHtmlCacheBehavior [ RunTime:0.001000s ]
INFO: [ view_filter ] --END-- [ RunTime:0.001000s ]
INFO: [ app_end ] --START--
INFO: Run Behavior\ShowPageTraceBehavior [ RunTime:0.002000s ]
INFO: [ app_end ] --END-- [ RunTime:0.002000s ]

[ 2016-08-24T16:11:36+08:00 ] ::1 /chinacountry/index.php/home/index/index.html
INFO: [ app_init ] --START--
INFO: Run Behavior\BuildLiteBehavior [ RunTime:0.000000s ]
INFO: [ app_init ] --END-- [ RunTime:0.000000s ]
INFO: [ app_begin ] --START--
INFO: Run Behavior\ReadHtmlCacheBehavior [ RunTime:0.001000s ]
INFO: [ app_begin ] --END-- [ RunTime:0.001000s ]
SQL: SHOW COLUMNS FROM `cc_advertising` [ RunTime:0.004000s ]
SQL: SELECT `id`,`title`,`picture`,`hret` FROM `cc_advertising` LIMIT 3   [ RunTime:0.001000s ]
SQL: SHOW COLUMNS FROM `cc_video` [ RunTime:0.003000s ]
SQL: SELECT `id`,`title`,`date`,`thumbnail` FROM `cc_video` WHERE ( `column_id` = 1 ) LIMIT 3   [ RunTime:0.000000s ]
SQL: SELECT `id`,`title`,`date`,`thumbnail` FROM `cc_video` WHERE ( `column_id` = 2 ) LIMIT 6   [ RunTime:0.001000s ]
SQL: SHOW COLUMNS FROM `cc_news` [ RunTime:0.004001s ]
SQL: SELECT `id`,`title`,`date` FROM `cc_news` ORDER BY id desc LIMIT 10   [ RunTime:0.000000s ]
SQL: SHOW COLUMNS FROM `cc_site_information` [ RunTime:0.004001s ]
SQL: SELECT * FROM `cc_site_information`  [ RunTime:0.000000s ]
INFO: [ view_parse ] --START--
INFO: [ template_filter ] --START--
INFO: Run Behavior\ContentReplaceBehavior [ RunTime:0.000000s ]
INFO: [ template_filter ] --END-- [ RunTime:0.001000s ]
INFO: Run Behavior\ParseTemplateBehavior [ RunTime:0.070004s ]
INFO: [ view_parse ] --END-- [ RunTime:0.070004s ]
INFO: [ view_filter ] --START--
INFO: Run Behavior\WriteHtmlCacheBehavior [ RunTime:0.001000s ]
INFO: [ view_filter ] --END-- [ RunTime:0.001000s ]
INFO: [ app_end ] --START--
INFO: Run Behavior\ShowPageTraceBehavior [ RunTime:0.001000s ]
INFO: [ app_end ] --END-- [ RunTime:0.001000s ]

[ 2016-08-24T16:12:13+08:00 ] ::1 /chinacountry/index.php/home/index/index.html
INFO: [ app_init ] --START--
INFO: Run Behavior\BuildLiteBehavior [ RunTime:0.001000s ]
INFO: [ app_init ] --END-- [ RunTime:0.001000s ]
INFO: [ app_begin ] --START--
INFO: Run Behavior\ReadHtmlCacheBehavior [ RunTime:0.001000s ]
INFO: [ app_begin ] --END-- [ RunTime:0.001000s ]
SQL: SHOW COLUMNS FROM `cc_advertising` [ RunTime:0.004001s ]
SQL: SELECT `id`,`title`,`picture`,`hret` FROM `cc_advertising` LIMIT 3   [ RunTime:0.000000s ]
SQL: SHOW COLUMNS FROM `cc_video` [ RunTime:0.003000s ]
SQL: SELECT `id`,`title`,`date`,`thumbnail` FROM `cc_video` WHERE ( `column_id` = 1 ) LIMIT 3   [ RunTime:0.001000s ]
SQL: SELECT `id`,`title`,`date`,`thumbnail` FROM `cc_video` WHERE ( `column_id` = 2 ) LIMIT 6   [ RunTime:0.001000s ]
SQL: SHOW COLUMNS FROM `cc_news` [ RunTime:0.005000s ]
SQL: SHOW COLUMNS FROM `cc_site_information` [ RunTime:0.068004s ]
SQL: SELECT `title`,`keyword`,`description` FROM `cc_site_information`  [ RunTime:0.001000s ]
INFO: [ view_parse ] --START--
INFO: [ template_filter ] --START--
INFO: Run Behavior\ContentReplaceBehavior [ RunTime:0.000000s ]
INFO: [ template_filter ] --END-- [ RunTime:0.001000s ]
INFO: Run Behavior\ParseTemplateBehavior [ RunTime:0.049003s ]
INFO: [ view_parse ] --END-- [ RunTime:0.049003s ]
INFO: [ view_filter ] --START--
INFO: Run Behavior\WriteHtmlCacheBehavior [ RunTime:0.000000s ]
INFO: [ view_filter ] --END-- [ RunTime:0.000000s ]
INFO: [ app_end ] --START--
INFO: Run Behavior\ShowPageTraceBehavior [ RunTime:0.001000s ]
INFO: [ app_end ] --END-- [ RunTime:0.001000s ]

[ 2016-08-24T16:12:34+08:00 ] ::1 /chinacountry/index.php/home/index/index.html
INFO: [ app_init ] --START--
INFO: Run Behavior\BuildLiteBehavior [ RunTime:0.000000s ]
INFO: [ app_init ] --END-- [ RunTime:0.001000s ]
INFO: [ app_begin ] --START--
INFO: Run Behavior\ReadHtmlCacheBehavior [ RunTime:0.001000s ]
INFO: [ app_begin ] --END-- [ RunTime:0.001000s ]
SQL: SHOW COLUMNS FROM `cc_advertising` [ RunTime:0.007001s ]
SQL: SELECT `id`,`title`,`picture`,`hret` FROM `cc_advertising` LIMIT 3   [ RunTime:0.001000s ]
SQL: SHOW COLUMNS FROM `cc_video` [ RunTime:0.003000s ]
SQL: SELECT `id`,`title`,`date`,`thumbnail` FROM `cc_video` WHERE ( `column_id` = 1 ) LIMIT 3   [ RunTime:0.000000s ]
SQL: SELECT `id`,`title`,`date`,`thumbnail` FROM `cc_video` WHERE ( `column_id` = 2 ) LIMIT 6   [ RunTime:0.001000s ]
SQL: SHOW COLUMNS FROM `cc_news` [ RunTime:0.004001s ]
SQL: SHOW COLUMNS FROM `cc_site_information` [ RunTime:0.005000s ]
SQL: SELECT `title`,`keyword`,`description` FROM `cc_site_information`  [ RunTime:0.000000s ]
INFO: [ view_parse ] --START--
INFO: [ template_filter ] --START--
INFO: Run Behavior\ContentReplaceBehavior [ RunTime:0.001000s ]
INFO: [ template_filter ] --END-- [ RunTime:0.001000s ]
INFO: Run Behavior\ParseTemplateBehavior [ RunTime:0.053004s ]
INFO: [ view_parse ] --END-- [ RunTime:0.053004s ]
INFO: [ view_filter ] --START--
INFO: Run Behavior\WriteHtmlCacheBehavior [ RunTime:0.000000s ]
INFO: [ view_filter ] --END-- [ RunTime:0.001000s ]
INFO: [ app_end ] --START--
INFO: Run Behavior\ShowPageTraceBehavior [ RunTime:0.001000s ]
INFO: [ app_end ] --END-- [ RunTime:0.001000s ]

[ 2016-08-24T16:13:24+08:00 ] ::1 /chinacountry/index.php/home/index/index.html
INFO: [ app_init ] --START--
INFO: Run Behavior\BuildLiteBehavior [ RunTime:0.000000s ]
INFO: [ app_init ] --END-- [ RunTime:0.001000s ]
INFO: [ app_begin ] --START--
INFO: Run Behavior\ReadHtmlCacheBehavior [ RunTime:0.001000s ]
INFO: [ app_begin ] --END-- [ RunTime:0.001000s ]
SQL: SHOW COLUMNS FROM `cc_advertising` [ RunTime:0.004001s ]
SQL: SELECT `id`,`title`,`picture`,`hret` FROM `cc_advertising` LIMIT 3   [ RunTime:0.000000s ]
SQL: SHOW COLUMNS FROM `cc_video` [ RunTime:0.003000s ]
SQL: SELECT `id`,`title`,`date`,`thumbnail` FROM `cc_video` WHERE ( `column_id` = 1 ) LIMIT 3   [ RunTime:0.000000s ]
SQL: SELECT `id`,`title`,`date`,`thumbnail` FROM `cc_video` WHERE ( `column_id` = 2 ) LIMIT 6   [ RunTime:0.001000s ]
SQL: SHOW COLUMNS FROM `cc_news` [ RunTime:0.006000s ]
SQL: SELECT `id`,`title`,`date` FROM `cc_news` ORDER BY id desc LIMIT 10   [ RunTime:0.000000s ]
SQL: SHOW COLUMNS FROM `cc_site_information` [ RunTime:0.004000s ]
SQL: SELECT `title`,`keyword`,`description` FROM `cc_site_information`  [ RunTime:0.000000s ]
INFO: [ view_parse ] --START--
INFO: [ template_filter ] --START--
INFO: Run Behavior\ContentReplaceBehavior [ RunTime:0.001000s ]
INFO: [ template_filter ] --END-- [ RunTime:0.001000s ]
INFO: Run Behavior\ParseTemplateBehavior [ RunTime:0.158009s ]
INFO: [ view_parse ] --END-- [ RunTime:0.158009s ]
INFO: [ view_filter ] --START--
INFO: Run Behavior\WriteHtmlCacheBehavior [ RunTime:0.001000s ]
INFO: [ view_filter ] --END-- [ RunTime:0.001000s ]
INFO: [ app_end ] --START--
INFO: Run Behavior\ShowPageTraceBehavior [ RunTime:0.001000s ]
INFO: [ app_end ] --END-- [ RunTime:0.001000s ]

[ 2016-08-24T16:13:31+08:00 ] ::1 /chinacountry/index.php/home/index/index.html
INFO: [ app_init ] --START--
INFO: Run Behavior\BuildLiteBehavior [ RunTime:0.000000s ]
INFO: [ app_init ] --END-- [ RunTime:0.001000s ]
INFO: [ app_begin ] --START--
INFO: Run Behavior\ReadHtmlCacheBehavior [ RunTime:0.001000s ]
INFO: [ app_begin ] --END-- [ RunTime:0.001000s ]
SQL: SHOW COLUMNS FROM `cc_advertising` [ RunTime:0.005000s ]
SQL: SELECT `id`,`title`,`picture`,`hret` FROM `cc_advertising` LIMIT 3   [ RunTime:0.001000s ]
SQL: SHOW COLUMNS FROM `cc_video` [ RunTime:0.004000s ]
SQL: SELECT `id`,`title`,`date`,`thumbnail` FROM `cc_video` WHERE ( `column_id` = 1 ) LIMIT 3   [ RunTime:0.001000s ]
SQL: SELECT `id`,`title`,`date`,`thumbnail` FROM `cc_video` WHERE ( `column_id` = 2 ) LIMIT 6   [ RunTime:0.000000s ]
SQL: SHOW COLUMNS FROM `cc_news` [ RunTime:0.003000s ]
SQL: SHOW COLUMNS FROM `cc_site_information` [ RunTime:0.004000s ]
SQL: SELECT `title`,`keyword`,`description` FROM `cc_site_information`  [ RunTime:0.001000s ]
INFO: [ view_parse ] --START--
INFO: [ template_filter ] --START--
INFO: Run Behavior\ContentReplaceBehavior [ RunTime:0.000000s ]
INFO: [ template_filter ] --END-- [ RunTime:0.001000s ]
INFO: Run Behavior\ParseTemplateBehavior [ RunTime:0.054003s ]
INFO: [ view_parse ] --END-- [ RunTime:0.055003s ]
INFO: [ view_filter ] --START--
INFO: Run Behavior\WriteHtmlCacheBehavior [ RunTime:0.000000s ]
INFO: [ view_filter ] --END-- [ RunTime:0.001001s ]
INFO: [ app_end ] --START--
INFO: Run Behavior\ShowPageTraceBehavior [ RunTime:0.001000s ]
INFO: [ app_end ] --END-- [ RunTime:0.001000s ]

[ 2016-08-24T16:15:07+08:00 ] ::1 /chinacountry/index.php/home/index/index.html
INFO: [ app_init ] --START--
INFO: Run Behavior\BuildLiteBehavior [ RunTime:0.000000s ]
INFO: [ app_init ] --END-- [ RunTime:0.001000s ]
INFO: [ app_begin ] --START--
INFO: Run Behavior\ReadHtmlCacheBehavior [ RunTime:0.002000s ]
INFO: [ app_begin ] --END-- [ RunTime:0.003000s ]
SQL: SHOW COLUMNS FROM `cc_advertising` [ RunTime:0.006000s ]
SQL: SELECT `id`,`title`,`picture`,`hret` FROM `cc_advertising` LIMIT 3   [ RunTime:0.000000s ]
SQL: SHOW COLUMNS FROM `cc_video` [ RunTime:0.006000s ]
SQL: SELECT `id`,`title`,`date`,`thumbnail` FROM `cc_video` WHERE ( `column_id` = 1 ) LIMIT 3   [ RunTime:0.002000s ]
SQL: SELECT `id`,`title`,`date`,`thumbnail` FROM `cc_video` WHERE ( `column_id` = 2 ) LIMIT 6   [ RunTime:0.001000s ]
SQL: SHOW COLUMNS FROM `cc_news` [ RunTime:0.009001s ]
SQL: SELECT `id`,`title`,`date` FROM `cc_news` ORDER BY id desc LIMIT 10   [ RunTime:0.001000s ]
SQL: SHOW COLUMNS FROM `cc_site_information` [ RunTime:0.004000s ]
SQL: SELECT `title`,`keyword`,`description` FROM `cc_site_information`  [ RunTime:0.000000s ]
INFO: [ view_parse ] --START--
INFO: [ template_filter ] --START--
INFO: Run Behavior\ContentReplaceBehavior [ RunTime:0.002000s ]
INFO: [ template_filter ] --END-- [ RunTime:0.003001s ]
INFO: Run Behavior\ParseTemplateBehavior [ RunTime:0.107007s ]
INFO: [ view_parse ] --END-- [ RunTime:0.108007s ]
INFO: [ view_filter ] --START--
INFO: Run Behavior\WriteHtmlCacheBehavior [ RunTime:0.003000s ]
INFO: [ view_filter ] --END-- [ RunTime:0.003000s ]
INFO: [ app_end ] --START--
INFO: Run Behavior\ShowPageTraceBehavior [ RunTime:0.001000s ]
INFO: [ app_end ] --END-- [ RunTime:0.002000s ]

[ 2016-08-24T16:15:09+08:00 ] ::1 /chinacountry/index.php/home/contact/index.html
INFO: [ app_init ] --START--
INFO: Run Behavior\BuildLiteBehavior [ RunTime:0.000000s ]
INFO: [ app_init ] --END-- [ RunTime:0.001000s ]
INFO: [ app_begin ] --START--
INFO: Run Behavior\ReadHtmlCacheBehavior [ RunTime:0.001000s ]
INFO: [ app_begin ] --END-- [ RunTime:0.001000s ]
SQL: SHOW COLUMNS FROM `cc_news` [ RunTime:0.003000s ]
SQL: SELECT `id`,`title`,`date` FROM `cc_news` ORDER BY id desc LIMIT 10   [ RunTime:0.000000s ]
SQL: SHOW COLUMNS FROM `cc_video` [ RunTime:0.012000s ]
SQL: SELECT `id`,`title`,`times`,`file_url` FROM `cc_video` WHERE ( `file_url` <> '' ) ORDER BY times desc LIMIT 5   [ RunTime:0.000000s ]
SQL: SHOW COLUMNS FROM `cc_site_information` [ RunTime:0.003001s ]
SQL: SELECT `title` FROM `cc_site_information`  [ RunTime:0.000000s ]
INFO: [ view_parse ] --START--
INFO: [ template_filter ] --START--
INFO: Run Behavior\ContentReplaceBehavior [ RunTime:0.000000s ]
INFO: [ template_filter ] --END-- [ RunTime:0.000000s ]
INFO: Run Behavior\ParseTemplateBehavior [ RunTime:0.035002s ]
INFO: [ view_parse ] --END-- [ RunTime:0.035002s ]
INFO: [ view_filter ] --START--
INFO: Run Behavior\WriteHtmlCacheBehavior [ RunTime:0.001000s ]
INFO: [ view_filter ] --END-- [ RunTime:0.001000s ]
INFO: [ app_end ] --START--
INFO: Run Behavior\ShowPageTraceBehavior [ RunTime:0.001000s ]
INFO: [ app_end ] --END-- [ RunTime:0.001000s ]

[ 2016-08-24T16:16:17+08:00 ] ::1 /chinacountry/index.php/home/group/index.html
INFO: [ app_init ] --START--
INFO: Run Behavior\BuildLiteBehavior [ RunTime:0.000000s ]
INFO: [ app_init ] --END-- [ RunTime:0.001000s ]
INFO: [ app_begin ] --START--
INFO: Run Behavior\ReadHtmlCacheBehavior [ RunTime:0.001000s ]
INFO: [ app_begin ] --END-- [ RunTime:0.001000s ]
SQL: SHOW COLUMNS FROM `cc_news` [ RunTime:0.004000s ]
SQL: SELECT `id`,`title`,`date` FROM `cc_news` ORDER BY id desc LIMIT 10   [ RunTime:0.001000s ]
SQL: SHOW COLUMNS FROM `cc_video` [ RunTime:0.009000s ]
SQL: SELECT `id`,`title`,`times`,`file_url` FROM `cc_video` WHERE ( `file_url` <> '' ) ORDER BY times desc LIMIT 5   [ RunTime:0.000000s ]
INFO: [ view_parse ] --START--
INFO: [ template_filter ] --START--
INFO: Run Behavior\ContentReplaceBehavior [ RunTime:0.000000s ]
INFO: [ template_filter ] --END-- [ RunTime:0.001000s ]
INFO: Run Behavior\ParseTemplateBehavior [ RunTime:0.045003s ]
INFO: [ view_parse ] --END-- [ RunTime:0.045003s ]
INFO: [ view_filter ] --START--
INFO: Run Behavior\WriteHtmlCacheBehavior [ RunTime:0.000000s ]
INFO: [ view_filter ] --END-- [ RunTime:0.000000s ]
INFO: [ app_end ] --START--
INFO: Run Behavior\ShowPageTraceBehavior [ RunTime:0.000000s ]
INFO: [ app_end ] --END-- [ RunTime:0.001000s ]

[ 2016-08-24T16:20:18+08:00 ] ::1 /chinacountry/index.php/home/group/index.html
INFO: [ app_init ] --START--
INFO: Run Behavior\BuildLiteBehavior [ RunTime:0.000000s ]
INFO: [ app_init ] --END-- [ RunTime:0.001000s ]
INFO: [ app_begin ] --START--
INFO: Run Behavior\ReadHtmlCacheBehavior [ RunTime:0.002000s ]
INFO: [ app_begin ] --END-- [ RunTime:0.002000s ]
SQL: SHOW COLUMNS FROM `cc_news` [ RunTime:0.008000s ]
SQL: SELECT `id`,`title`,`date` FROM `cc_news` ORDER BY id desc LIMIT 10   [ RunTime:0.000000s ]
SQL: SHOW COLUMNS FROM `cc_video` [ RunTime:0.005001s ]
SQL: SELECT `id`,`title`,`times`,`file_url` FROM `cc_video` WHERE ( `file_url` <> '' ) ORDER BY times desc LIMIT 5   [ RunTime:0.001000s ]
SQL: SHOW COLUMNS FROM `cc_site_information` [ RunTime:0.008000s ]
SQL: SELECT `title` FROM `cc_site_information`  [ RunTime:0.000000s ]
INFO: [ view_parse ] --START--
INFO: [ template_filter ] --START--
INFO: Run Behavior\ContentReplaceBehavior [ RunTime:0.001000s ]
INFO: [ template_filter ] --END-- [ RunTime:0.001000s ]
INFO: Run Behavior\ParseTemplateBehavior [ RunTime:0.038003s ]
INFO: [ view_parse ] --END-- [ RunTime:0.038003s ]
INFO: [ view_filter ] --START--
INFO: Run Behavior\WriteHtmlCacheBehavior [ RunTime:0.001000s ]
INFO: [ view_filter ] --END-- [ RunTime:0.001000s ]
INFO: [ app_end ] --START--
INFO: Run Behavior\ShowPageTraceBehavior [ RunTime:0.001000s ]
INFO: [ app_end ] --END-- [ RunTime:0.002000s ]

[ 2016-08-24T16:20:19+08:00 ] ::1 /chinacountry/index.php/home/index/index.html
INFO: [ app_init ] --START--
INFO: Run Behavior\BuildLiteBehavior [ RunTime:0.001000s ]
INFO: [ app_init ] --END-- [ RunTime:0.001000s ]
INFO: [ app_begin ] --START--
INFO: Run Behavior\ReadHtmlCacheBehavior [ RunTime:0.001000s ]
INFO: [ app_begin ] --END-- [ RunTime:0.001000s ]
SQL: SHOW COLUMNS FROM `cc_advertising` [ RunTime:0.004001s ]
SQL: SELECT `id`,`title`,`picture`,`hret` FROM `cc_advertising` LIMIT 3   [ RunTime:0.001000s ]
SQL: SHOW COLUMNS FROM `cc_video` [ RunTime:0.004000s ]
SQL: SELECT `id`,`title`,`date`,`thumbnail` FROM `cc_video` WHERE ( `column_id` = 1 ) LIMIT 3   [ RunTime:0.000000s ]
SQL: SELECT `id`,`title`,`date`,`thumbnail` FROM `cc_video` WHERE ( `column_id` = 2 ) LIMIT 6   [ RunTime:0.001000s ]
SQL: SHOW COLUMNS FROM `cc_news` [ RunTime:0.005001s ]
SQL: SELECT `id`,`title`,`date` FROM `cc_news` ORDER BY id desc LIMIT 10   [ RunTime:0.000000s ]
SQL: SHOW COLUMNS FROM `cc_site_information` [ RunTime:0.003000s ]
SQL: SELECT `title`,`keyword`,`description` FROM `cc_site_information`  [ RunTime:0.000000s ]
INFO: [ view_parse ] --START--
INFO: [ template_filter ] --START--
INFO: Run Behavior\ContentReplaceBehavior [ RunTime:0.001000s ]
INFO: [ template_filter ] --END-- [ RunTime:0.001000s ]
INFO: Run Behavior\ParseTemplateBehavior [ RunTime:0.062003s ]
INFO: [ view_parse ] --END-- [ RunTime:0.063004s ]
INFO: [ view_filter ] --START--
INFO: Run Behavior\WriteHtmlCacheBehavior [ RunTime:0.000000s ]
INFO: [ view_filter ] --END-- [ RunTime:0.001000s ]
INFO: [ app_end ] --START--
INFO: Run Behavior\ShowPageTraceBehavior [ RunTime:0.001000s ]
INFO: [ app_end ] --END-- [ RunTime:0.001000s ]

[ 2016-08-24T16:20:24+08:00 ] ::1 /chinacountry/index.php/home/introduce/index.html
INFO: [ app_init ] --START--
INFO: Run Behavior\BuildLiteBehavior [ RunTime:0.000000s ]
INFO: [ app_init ] --END-- [ RunTime:0.001000s ]
INFO: [ app_begin ] --START--
INFO: Run Behavior\ReadHtmlCacheBehavior [ RunTime:0.000000s ]
INFO: [ app_begin ] --END-- [ RunTime:0.001000s ]
SQL: SHOW COLUMNS FROM `cc_news` [ RunTime:0.004000s ]
SQL: SELECT `id`,`title`,`date` FROM `cc_news` ORDER BY id desc LIMIT 10   [ RunTime:0.001001s ]
SQL: SHOW COLUMNS FROM `cc_video` [ RunTime:0.005000s ]
SQL: SELECT `id`,`title`,`times`,`file_url` FROM `cc_video` WHERE ( `file_url` <> '' ) ORDER BY times desc LIMIT 5   [ RunTime:0.000000s ]
SQL: SHOW COLUMNS FROM `cc_site_information` [ RunTime:0.003000s ]
SQL: SELECT `title` FROM `cc_site_information`  [ RunTime:0.000000s ]
INFO: [ view_parse ] --START--
INFO: [ template_filter ] --START--
INFO: Run Behavior\ContentReplaceBehavior [ RunTime:0.000000s ]
INFO: [ template_filter ] --END-- [ RunTime:0.001000s ]
INFO: Run Behavior\ParseTemplateBehavior [ RunTime:0.032002s ]
INFO: [ view_parse ] --END-- [ RunTime:0.032002s ]
INFO: [ view_filter ] --START--
INFO: Run Behavior\WriteHtmlCacheBehavior [ RunTime:0.000000s ]
INFO: [ view_filter ] --END-- [ RunTime:0.000000s ]
INFO: [ app_end ] --START--
INFO: Run Behavior\ShowPageTraceBehavior [ RunTime:0.001000s ]
INFO: [ app_end ] --END-- [ RunTime:0.001000s ]

[ 2016-08-24T16:20:27+08:00 ] ::1 /chinacountry/index.php/home/foreshow/index.html
INFO: [ app_init ] --START--
INFO: Run Behavior\BuildLiteBehavior [ RunTime:0.000000s ]
INFO: [ app_init ] --END-- [ RunTime:0.001000s ]
INFO: [ app_begin ] --START--
INFO: Run Behavior\ReadHtmlCacheBehavior [ RunTime:0.001000s ]
INFO: [ app_begin ] --END-- [ RunTime:0.001000s ]
SQL: SHOW COLUMNS FROM `cc_video` [ RunTime:0.004000s ]
SQL: SELECT COUNT(*) AS tp_count FROM `cc_video` WHERE ( `column_id` = 1 ) LIMIT 1   [ RunTime:0.001000s ]
SQL: SELECT `id`,`title`,`date`,`thumbnail`,`introduce` FROM `cc_video` WHERE ( `column_id` = 1 ) ORDER BY id desc LIMIT 0,5   [ RunTime:0.001000s ]
SQL: SHOW COLUMNS FROM `cc_news` [ RunTime:0.004000s ]
SQL: SELECT `id`,`title`,`date` FROM `cc_news` ORDER BY id desc LIMIT 10   [ RunTime:0.001000s ]
SQL: SELECT `id`,`title`,`times`,`file_url` FROM `cc_video` WHERE ( `file_url` <> '' ) ORDER BY times desc LIMIT 5   [ RunTime:0.000000s ]
SQL: SHOW COLUMNS FROM `cc_site_information` [ RunTime:0.004000s ]
SQL: SELECT `title` FROM `cc_site_information`  [ RunTime:0.000000s ]
INFO: [ view_parse ] --START--
INFO: [ template_filter ] --START--
INFO: Run Behavior\ContentReplaceBehavior [ RunTime:0.000000s ]
INFO: [ template_filter ] --END-- [ RunTime:0.000000s ]
INFO: Run Behavior\ParseTemplateBehavior [ RunTime:0.103006s ]
INFO: [ view_parse ] --END-- [ RunTime:0.105006s ]
INFO: [ view_filter ] --START--
INFO: Run Behavior\WriteHtmlCacheBehavior [ RunTime:0.001000s ]
INFO: [ view_filter ] --END-- [ RunTime:0.001000s ]
INFO: [ app_end ] --START--
INFO: Run Behavior\ShowPageTraceBehavior [ RunTime:0.001000s ]
INFO: [ app_end ] --END-- [ RunTime:0.001000s ]

[ 2016-08-24T16:20:28+08:00 ] ::1 /chinacountry/index.php/home/retrospect/index.html
INFO: [ app_init ] --START--
INFO: Run Behavior\BuildLiteBehavior [ RunTime:0.000000s ]
INFO: [ app_init ] --END-- [ RunTime:0.001000s ]
INFO: [ app_begin ] --START--
INFO: Run Behavior\ReadHtmlCacheBehavior [ RunTime:0.001000s ]
INFO: [ app_begin ] --END-- [ RunTime:0.001000s ]
SQL: SHOW COLUMNS FROM `cc_video` [ RunTime:0.003000s ]
SQL: SELECT COUNT(*) AS tp_count FROM `cc_video` WHERE ( `column_id` = 2 ) LIMIT 1   [ RunTime:0.000000s ]
SQL: SELECT `id`,`title`,`date`,`thumbnail`,`introduce` FROM `cc_video` WHERE ( `column_id` = 2 ) ORDER BY id desc LIMIT 0,6   [ RunTime:0.001000s ]
SQL: SHOW COLUMNS FROM `cc_news` [ RunTime:0.003000s ]
SQL: SELECT `id`,`title`,`date` FROM `cc_news` ORDER BY id desc LIMIT 10   [ RunTime:0.001001s ]
SQL: SELECT `id`,`title`,`times`,`file_url` FROM `cc_video` WHERE ( `file_url` <> '' ) ORDER BY times desc LIMIT 5   [ RunTime:0.000000s ]
SQL: SHOW COLUMNS FROM `cc_site_information` [ RunTime:0.004000s ]
SQL: SELECT `title` FROM `cc_site_information`  [ RunTime:0.001000s ]
INFO: [ view_parse ] --START--
INFO: [ template_filter ] --START--
INFO: Run Behavior\ContentReplaceBehavior [ RunTime:0.000000s ]
INFO: [ template_filter ] --END-- [ RunTime:0.001000s ]
INFO: Run Behavior\ParseTemplateBehavior [ RunTime:0.035002s ]
INFO: [ view_parse ] --END-- [ RunTime:0.035002s ]
INFO: [ view_filter ] --START--
INFO: Run Behavior\WriteHtmlCacheBehavior [ RunTime:0.001000s ]
INFO: [ view_filter ] --END-- [ RunTime:0.001000s ]
INFO: [ app_end ] --START--
INFO: Run Behavior\ShowPageTraceBehavior [ RunTime:0.001000s ]
INFO: [ app_end ] --END-- [ RunTime:0.001000s ]

[ 2016-08-24T16:20:29+08:00 ] ::1 /chinacountry/index.php/home/dynamic/index.html
INFO: [ app_init ] --START--
INFO: Run Behavior\BuildLiteBehavior [ RunTime:0.000000s ]
INFO: [ app_init ] --END-- [ RunTime:0.001000s ]
INFO: [ app_begin ] --START--
INFO: Run Behavior\ReadHtmlCacheBehavior [ RunTime:0.001000s ]
INFO: [ app_begin ] --END-- [ RunTime:0.001000s ]
SQL: SHOW COLUMNS FROM `cc_news` [ RunTime:0.003001s ]
SQL: SELECT COUNT(*) AS tp_count FROM `cc_news` LIMIT 1   [ RunTime:0.000000s ]
NOTIC: [8] Undefined variable: where D:\wamp\www\ChinaCountry\ChinaCountry\Home\Controller\DynamicController.class.php 第 23 行.
SQL: SELECT `id`,`title`,`date` FROM `cc_news` ORDER BY id desc LIMIT 0,18   [ RunTime:0.001001s ]
SQL: SHOW COLUMNS FROM `cc_video` [ RunTime:0.003000s ]
SQL: SELECT `id`,`title`,`times`,`file_url` FROM `cc_video` WHERE ( `file_url` <> '' ) ORDER BY times desc LIMIT 5   [ RunTime:0.001000s ]
SQL: SHOW COLUMNS FROM `cc_site_information` [ RunTime:0.003000s ]
SQL: SELECT `title` FROM `cc_site_information`  [ RunTime:0.000000s ]
INFO: [ view_parse ] --START--
INFO: [ template_filter ] --START--
INFO: Run Behavior\ContentReplaceBehavior [ RunTime:0.001000s ]
INFO: [ template_filter ] --END-- [ RunTime:0.001000s ]
INFO: Run Behavior\ParseTemplateBehavior [ RunTime:0.032002s ]
INFO: [ view_parse ] --END-- [ RunTime:0.032002s ]
INFO: [ view_filter ] --START--
INFO: Run Behavior\WriteHtmlCacheBehavior [ RunTime:0.001000s ]
INFO: [ view_filter ] --END-- [ RunTime:0.001000s ]
INFO: [ app_end ] --START--
INFO: Run Behavior\ShowPageTraceBehavior [ RunTime:0.001000s ]
INFO: [ app_end ] --END-- [ RunTime:0.001000s ]

[ 2016-08-24T16:20:30+08:00 ] ::1 /chinacountry/index.php/home/group/index.html
INFO: [ app_init ] --START--
INFO: Run Behavior\BuildLiteBehavior [ RunTime:0.000000s ]
INFO: [ app_init ] --END-- [ RunTime:0.001000s ]
INFO: [ app_begin ] --START--
INFO: Run Behavior\ReadHtmlCacheBehavior [ RunTime:0.001000s ]
INFO: [ app_begin ] --END-- [ RunTime:0.001000s ]
SQL: SHOW COLUMNS FROM `cc_news` [ RunTime:0.003000s ]
SQL: SELECT `id`,`title`,`date` FROM `cc_news` ORDER BY id desc LIMIT 10   [ RunTime:0.001000s ]
SQL: SHOW COLUMNS FROM `cc_video` [ RunTime:0.003001s ]
SQL: SELECT `id`,`title`,`times`,`file_url` FROM `cc_video` WHERE ( `file_url` <> '' ) ORDER BY times desc LIMIT 5   [ RunTime:0.001000s ]
SQL: SHOW COLUMNS FROM `cc_site_information` [ RunTime:0.003000s ]
SQL: SELECT `title` FROM `cc_site_information`  [ RunTime:0.000000s ]
INFO: [ view_parse ] --START--
INFO: [ template_filter ] --START--
INFO: Run Behavior\ContentReplaceBehavior [ RunTime:0.000000s ]
INFO: [ template_filter ] --END-- [ RunTime:0.000000s ]
INFO: Run Behavior\ParseTemplateBehavior [ RunTime:0.033002s ]
INFO: [ view_parse ] --END-- [ RunTime:0.033002s ]
INFO: [ view_filter ] --START--
INFO: Run Behavior\WriteHtmlCacheBehavior [ RunTime:0.001000s ]
INFO: [ view_filter ] --END-- [ RunTime:0.001000s ]
INFO: [ app_end ] --START--
INFO: Run Behavior\ShowPageTraceBehavior [ RunTime:0.001000s ]
INFO: [ app_end ] --END-- [ RunTime:0.001000s ]

[ 2016-08-24T16:20:31+08:00 ] ::1 /chinacountry/index.php/home/contact/index.html
INFO: [ app_init ] --START--
INFO: Run Behavior\BuildLiteBehavior [ RunTime:0.000000s ]
INFO: [ app_init ] --END-- [ RunTime:0.001000s ]
INFO: [ app_begin ] --START--
INFO: Run Behavior\ReadHtmlCacheBehavior [ RunTime:0.000000s ]
INFO: [ app_begin ] --END-- [ RunTime:0.001000s ]
SQL: SHOW COLUMNS FROM `cc_news` [ RunTime:0.004000s ]
SQL: SELECT `id`,`title`,`date` FROM `cc_news` ORDER BY id desc LIMIT 10   [ RunTime:0.000000s ]
SQL: SHOW COLUMNS FROM `cc_video` [ RunTime:0.004000s ]
SQL: SELECT `id`,`title`,`times`,`file_url` FROM `cc_video` WHERE ( `file_url` <> '' ) ORDER BY times desc LIMIT 5   [ RunTime:0.001000s ]
SQL: SHOW COLUMNS FROM `cc_site_information` [ RunTime:0.004000s ]
SQL: SELECT `title` FROM `cc_site_information`  [ RunTime:0.001000s ]
INFO: [ view_parse ] --START--
INFO: [ template_filter ] --START--
INFO: Run Behavior\ContentReplaceBehavior [ RunTime:0.000000s ]
INFO: [ template_filter ] --END-- [ RunTime:0.000000s ]
INFO: Run Behavior\ParseTemplateBehavior [ RunTime:0.030002s ]
INFO: [ view_parse ] --END-- [ RunTime:0.031002s ]
INFO: [ view_filter ] --START--
INFO: Run Behavior\WriteHtmlCacheBehavior [ RunTime:0.000000s ]
INFO: [ view_filter ] --END-- [ RunTime:0.000000s ]
INFO: [ app_end ] --START--
INFO: Run Behavior\ShowPageTraceBehavior [ RunTime:0.000000s ]
INFO: [ app_end ] --END-- [ RunTime:0.001000s ]

[ 2016-08-24T16:20:34+08:00 ] ::1 /chinacountry/index.php/home/search/index.html
INFO: [ app_init ] --START--
INFO: Run Behavior\BuildLiteBehavior [ RunTime:0.000000s ]
INFO: [ app_init ] --END-- [ RunTime:0.000000s ]
INFO: [ app_begin ] --START--
INFO: Run Behavior\ReadHtmlCacheBehavior [ RunTime:0.001000s ]
INFO: [ app_begin ] --END-- [ RunTime:0.001000s ]
SQL: SHOW COLUMNS FROM `cc_video` [ RunTime:0.005000s ]
SQL: SELECT `id`,`title`,`date`,`type` FROM `cc_video` WHERE (  title LIKE '%是%' ) ORDER BY id desc  [ RunTime:0.023002s ]
SQL: SHOW COLUMNS FROM `cc_news` [ RunTime:0.005000s ]
SQL: SELECT `id`,`title`,`date`,`type` FROM `cc_news` WHERE (  title LIKE '%是%' ) ORDER BY id desc  [ RunTime:0.000000s ]
NOTIC: [8] Undefined variable: newarray D:\wamp\www\ChinaCountry\ChinaCountry\Home\Controller\SearchController.class.php 第 32 行.
SQL: SELECT `id`,`title`,`times` FROM `cc_video` ORDER BY times desc LIMIT 5   [ RunTime:0.001000s ]
SQL: SHOW COLUMNS FROM `cc_site_information` [ RunTime:0.006000s ]
SQL: SELECT `title` FROM `cc_site_information`  [ RunTime:0.001001s ]
NOTIC: [8] Undefined variable: newarray D:\wamp\www\ChinaCountry\ChinaCountry\Home\Controller\SearchController.class.php 第 37 行.
INFO: [ view_parse ] --START--
INFO: [ template_filter ] --START--
INFO: Run Behavior\ContentReplaceBehavior [ RunTime:0.001000s ]
INFO: [ template_filter ] --END-- [ RunTime:0.002000s ]
INFO: Run Behavior\ParseTemplateBehavior [ RunTime:0.048002s ]
INFO: [ view_parse ] --END-- [ RunTime:0.049002s ]
INFO: [ view_filter ] --START--
INFO: Run Behavior\WriteHtmlCacheBehavior [ RunTime:0.001000s ]
INFO: [ view_filter ] --END-- [ RunTime:0.001000s ]
INFO: [ app_end ] --START--
INFO: Run Behavior\ShowPageTraceBehavior [ RunTime:0.002000s ]
INFO: [ app_end ] --END-- [ RunTime:0.002000s ]

[ 2016-08-24T16:20:36+08:00 ] ::1 /chinacountry/index.php/home/index/index.html
INFO: [ app_init ] --START--
INFO: Run Behavior\BuildLiteBehavior [ RunTime:0.000000s ]
INFO: [ app_init ] --END-- [ RunTime:0.001000s ]
INFO: [ app_begin ] --START--
INFO: Run Behavior\ReadHtmlCacheBehavior [ RunTime:0.002000s ]
INFO: [ app_begin ] --END-- [ RunTime:0.002000s ]
SQL: SHOW COLUMNS FROM `cc_advertising` [ RunTime:0.005000s ]
SQL: SELECT `id`,`title`,`picture`,`hret` FROM `cc_advertising` LIMIT 3   [ RunTime:0.001000s ]
SQL: SHOW COLUMNS FROM `cc_video` [ RunTime:0.004000s ]
SQL: SELECT `id`,`title`,`date`,`thumbnail` FROM `cc_video` WHERE ( `column_id` = 1 ) LIMIT 3   [ RunTime:0.000000s ]
SQL: SELECT `id`,`title`,`date`,`thumbnail` FROM `cc_video` WHERE ( `column_id` = 2 ) LIMIT 6   [ RunTime:0.000000s ]
SQL: SHOW COLUMNS FROM `cc_news` [ RunTime:0.004000s ]
SQL: SHOW COLUMNS FROM `cc_site_information` [ RunTime:0.004000s ]
SQL: SELECT `title`,`keyword`,`description` FROM `cc_site_information`  [ RunTime:0.000000s ]
INFO: [ view_parse ] --START--
INFO: [ template_filter ] --START--
INFO: Run Behavior\ContentReplaceBehavior [ RunTime:0.000000s ]
INFO: [ template_filter ] --END-- [ RunTime:0.000000s ]
INFO: Run Behavior\ParseTemplateBehavior [ RunTime:0.049003s ]
INFO: [ view_parse ] --END-- [ RunTime:0.049003s ]
INFO: [ view_filter ] --START--
INFO: Run Behavior\WriteHtmlCacheBehavior [ RunTime:0.001000s ]
INFO: [ view_filter ] --END-- [ RunTime:0.001000s ]
INFO: [ app_end ] --START--
INFO: Run Behavior\ShowPageTraceBehavior [ RunTime:0.000000s ]
INFO: [ app_end ] --END-- [ RunTime:0.002000s ]

[ 2016-08-24T16:20:38+08:00 ] ::1 /chinacountry/index.php/home/content/index/id/4.html
INFO: [ app_init ] --START--
INFO: Run Behavior\BuildLiteBehavior [ RunTime:0.000000s ]
INFO: [ app_init ] --END-- [ RunTime:0.001000s ]
INFO: [ app_begin ] --START--
INFO: Run Behavior\ReadHtmlCacheBehavior [ RunTime:0.001000s ]
INFO: [ app_begin ] --END-- [ RunTime:0.001000s ]
SQL: SHOW COLUMNS FROM `cc_video` [ RunTime:0.004000s ]
SQL: SELECT `id`,`title`,`date`,`video`,`file_url`,`introduce`,`thumbnail`,`column_id` FROM `cc_video` WHERE ( `id` = 4 )  [ RunTime:0.001000s ]
SQL: UPDATE `cc_video` SET `times`=times+1 WHERE ( `id` = 4 ) [ RunTime:0.182011s ]
SQL: SELECT `title` FROM `cc_video` WHERE ( `id` = 5 )  [ RunTime:0.000000s ]
SQL: SELECT `title` FROM `cc_video` WHERE ( `id` = 3 )  [ RunTime:0.000000s ]
SQL: SHOW COLUMNS FROM `cc_news` [ RunTime:0.003000s ]
SQL: SELECT `id`,`title`,`date` FROM `cc_news` ORDER BY id desc LIMIT 10   [ RunTime:0.000000s ]
SQL: SELECT `id`,`title`,`times`,`file_url` FROM `cc_video` WHERE ( `file_url` <> '' ) ORDER BY times desc LIMIT 5   [ RunTime:0.010001s ]
SQL: SHOW COLUMNS FROM `cc_column` [ RunTime:0.003000s ]
SQL: SELECT `name`,`url` FROM `cc_column` WHERE ( `id` = 1 )  [ RunTime:0.000000s ]
SQL: SHOW COLUMNS FROM `cc_site_information` [ RunTime:0.003000s ]
SQL: SELECT `title` FROM `cc_site_information`  [ RunTime:0.000000s ]
INFO: [ view_parse ] --START--
INFO: [ template_filter ] --START--
INFO: Run Behavior\ContentReplaceBehavior [ RunTime:0.000000s ]
INFO: [ template_filter ] --END-- [ RunTime:0.000000s ]
INFO: Run Behavior\ParseTemplateBehavior [ RunTime:0.103006s ]
INFO: [ view_parse ] --END-- [ RunTime:0.105006s ]
INFO: [ view_filter ] --START--
INFO: Run Behavior\WriteHtmlCacheBehavior [ RunTime:0.000000s ]
INFO: [ view_filter ] --END-- [ RunTime:0.001000s ]
INFO: [ app_end ] --START--
INFO: Run Behavior\ShowPageTraceBehavior [ RunTime:0.001000s ]
INFO: [ app_end ] --END-- [ RunTime:0.001000s ]

[ 2016-08-24T16:20:48+08:00 ] ::1 /chinacountry/index.php/home/index/index.html
INFO: [ app_init ] --START--
INFO: Run Behavior\BuildLiteBehavior [ RunTime:0.000000s ]
INFO: [ app_init ] --END-- [ RunTime:0.001000s ]
INFO: [ app_begin ] --START--
INFO: Run Behavior\ReadHtmlCacheBehavior [ RunTime:0.000000s ]
INFO: [ app_begin ] --END-- [ RunTime:0.001000s ]
SQL: SHOW COLUMNS FROM `cc_advertising` [ RunTime:0.004000s ]
SQL: SELECT `id`,`title`,`picture`,`hret` FROM `cc_advertising` LIMIT 3   [ RunTime:0.001000s ]
SQL: SHOW COLUMNS FROM `cc_video` [ RunTime:0.003000s ]
SQL: SELECT `id`,`title`,`date`,`thumbnail` FROM `cc_video` WHERE ( `column_id` = 1 ) LIMIT 3   [ RunTime:0.000000s ]
SQL: SELECT `id`,`title`,`date`,`thumbnail` FROM `cc_video` WHERE ( `column_id` = 2 ) LIMIT 6   [ RunTime:0.000000s ]
SQL: SHOW COLUMNS FROM `cc_news` [ RunTime:0.003001s ]
SQL: SHOW COLUMNS FROM `cc_site_information` [ RunTime:0.003000s ]
SQL: SELECT `title`,`keyword`,`description` FROM `cc_site_information`  [ RunTime:0.001000s ]
INFO: [ view_parse ] --START--
INFO: [ template_filter ] --START--
INFO: Run Behavior\ContentReplaceBehavior [ RunTime:0.000000s ]
INFO: [ template_filter ] --END-- [ RunTime:0.000000s ]
INFO: Run Behavior\ParseTemplateBehavior [ RunTime:0.050003s ]
INFO: [ view_parse ] --END-- [ RunTime:0.051003s ]
INFO: [ view_filter ] --START--
INFO: Run Behavior\WriteHtmlCacheBehavior [ RunTime:0.001000s ]
INFO: [ view_filter ] --END-- [ RunTime:0.001000s ]
INFO: [ app_end ] --START--
INFO: Run Behavior\ShowPageTraceBehavior [ RunTime:0.001000s ]
INFO: [ app_end ] --END-- [ RunTime:0.001000s ]

[ 2016-08-24T16:20:52+08:00 ] ::1 /chinacountry/index.php/home/dynamic/index.html
INFO: [ app_init ] --START--
INFO: Run Behavior\BuildLiteBehavior [ RunTime:0.000000s ]
INFO: [ app_init ] --END-- [ RunTime:0.001000s ]
INFO: [ app_begin ] --START--
INFO: Run Behavior\ReadHtmlCacheBehavior [ RunTime:0.001000s ]
INFO: [ app_begin ] --END-- [ RunTime:0.001000s ]
SQL: SHOW COLUMNS FROM `cc_news` [ RunTime:0.003000s ]
SQL: SELECT COUNT(*) AS tp_count FROM `cc_news` LIMIT 1   [ RunTime:0.001000s ]
NOTIC: [8] Undefined variable: where D:\wamp\www\ChinaCountry\ChinaCountry\Home\Controller\DynamicController.class.php 第 23 行.
SQL: SELECT `id`,`title`,`date` FROM `cc_news` ORDER BY id desc LIMIT 0,18   [ RunTime:0.000000s ]
SQL: SHOW COLUMNS FROM `cc_video` [ RunTime:0.003000s ]
SQL: SELECT `id`,`title`,`times`,`file_url` FROM `cc_video` WHERE ( `file_url` <> '' ) ORDER BY times desc LIMIT 5   [ RunTime:0.002000s ]
SQL: SHOW COLUMNS FROM `cc_site_information` [ RunTime:0.003000s ]
SQL: SELECT `title` FROM `cc_site_information`  [ RunTime:0.000000s ]
INFO: [ view_parse ] --START--
INFO: [ template_filter ] --START--
INFO: Run Behavior\ContentReplaceBehavior [ RunTime:0.000000s ]
INFO: [ template_filter ] --END-- [ RunTime:0.001001s ]
INFO: Run Behavior\ParseTemplateBehavior [ RunTime:0.030001s ]
INFO: [ view_parse ] --END-- [ RunTime:0.030001s ]
INFO: [ view_filter ] --START--
INFO: Run Behavior\WriteHtmlCacheBehavior [ RunTime:0.000000s ]
INFO: [ view_filter ] --END-- [ RunTime:0.001000s ]
INFO: [ app_end ] --START--
INFO: Run Behavior\ShowPageTraceBehavior [ RunTime:0.001000s ]
INFO: [ app_end ] --END-- [ RunTime:0.001000s ]

[ 2016-08-24T16:20:54+08:00 ] ::1 /chinacountry/index.php/home/content/newsdetails/id/2.html
INFO: [ app_init ] --START--
INFO: Run Behavior\BuildLiteBehavior [ RunTime:0.000000s ]
INFO: [ app_init ] --END-- [ RunTime:0.000000s ]
INFO: [ app_begin ] --START--
INFO: Run Behavior\ReadHtmlCacheBehavior [ RunTime:0.000000s ]
INFO: [ app_begin ] --END-- [ RunTime:0.001000s ]
SQL: SHOW COLUMNS FROM `cc_news` [ RunTime:0.002000s ]
SQL: SELECT `id`,`title`,`date`,`content` FROM `cc_news` WHERE ( `id` = 2 )  [ RunTime:0.001000s ]
SQL: SHOW COLUMNS FROM `cc_video` [ RunTime:0.003000s ]
SQL: UPDATE `cc_video` SET `times`=times+1 WHERE ( `id` = 2 ) [ RunTime:0.001000s ]
SQL: SELECT `id`,`title` FROM `cc_news` WHERE ( `id` = 3 )  [ RunTime:0.000000s ]
SQL: SELECT `id`,`title` FROM `cc_news` WHERE ( `id` = 1 )  [ RunTime:0.001001s ]
SQL: SELECT `id`,`title`,`date` FROM `cc_news` ORDER BY id desc LIMIT 10   [ RunTime:0.001000s ]
SQL: SELECT `id`,`title`,`times` FROM `cc_video` ORDER BY times desc LIMIT 5   [ RunTime:0.001000s ]
SQL: SHOW COLUMNS FROM `cc_site_information` [ RunTime:0.008000s ]
SQL: SELECT `title` FROM `cc_site_information`  [ RunTime:0.001000s ]
INFO: [ view_parse ] --START--
INFO: [ template_filter ] --START--
INFO: Run Behavior\ContentReplaceBehavior [ RunTime:0.000000s ]
INFO: [ template_filter ] --END-- [ RunTime:0.001000s ]
INFO: Run Behavior\ParseTemplateBehavior [ RunTime:0.035002s ]
INFO: [ view_parse ] --END-- [ RunTime:0.035002s ]
INFO: [ view_filter ] --START--
INFO: Run Behavior\WriteHtmlCacheBehavior [ RunTime:0.000000s ]
INFO: [ view_filter ] --END-- [ RunTime:0.000000s ]
INFO: [ app_end ] --START--
INFO: Run Behavior\ShowPageTraceBehavior [ RunTime:0.000000s ]
INFO: [ app_end ] --END-- [ RunTime:0.001000s ]

[ 2016-08-24T16:38:08+08:00 ] ::1 /chinacountry/index.php/admin/settings/site.html
INFO: [ app_init ] --START--
INFO: Run Behavior\BuildLiteBehavior [ RunTime:0.000000s ]
INFO: [ app_init ] --END-- [ RunTime:0.001000s ]

