[ 2016-08-19T09:56:03+08:00 ] ::1 /ChinaCountry/
INFO: [ app_init ] --START--
INFO: Run Behavior\BuildLiteBehavior [ RunTime:0.000000s ]
INFO: [ app_init ] --END-- [ RunTime:0.001000s ]
INFO: [ app_begin ] --START--
INFO: Run Behavior\ReadHtmlCacheBehavior [ RunTime:0.001000s ]
INFO: [ app_begin ] --END-- [ RunTime:0.001000s ]
SQL: SHOW COLUMNS FROM `cc_advertising` [ RunTime:0.092006s ]
SQL: SELECT `id`,`title`,`picture`,`hret` FROM `cc_advertising` LIMIT 3   [ RunTime:0.001000s ]
SQL: SHOW COLUMNS FROM `cc_video` [ RunTime:0.052003s ]
SQL: SELECT `id`,`title`,`date`,`thumbnail` FROM `cc_video` WHERE ( `column_id` = 1 ) LIMIT 3   [ RunTime:0.001000s ]
SQL: SELECT `id`,`title`,`date`,`thumbnail` FROM `cc_video` WHERE ( `column_id` = 2 ) LIMIT 6   [ RunTime:0.001000s ]
SQL: SHOW COLUMNS FROM `cc_news` [ RunTime:0.043003s ]
SQL: SELECT `id`,`title`,`date` FROM `cc_news` ORDER BY id desc LIMIT 10   [ RunTime:0.001000s ]
INFO: [ view_parse ] --START--
INFO: [ template_filter ] --START--
INFO: Run Behavior\ContentReplaceBehavior [ RunTime:0.000000s ]
INFO: [ template_filter ] --END-- [ RunTime:0.000000s ]
INFO: Run Behavior\ParseTemplateBehavior [ RunTime:0.106006s ]
INFO: [ view_parse ] --END-- [ RunTime:0.107006s ]
INFO: [ view_filter ] --START--
INFO: Run Behavior\WriteHtmlCacheBehavior [ RunTime:0.000000s ]
INFO: [ view_filter ] --END-- [ RunTime:0.001000s ]
INFO: [ app_end ] --START--
INFO: Run Behavior\ShowPageTraceBehavior [ RunTime:0.001000s ]
INFO: [ app_end ] --END-- [ RunTime:0.001000s ]

[ 2016-08-19T10:32:06+08:00 ] ::1 /ChinaCountry/index.php/admin
INFO: [ app_init ] --START--
INFO: Run Behavior\BuildLiteBehavior [ RunTime:0.000000s ]
INFO: [ app_init ] --END-- [ RunTime:0.000000s ]

[ 2016-08-19T10:32:06+08:00 ] ::1 /chinacountry/index.php/admin/login/logform.html
INFO: [ app_init ] --START--
INFO: Run Behavior\BuildLiteBehavior [ RunTime:0.000000s ]
INFO: [ app_init ] --END-- [ RunTime:0.000000s ]

[ 2016-08-19T10:32:07+08:00 ] ::1 /chinacountry/index.php/admin/login/startcaptchaservlet/t/1471573926.html
INFO: [ app_init ] --START--
INFO: Run Behavior\BuildLiteBehavior [ RunTime:0.000000s ]
INFO: [ app_init ] --END-- [ RunTime:0.001000s ]
INFO: [ app_begin ] --START--
INFO: Run Behavior\ReadHtmlCacheBehavior [ RunTime:0.001000s ]
INFO: Run Admin\Behavior\CronRunBehavior [ RunTime:0.000000s ]
INFO: [ app_begin ] --END-- [ RunTime:0.002000s ]
INFO: [ app_end ] --START--
INFO: Run Behavior\ShowPageTraceBehavior [ RunTime:0.001000s ]
INFO: Run Admin\Behavior\ViewBehavior [ RunTime:0.001000s ]
INFO: [ app_end ] --END-- [ RunTime:0.003000s ]

[ 2016-08-19T10:32:11+08:00 ] ::1 /chinacountry/index.php/Admin/Login/logTodo
INFO: [ app_init ] --START--
INFO: Run Behavior\BuildLiteBehavior [ RunTime:0.000000s ]
INFO: [ app_init ] --END-- [ RunTime:0.000000s ]

[ 2016-08-19T10:32:11+08:00 ] ::1 /chinacountry/index.php/admin/index/index.html
INFO: [ app_init ] --START--
INFO: Run Behavior\BuildLiteBehavior [ RunTime:0.000000s ]
INFO: [ app_init ] --END-- [ RunTime:0.001000s ]

[ 2016-08-19T10:32:15+08:00 ] ::1 /chinacountry/index.php/admin/auth/index.html
INFO: [ app_init ] --START--
INFO: Run Behavior\BuildLiteBehavior [ RunTime:0.000000s ]
INFO: [ app_init ] --END-- [ RunTime:0.002001s ]

[ 2016-08-19T10:32:42+08:00 ] ::1 /chinacountry/index.php/admin/user/index.html
INFO: [ app_init ] --START--
INFO: Run Behavior\BuildLiteBehavior [ RunTime:0.000000s ]
INFO: [ app_init ] --END-- [ RunTime:0.000000s ]

[ 2016-08-19T10:32:58+08:00 ] ::1 /chinacountry/index.php/admin/role/index.html
INFO: [ app_init ] --START--
INFO: Run Behavior\BuildLiteBehavior [ RunTime:0.000000s ]
INFO: [ app_init ] --END-- [ RunTime:0.001000s ]

[ 2016-08-19T10:33:06+08:00 ] ::1 /chinacountry/index.php/admin/user/index.html
INFO: [ app_init ] --START--
INFO: Run Behavior\BuildLiteBehavior [ RunTime:0.000000s ]
INFO: [ app_init ] --END-- [ RunTime:0.000000s ]

[ 2016-08-19T10:33:10+08:00 ] ::1 /chinacountry/index.php/admin/user/setAuthGroupAccess/group_id/19/id/3
INFO: [ app_init ] --START--
INFO: Run Behavior\BuildLiteBehavior [ RunTime:0.000000s ]
INFO: [ app_init ] --END-- [ RunTime:0.000000s ]
INFO: [ app_begin ] --START--
INFO: Run Behavior\ReadHtmlCacheBehavior [ RunTime:0.000000s ]
INFO: Run Admin\Behavior\CronRunBehavior [ RunTime:0.000000s ]
INFO: [ app_begin ] --END-- [ RunTime:0.000000s ]
SQL: SHOW COLUMNS FROM `cc_auth_rule` [ RunTime:0.003001s ]
SQL: SELECT `name`,`title` FROM `cc_auth_rule` WHERE ( status = 1 )  [ RunTime:0.000000s ]
SQL: SHOW COLUMNS FROM `cc_auth_group_access` [ RunTime:0.003000s ]
SQL: SELECT `rules` FROM cc_auth_group_access a INNER JOIN cc_auth_group g on a.group_id=g.id  WHERE ( a.uid='1' and g.status='1' )  [ RunTime:0.001000s ]
SQL: SHOW COLUMNS FROM `cc_auth_rule` [ RunTime:0.003000s ]
SQL: SELECT `condition`,`name` FROM `cc_auth_rule` WHERE ( `id` IN ('2','3','4','5','6','7','8','10','12','13','11','14','15','17','18','19','20','21','1','9','16','23','24','25','26','27','32','31','36','30') ) AND ( `type` = 1 ) AND ( `status` = 1 )  [ RunTime:0.000000s ]
SQL: SHOW COLUMNS FROM `cc_auth_group_access` [ RunTime:0.003001s ]
SQL: UPDATE `cc_auth_group_access` SET `group_id`=19 WHERE ( `uid` = 3 ) [ RunTime:0.001000s ]

[ 2016-08-19T10:33:13+08:00 ] ::1 /chinacountry/index.php/admin/login/logout.html
INFO: [ app_init ] --START--
INFO: Run Behavior\BuildLiteBehavior [ RunTime:0.000000s ]
INFO: [ app_init ] --END-- [ RunTime:0.001000s ]

[ 2016-08-19T10:33:13+08:00 ] ::1 /chinacountry/index.php/admin/index/index.html
INFO: [ app_init ] --START--
INFO: Run Behavior\BuildLiteBehavior [ RunTime:0.000000s ]
INFO: [ app_init ] --END-- [ RunTime:0.001000s ]

[ 2016-08-19T10:33:13+08:00 ] ::1 /chinacountry/index.php/admin/login/logform.html
INFO: [ app_init ] --START--
INFO: Run Behavior\BuildLiteBehavior [ RunTime:0.000000s ]
INFO: [ app_init ] --END-- [ RunTime:0.001000s ]

[ 2016-08-19T10:33:13+08:00 ] ::1 /chinacountry/index.php/admin/login/startcaptchaservlet/t/1471573993.html
INFO: [ app_init ] --START--
INFO: Run Behavior\BuildLiteBehavior [ RunTime:0.000000s ]
INFO: [ app_init ] --END-- [ RunTime:0.001000s ]
INFO: [ app_begin ] --START--
INFO: Run Behavior\ReadHtmlCacheBehavior [ RunTime:0.001001s ]
INFO: Run Admin\Behavior\CronRunBehavior [ RunTime:0.002000s ]
INFO: [ app_begin ] --END-- [ RunTime:0.004001s ]
INFO: [ app_end ] --START--
INFO: Run Behavior\ShowPageTraceBehavior [ RunTime:0.000000s ]
INFO: Run Admin\Behavior\ViewBehavior [ RunTime:0.001000s ]
INFO: [ app_end ] --END-- [ RunTime:0.002000s ]

[ 2016-08-19T10:33:21+08:00 ] ::1 /chinacountry/index.php/Admin/Login/logTodo
INFO: [ app_init ] --START--
INFO: Run Behavior\BuildLiteBehavior [ RunTime:0.000000s ]
INFO: [ app_init ] --END-- [ RunTime:0.000000s ]

[ 2016-08-19T10:33:21+08:00 ] ::1 /chinacountry/index.php/admin/index/index.html
INFO: [ app_init ] --START--
INFO: Run Behavior\BuildLiteBehavior [ RunTime:0.000000s ]
INFO: [ app_init ] --END-- [ RunTime:0.001000s ]

[ 2016-08-19T10:33:25+08:00 ] ::1 /chinacountry/index.php/admin/column/index.html
INFO: [ app_init ] --START--
INFO: Run Behavior\BuildLiteBehavior [ RunTime:0.000000s ]
INFO: [ app_init ] --END-- [ RunTime:0.001000s ]

[ 2016-08-19T10:33:28+08:00 ] ::1 /chinacountry/index.php/admin/column/edit/id/1.html
INFO: [ app_init ] --START--
INFO: Run Behavior\BuildLiteBehavior [ RunTime:0.000000s ]
INFO: [ app_init ] --END-- [ RunTime:0.002000s ]

[ 2016-08-19T10:33:31+08:00 ] ::1 /chinacountry/index.php/admin/news/index.html
INFO: [ app_init ] --START--
INFO: Run Behavior\BuildLiteBehavior [ RunTime:0.000000s ]
INFO: [ app_init ] --END-- [ RunTime:0.001000s ]

[ 2016-08-19T10:33:32+08:00 ] ::1 /chinacountry/index.php/admin/auth/index.html
INFO: [ app_init ] --START--
INFO: Run Behavior\BuildLiteBehavior [ RunTime:0.000000s ]
INFO: [ app_init ] --END-- [ RunTime:0.000000s ]

[ 2016-08-19T10:33:37+08:00 ] ::1 /chinacountry/index.php/admin/role/index.html
INFO: [ app_init ] --START--
INFO: Run Behavior\BuildLiteBehavior [ RunTime:0.000000s ]
INFO: [ app_init ] --END-- [ RunTime:0.001000s ]

[ 2016-08-19T10:33:42+08:00 ] ::1 /chinacountry/index.php/admin/column/index.html
INFO: [ app_init ] --START--
INFO: Run Behavior\BuildLiteBehavior [ RunTime:0.000000s ]
INFO: [ app_init ] --END-- [ RunTime:0.000000s ]

[ 2016-08-19T10:33:43+08:00 ] ::1 /chinacountry/index.php/admin/column/edit/id/1.html
INFO: [ app_init ] --START--
INFO: Run Behavior\BuildLiteBehavior [ RunTime:0.000000s ]
INFO: [ app_init ] --END-- [ RunTime:0.000000s ]

[ 2016-08-19T10:33:47+08:00 ] ::1 /chinacountry/index.php/admin/column/add.html
INFO: [ app_init ] --START--
INFO: Run Behavior\BuildLiteBehavior [ RunTime:0.000000s ]
INFO: [ app_init ] --END-- [ RunTime:0.001000s ]

[ 2016-08-19T10:33:50+08:00 ] ::1 /chinacountry/index.php/admin/news/index.html
INFO: [ app_init ] --START--
INFO: Run Behavior\BuildLiteBehavior [ RunTime:0.000000s ]
INFO: [ app_init ] --END-- [ RunTime:0.001000s ]

[ 2016-08-19T10:33:52+08:00 ] ::1 /chinacountry/index.php/admin/advertising/index.html
INFO: [ app_init ] --START--
INFO: Run Behavior\BuildLiteBehavior [ RunTime:0.000000s ]
INFO: [ app_init ] --END-- [ RunTime:0.001000s ]

[ 2016-08-19T10:33:54+08:00 ] ::1 /chinacountry/index.php/admin/advertising/add.html
INFO: [ app_init ] --START--
INFO: Run Behavior\BuildLiteBehavior [ RunTime:0.000000s ]
INFO: [ app_init ] --END-- [ RunTime:0.001000s ]

[ 2016-08-19T10:33:56+08:00 ] ::1 /chinacountry/index.php/admin/user/index.html
INFO: [ app_init ] --START--
INFO: Run Behavior\BuildLiteBehavior [ RunTime:0.000000s ]
INFO: [ app_init ] --END-- [ RunTime:0.001000s ]

[ 2016-08-19T10:34:02+08:00 ] ::1 /chinacountry/index.php/admin/user/add.html
INFO: [ app_init ] --START--
INFO: Run Behavior\BuildLiteBehavior [ RunTime:0.000000s ]
INFO: [ app_init ] --END-- [ RunTime:0.001000s ]

[ 2016-08-19T10:34:07+08:00 ] ::1 /chinacountry/index.php/admin/bak/index.html
INFO: [ app_init ] --START--
INFO: Run Behavior\BuildLiteBehavior [ RunTime:0.000000s ]
INFO: [ app_init ] --END-- [ RunTime:0.001000s ]

[ 2016-08-19T10:34:14+08:00 ] ::1 /chinacountry/index.php/admin/bak/backups.html
INFO: [ app_init ] --START--
INFO: Run Behavior\BuildLiteBehavior [ RunTime:0.000000s ]
INFO: [ app_init ] --END-- [ RunTime:0.001000s ]

[ 2016-08-19T10:34:16+08:00 ] ::1 /chinacountry/index.php/admin/login/logout.html
INFO: [ app_init ] --START--
INFO: Run Behavior\BuildLiteBehavior [ RunTime:0.000000s ]
INFO: [ app_init ] --END-- [ RunTime:0.000000s ]

[ 2016-08-19T10:34:16+08:00 ] ::1 /chinacountry/index.php/admin/index/index.html
INFO: [ app_init ] --START--
INFO: Run Behavior\BuildLiteBehavior [ RunTime:0.000000s ]
INFO: [ app_init ] --END-- [ RunTime:0.000000s ]

[ 2016-08-19T10:34:16+08:00 ] ::1 /chinacountry/index.php/admin/login/logform.html
INFO: [ app_init ] --START--
INFO: Run Behavior\BuildLiteBehavior [ RunTime:0.000000s ]
INFO: [ app_init ] --END-- [ RunTime:0.000000s ]

[ 2016-08-19T10:34:16+08:00 ] ::1 /chinacountry/index.php/admin/login/startcaptchaservlet/t/1471574056.html
INFO: [ app_init ] --START--
INFO: Run Behavior\BuildLiteBehavior [ RunTime:0.000000s ]
INFO: [ app_init ] --END-- [ RunTime:0.001000s ]
INFO: [ app_begin ] --START--
INFO: Run Behavior\ReadHtmlCacheBehavior [ RunTime:0.000000s ]
INFO: Run Admin\Behavior\CronRunBehavior [ RunTime:0.001000s ]
INFO: [ app_begin ] --END-- [ RunTime:0.002000s ]
INFO: [ app_end ] --START--
INFO: Run Behavior\ShowPageTraceBehavior [ RunTime:0.001000s ]
INFO: Run Admin\Behavior\ViewBehavior [ RunTime:0.000000s ]
INFO: [ app_end ] --END-- [ RunTime:0.001000s ]

[ 2016-08-19T10:34:20+08:00 ] ::1 /chinacountry/index.php/Admin/Login/logTodo
INFO: [ app_init ] --START--
INFO: Run Behavior\BuildLiteBehavior [ RunTime:0.000000s ]
INFO: [ app_init ] --END-- [ RunTime:0.001000s ]

[ 2016-08-19T10:34:20+08:00 ] ::1 /chinacountry/index.php/admin/index/index.html
INFO: [ app_init ] --START--
INFO: Run Behavior\BuildLiteBehavior [ RunTime:0.001001s ]
INFO: [ app_init ] --END-- [ RunTime:0.001001s ]

[ 2016-08-19T10:34:22+08:00 ] ::1 /chinacountry/index.php/admin/role/index.html
INFO: [ app_init ] --START--
INFO: Run Behavior\BuildLiteBehavior [ RunTime:0.000000s ]
INFO: [ app_init ] --END-- [ RunTime:0.000000s ]

[ 2016-08-19T10:34:34+08:00 ] ::1 /chinacountry/index.php/admin/role/setAuthGroup/rule/29/id/1
INFO: [ app_init ] --START--
INFO: Run Behavior\BuildLiteBehavior [ RunTime:0.000000s ]
INFO: [ app_init ] --END-- [ RunTime:0.001000s ]
INFO: [ app_begin ] --START--
INFO: Run Behavior\ReadHtmlCacheBehavior [ RunTime:0.000000s ]
INFO: Run Admin\Behavior\CronRunBehavior [ RunTime:0.001000s ]
INFO: [ app_begin ] --END-- [ RunTime:0.002000s ]
SQL: SHOW COLUMNS FROM `cc_auth_rule` [ RunTime:0.003000s ]
SQL: SELECT `name`,`title` FROM `cc_auth_rule` WHERE ( status = 1 )  [ RunTime:0.000000s ]
SQL: SHOW COLUMNS FROM `cc_auth_group_access` [ RunTime:0.003000s ]
SQL: SELECT `rules` FROM cc_auth_group_access a INNER JOIN cc_auth_group g on a.group_id=g.id  WHERE ( a.uid='1' and g.status='1' )  [ RunTime:0.001000s ]
SQL: SHOW COLUMNS FROM `cc_auth_rule` [ RunTime:0.003000s ]
SQL: SELECT `condition`,`name` FROM `cc_auth_rule` WHERE ( `id` IN ('2','3','4','5','6','7','8','10','12','13','11','14','15','17','18','19','20','21','1','9','16','23','24','25','26','27','32','31','36','30') ) AND ( `type` = 1 ) AND ( `status` = 1 )  [ RunTime:0.001001s ]
SQL: SHOW COLUMNS FROM `cc_auth_group` [ RunTime:0.004000s ]
SQL: SELECT `rules` FROM `cc_auth_group` WHERE ( `id` = 1 ) LIMIT 1   [ RunTime:0.001000s ]
SQL: UPDATE `cc_auth_group` SET `rules`='2,3,4,5,6,7,8,10,12,13,11,14,15,17,18,19,20,21,1,9,16,23,24,25,26,27,32,31,36,30,29' WHERE ( `id` = 1 ) [ RunTime:0.183010s ]

[ 2016-08-19T10:34:37+08:00 ] ::1 /chinacountry/index.php/admin/role/setAuthGroup/rule/28/id/1
INFO: [ app_init ] --START--
INFO: Run Behavior\BuildLiteBehavior [ RunTime:0.000000s ]
INFO: [ app_init ] --END-- [ RunTime:0.001000s ]
INFO: [ app_begin ] --START--
INFO: Run Behavior\ReadHtmlCacheBehavior [ RunTime:0.001000s ]
INFO: Run Admin\Behavior\CronRunBehavior [ RunTime:0.001000s ]
INFO: [ app_begin ] --END-- [ RunTime:0.002000s ]
SQL: SHOW COLUMNS FROM `cc_auth_rule` [ RunTime:0.003000s ]
SQL: SELECT `name`,`title` FROM `cc_auth_rule` WHERE ( status = 1 )  [ RunTime:0.001000s ]
SQL: SHOW COLUMNS FROM `cc_auth_group_access` [ RunTime:0.003000s ]
SQL: SELECT `rules` FROM cc_auth_group_access a INNER JOIN cc_auth_group g on a.group_id=g.id  WHERE ( a.uid='1' and g.status='1' )  [ RunTime:0.001000s ]
SQL: SHOW COLUMNS FROM `cc_auth_rule` [ RunTime:0.003000s ]
SQL: SELECT `condition`,`name` FROM `cc_auth_rule` WHERE ( `id` IN ('2','3','4','5','6','7','8','10','12','13','11','14','15','17','18','19','20','21','1','9','16','23','24','25','26','27','32','31','36','30','29') ) AND ( `type` = 1 ) AND ( `status` = 1 )  [ RunTime:0.000000s ]
SQL: SHOW COLUMNS FROM `cc_auth_group` [ RunTime:0.003001s ]
SQL: SELECT `rules` FROM `cc_auth_group` WHERE ( `id` = 1 ) LIMIT 1   [ RunTime:0.000000s ]
SQL: UPDATE `cc_auth_group` SET `rules`='2,3,4,5,6,7,8,10,12,13,11,14,15,17,18,19,20,21,1,9,16,23,24,25,26,27,32,31,36,30,29,28' WHERE ( `id` = 1 ) [ RunTime:0.041002s ]

[ 2016-08-19T10:34:39+08:00 ] ::1 /chinacountry/index.php/admin/role/setAuthGroup/rule/33/id/1
INFO: [ app_init ] --START--
INFO: Run Behavior\BuildLiteBehavior [ RunTime:0.000000s ]
INFO: [ app_init ] --END-- [ RunTime:0.000000s ]
INFO: [ app_begin ] --START--
INFO: Run Behavior\ReadHtmlCacheBehavior [ RunTime:0.001000s ]
INFO: Run Admin\Behavior\CronRunBehavior [ RunTime:0.001000s ]
INFO: [ app_begin ] --END-- [ RunTime:0.002000s ]
SQL: SHOW COLUMNS FROM `cc_auth_rule` [ RunTime:0.003000s ]
SQL: SELECT `name`,`title` FROM `cc_auth_rule` WHERE ( status = 1 )  [ RunTime:0.000000s ]
SQL: SHOW COLUMNS FROM `cc_auth_group_access` [ RunTime:0.002000s ]
SQL: SELECT `rules` FROM cc_auth_group_access a INNER JOIN cc_auth_group g on a.group_id=g.id  WHERE ( a.uid='1' and g.status='1' )  [ RunTime:0.000000s ]
SQL: SHOW COLUMNS FROM `cc_auth_rule` [ RunTime:0.003001s ]
SQL: SELECT `condition`,`name` FROM `cc_auth_rule` WHERE ( `id` IN ('2','3','4','5','6','7','8','10','12','13','11','14','15','17','18','19','20','21','1','9','16','23','24','25','26','27','32','31','36','30','29','28') ) AND ( `type` = 1 ) AND ( `status` = 1 )  [ RunTime:0.001000s ]
SQL: SHOW COLUMNS FROM `cc_auth_group` [ RunTime:0.002000s ]
SQL: SELECT `rules` FROM `cc_auth_group` WHERE ( `id` = 1 ) LIMIT 1   [ RunTime:0.001000s ]
SQL: UPDATE `cc_auth_group` SET `rules`='2,3,4,5,6,7,8,10,12,13,11,14,15,17,18,19,20,21,1,9,16,23,24,25,26,27,32,31,36,30,29,28,33' WHERE ( `id` = 1 ) [ RunTime:0.034002s ]

[ 2016-08-19T10:34:40+08:00 ] ::1 /chinacountry/index.php/admin/role/setAuthGroup/rule/35/id/1
INFO: [ app_init ] --START--
INFO: Run Behavior\BuildLiteBehavior [ RunTime:0.000000s ]
INFO: [ app_init ] --END-- [ RunTime:0.001000s ]
INFO: [ app_begin ] --START--
INFO: Run Behavior\ReadHtmlCacheBehavior [ RunTime:0.001000s ]
INFO: Run Admin\Behavior\CronRunBehavior [ RunTime:0.000000s ]
INFO: [ app_begin ] --END-- [ RunTime:0.002001s ]
SQL: SHOW COLUMNS FROM `cc_auth_rule` [ RunTime:0.003000s ]
SQL: SELECT `name`,`title` FROM `cc_auth_rule` WHERE ( status = 1 )  [ RunTime:0.000000s ]
SQL: SHOW COLUMNS FROM `cc_auth_group_access` [ RunTime:0.003001s ]
SQL: SELECT `rules` FROM cc_auth_group_access a INNER JOIN cc_auth_group g on a.group_id=g.id  WHERE ( a.uid='1' and g.status='1' )  [ RunTime:0.001000s ]
SQL: SHOW COLUMNS FROM `cc_auth_rule` [ RunTime:0.003000s ]
SQL: SELECT `condition`,`name` FROM `cc_auth_rule` WHERE ( `id` IN ('2','3','4','5','6','7','8','10','12','13','11','14','15','17','18','19','20','21','1','9','16','23','24','25','26','27','32','31','36','30','29','28','33') ) AND ( `type` = 1 ) AND ( `status` = 1 )  [ RunTime:0.001000s ]
SQL: SHOW COLUMNS FROM `cc_auth_group` [ RunTime:0.002000s ]
SQL: SELECT `rules` FROM `cc_auth_group` WHERE ( `id` = 1 ) LIMIT 1   [ RunTime:0.001000s ]
SQL: UPDATE `cc_auth_group` SET `rules`='2,3,4,5,6,7,8,10,12,13,11,14,15,17,18,19,20,21,1,9,16,23,24,25,26,27,32,31,36,30,29,28,33,35' WHERE ( `id` = 1 ) [ RunTime:0.109007s ]

[ 2016-08-19T10:34:42+08:00 ] ::1 /chinacountry/index.php/admin/role/setAuthGroup/rule/34/id/1
INFO: [ app_init ] --START--
INFO: Run Behavior\BuildLiteBehavior [ RunTime:0.000000s ]
INFO: [ app_init ] --END-- [ RunTime:0.001000s ]
INFO: [ app_begin ] --START--
INFO: Run Behavior\ReadHtmlCacheBehavior [ RunTime:0.001000s ]
INFO: Run Admin\Behavior\CronRunBehavior [ RunTime:0.000000s ]
INFO: [ app_begin ] --END-- [ RunTime:0.002000s ]
SQL: SHOW COLUMNS FROM `cc_auth_rule` [ RunTime:0.003000s ]
SQL: SELECT `name`,`title` FROM `cc_auth_rule` WHERE ( status = 1 )  [ RunTime:0.001000s ]
SQL: SHOW COLUMNS FROM `cc_auth_group_access` [ RunTime:0.003000s ]
SQL: SELECT `rules` FROM cc_auth_group_access a INNER JOIN cc_auth_group g on a.group_id=g.id  WHERE ( a.uid='1' and g.status='1' )  [ RunTime:0.000000s ]
SQL: SHOW COLUMNS FROM `cc_auth_rule` [ RunTime:0.002000s ]
SQL: SELECT `condition`,`name` FROM `cc_auth_rule` WHERE ( `id` IN ('2','3','4','5','6','7','8','10','12','13','11','14','15','17','18','19','20','21','1','9','16','23','24','25','26','27','32','31','36','30','29','28','33','35') ) AND ( `type` = 1 ) AND ( `status` = 1 )  [ RunTime:0.000000s ]
SQL: SHOW COLUMNS FROM `cc_auth_group` [ RunTime:0.003000s ]
SQL: SELECT `rules` FROM `cc_auth_group` WHERE ( `id` = 1 ) LIMIT 1   [ RunTime:0.000000s ]
SQL: UPDATE `cc_auth_group` SET `rules`='2,3,4,5,6,7,8,10,12,13,11,14,15,17,18,19,20,21,1,9,16,23,24,25,26,27,32,31,36,30,29,28,33,35,34' WHERE ( `id` = 1 ) [ RunTime:0.037002s ]

[ 2016-08-19T10:36:53+08:00 ] ::1 /chinacountry/index.php/admin/role/setAuthGroup/rule/28/id/19
INFO: [ app_init ] --START--
INFO: Run Behavior\BuildLiteBehavior [ RunTime:0.000000s ]
INFO: [ app_init ] --END-- [ RunTime:0.000000s ]
INFO: [ app_begin ] --START--
INFO: Run Behavior\ReadHtmlCacheBehavior [ RunTime:0.001000s ]
INFO: Run Admin\Behavior\CronRunBehavior [ RunTime:0.001000s ]
INFO: [ app_begin ] --END-- [ RunTime:0.002000s ]
SQL: SHOW COLUMNS FROM `cc_auth_rule` [ RunTime:0.004000s ]
SQL: SELECT `name`,`title` FROM `cc_auth_rule` WHERE ( status = 1 )  [ RunTime:0.000000s ]
SQL: SHOW COLUMNS FROM `cc_auth_group_access` [ RunTime:0.003000s ]
SQL: SELECT `rules` FROM cc_auth_group_access a INNER JOIN cc_auth_group g on a.group_id=g.id  WHERE ( a.uid='1' and g.status='1' )  [ RunTime:0.000000s ]
SQL: SHOW COLUMNS FROM `cc_auth_rule` [ RunTime:0.003000s ]
SQL: SELECT `condition`,`name` FROM `cc_auth_rule` WHERE ( `id` IN ('2','3','4','5','6','7','8','10','12','13','11','14','15','17','18','19','20','21','1','9','16','23','24','25','26','27','32','31','36','30','29','28','33','35','34') ) AND ( `type` = 1 ) AND ( `status` = 1 )  [ RunTime:0.001000s ]
SQL: SHOW COLUMNS FROM `cc_auth_group` [ RunTime:0.003000s ]
SQL: SELECT `rules` FROM `cc_auth_group` WHERE ( `id` = 19 ) LIMIT 1   [ RunTime:0.000000s ]
SQL: UPDATE `cc_auth_group` SET `rules`='1,25,29,30,31,32,33,34,35,36' WHERE ( `id` = 19 ) [ RunTime:0.080005s ]

[ 2016-08-19T10:36:56+08:00 ] ::1 /chinacountry/index.php/admin/role/setAuthGroup/rule/29/id/19
INFO: [ app_init ] --START--
INFO: Run Behavior\BuildLiteBehavior [ RunTime:0.000000s ]
INFO: [ app_init ] --END-- [ RunTime:0.000000s ]
INFO: [ app_begin ] --START--
INFO: Run Behavior\ReadHtmlCacheBehavior [ RunTime:0.001000s ]
INFO: Run Admin\Behavior\CronRunBehavior [ RunTime:0.001000s ]
INFO: [ app_begin ] --END-- [ RunTime:0.002000s ]
SQL: SHOW COLUMNS FROM `cc_auth_rule` [ RunTime:0.003000s ]
SQL: SELECT `name`,`title` FROM `cc_auth_rule` WHERE ( status = 1 )  [ RunTime:0.001000s ]
SQL: SHOW COLUMNS FROM `cc_auth_group_access` [ RunTime:0.003000s ]
SQL: SELECT `rules` FROM cc_auth_group_access a INNER JOIN cc_auth_group g on a.group_id=g.id  WHERE ( a.uid='1' and g.status='1' )  [ RunTime:0.000000s ]
SQL: SHOW COLUMNS FROM `cc_auth_rule` [ RunTime:0.003000s ]
SQL: SELECT `condition`,`name` FROM `cc_auth_rule` WHERE ( `id` IN ('2','3','4','5','6','7','8','10','12','13','11','14','15','17','18','19','20','21','1','9','16','23','24','25','26','27','32','31','36','30','29','28','33','35','34') ) AND ( `type` = 1 ) AND ( `status` = 1 )  [ RunTime:0.001000s ]
SQL: SHOW COLUMNS FROM `cc_auth_group` [ RunTime:0.003000s ]
SQL: SELECT `rules` FROM `cc_auth_group` WHERE ( `id` = 19 ) LIMIT 1   [ RunTime:0.000000s ]
SQL: UPDATE `cc_auth_group` SET `rules`='1,25,30,31,32,33,34,35,36' WHERE ( `id` = 19 ) [ RunTime:0.077005s ]

[ 2016-08-19T10:36:58+08:00 ] ::1 /chinacountry/index.php/admin/role/setAuthGroup/rule/25/id/19
INFO: [ app_init ] --START--
INFO: Run Behavior\BuildLiteBehavior [ RunTime:0.000000s ]
INFO: [ app_init ] --END-- [ RunTime:0.000000s ]
INFO: [ app_begin ] --START--
INFO: Run Behavior\ReadHtmlCacheBehavior [ RunTime:0.001000s ]
INFO: Run Admin\Behavior\CronRunBehavior [ RunTime:0.001000s ]
INFO: [ app_begin ] --END-- [ RunTime:0.002000s ]
SQL: SHOW COLUMNS FROM `cc_auth_rule` [ RunTime:0.003001s ]
SQL: SELECT `name`,`title` FROM `cc_auth_rule` WHERE ( status = 1 )  [ RunTime:0.000000s ]
SQL: SHOW COLUMNS FROM `cc_auth_group_access` [ RunTime:0.003000s ]
SQL: SELECT `rules` FROM cc_auth_group_access a INNER JOIN cc_auth_group g on a.group_id=g.id  WHERE ( a.uid='1' and g.status='1' )  [ RunTime:0.001000s ]
SQL: SHOW COLUMNS FROM `cc_auth_rule` [ RunTime:0.003000s ]
SQL: SELECT `condition`,`name` FROM `cc_auth_rule` WHERE ( `id` IN ('2','3','4','5','6','7','8','10','12','13','11','14','15','17','18','19','20','21','1','9','16','23','24','25','26','27','32','31','36','30','29','28','33','35','34') ) AND ( `type` = 1 ) AND ( `status` = 1 )  [ RunTime:0.001000s ]
SQL: SHOW COLUMNS FROM `cc_auth_group` [ RunTime:0.004000s ]
SQL: SELECT `rules` FROM `cc_auth_group` WHERE ( `id` = 19 ) LIMIT 1   [ RunTime:0.001000s ]
SQL: UPDATE `cc_auth_group` SET `rules`='1,30,31,32,33,34,35,36' WHERE ( `id` = 19 ) [ RunTime:0.124007s ]

[ 2016-08-19T10:37:00+08:00 ] ::1 /chinacountry/index.php/admin/role/setAuthGroup/rule/30/id/19
INFO: [ app_init ] --START--
INFO: Run Behavior\BuildLiteBehavior [ RunTime:0.000000s ]
INFO: [ app_init ] --END-- [ RunTime:0.000000s ]
INFO: [ app_begin ] --START--
INFO: Run Behavior\ReadHtmlCacheBehavior [ RunTime:0.001000s ]
INFO: Run Admin\Behavior\CronRunBehavior [ RunTime:0.001001s ]
INFO: [ app_begin ] --END-- [ RunTime:0.002001s ]
SQL: SHOW COLUMNS FROM `cc_auth_rule` [ RunTime:0.003000s ]
SQL: SELECT `name`,`title` FROM `cc_auth_rule` WHERE ( status = 1 )  [ RunTime:0.000000s ]
SQL: SHOW COLUMNS FROM `cc_auth_group_access` [ RunTime:0.005000s ]
SQL: SELECT `rules` FROM cc_auth_group_access a INNER JOIN cc_auth_group g on a.group_id=g.id  WHERE ( a.uid='1' and g.status='1' )  [ RunTime:0.000000s ]
SQL: SHOW COLUMNS FROM `cc_auth_rule` [ RunTime:0.003000s ]
SQL: SELECT `condition`,`name` FROM `cc_auth_rule` WHERE ( `id` IN ('2','3','4','5','6','7','8','10','12','13','11','14','15','17','18','19','20','21','1','9','16','23','24','25','26','27','32','31','36','30','29','28','33','35','34') ) AND ( `type` = 1 ) AND ( `status` = 1 )  [ RunTime:0.001000s ]
SQL: SHOW COLUMNS FROM `cc_auth_group` [ RunTime:0.005001s ]
SQL: SELECT `rules` FROM `cc_auth_group` WHERE ( `id` = 19 ) LIMIT 1   [ RunTime:0.000000s ]
SQL: UPDATE `cc_auth_group` SET `rules`='1,31,32,33,34,35,36' WHERE ( `id` = 19 ) [ RunTime:0.024001s ]

[ 2016-08-19T10:37:02+08:00 ] ::1 /chinacountry/index.php/admin/role/setAuthGroup/rule/35/id/19
INFO: [ app_init ] --START--
INFO: Run Behavior\BuildLiteBehavior [ RunTime:0.000000s ]
INFO: [ app_init ] --END-- [ RunTime:0.001000s ]
INFO: [ app_begin ] --START--
INFO: Run Behavior\ReadHtmlCacheBehavior [ RunTime:0.001000s ]
INFO: Run Admin\Behavior\CronRunBehavior [ RunTime:0.000000s ]
INFO: [ app_begin ] --END-- [ RunTime:0.001000s ]
SQL: SHOW COLUMNS FROM `cc_auth_rule` [ RunTime:0.003000s ]
SQL: SELECT `name`,`title` FROM `cc_auth_rule` WHERE ( status = 1 )  [ RunTime:0.000000s ]
SQL: SHOW COLUMNS FROM `cc_auth_group_access` [ RunTime:0.003001s ]
SQL: SELECT `rules` FROM cc_auth_group_access a INNER JOIN cc_auth_group g on a.group_id=g.id  WHERE ( a.uid='1' and g.status='1' )  [ RunTime:0.001000s ]
SQL: SHOW COLUMNS FROM `cc_auth_rule` [ RunTime:0.004000s ]
SQL: SELECT `condition`,`name` FROM `cc_auth_rule` WHERE ( `id` IN ('2','3','4','5','6','7','8','10','12','13','11','14','15','17','18','19','20','21','1','9','16','23','24','25','26','27','32','31','36','30','29','28','33','35','34') ) AND ( `type` = 1 ) AND ( `status` = 1 )  [ RunTime:0.001000s ]
SQL: SHOW COLUMNS FROM `cc_auth_group` [ RunTime:0.003000s ]
SQL: SELECT `rules` FROM `cc_auth_group` WHERE ( `id` = 19 ) LIMIT 1   [ RunTime:0.000000s ]
SQL: UPDATE `cc_auth_group` SET `rules`='1,31,32,33,34,36' WHERE ( `id` = 19 ) [ RunTime:0.028002s ]

[ 2016-08-19T10:37:04+08:00 ] ::1 /chinacountry/index.php/admin/role/setAuthGroup/rule/31/id/19
INFO: [ app_init ] --START--
INFO: Run Behavior\BuildLiteBehavior [ RunTime:0.000000s ]
INFO: [ app_init ] --END-- [ RunTime:0.000000s ]
INFO: [ app_begin ] --START--
INFO: Run Behavior\ReadHtmlCacheBehavior [ RunTime:0.001000s ]
INFO: Run Admin\Behavior\CronRunBehavior [ RunTime:0.001000s ]
INFO: [ app_begin ] --END-- [ RunTime:0.002000s ]
SQL: SHOW COLUMNS FROM `cc_auth_rule` [ RunTime:0.003000s ]
SQL: SELECT `name`,`title` FROM `cc_auth_rule` WHERE ( status = 1 )  [ RunTime:0.001000s ]
SQL: SHOW COLUMNS FROM `cc_auth_group_access` [ RunTime:0.007000s ]
SQL: SELECT `rules` FROM cc_auth_group_access a INNER JOIN cc_auth_group g on a.group_id=g.id  WHERE ( a.uid='1' and g.status='1' )  [ RunTime:0.001000s ]
SQL: SHOW COLUMNS FROM `cc_auth_rule` [ RunTime:0.066004s ]
SQL: SELECT `condition`,`name` FROM `cc_auth_rule` WHERE ( `id` IN ('2','3','4','5','6','7','8','10','12','13','11','14','15','17','18','19','20','21','1','9','16','23','24','25','26','27','32','31','36','30','29','28','33','35','34') ) AND ( `type` = 1 ) AND ( `status` = 1 )  [ RunTime:0.001000s ]
SQL: SHOW COLUMNS FROM `cc_auth_group` [ RunTime:0.004001s ]
SQL: SELECT `rules` FROM `cc_auth_group` WHERE ( `id` = 19 ) LIMIT 1   [ RunTime:0.001000s ]
SQL: UPDATE `cc_auth_group` SET `rules`='1,32,33,34,36' WHERE ( `id` = 19 ) [ RunTime:0.046002s ]

[ 2016-08-19T10:37:05+08:00 ] ::1 /chinacountry/index.php/admin/role/setAuthGroup/rule/36/id/19
INFO: [ app_init ] --START--
INFO: Run Behavior\BuildLiteBehavior [ RunTime:0.000000s ]
INFO: [ app_init ] --END-- [ RunTime:0.001000s ]
INFO: [ app_begin ] --START--
INFO: Run Behavior\ReadHtmlCacheBehavior [ RunTime:0.001000s ]
INFO: Run Admin\Behavior\CronRunBehavior [ RunTime:0.001001s ]
INFO: [ app_begin ] --END-- [ RunTime:0.002001s ]
SQL: SHOW COLUMNS FROM `cc_auth_rule` [ RunTime:0.003000s ]
SQL: SELECT `name`,`title` FROM `cc_auth_rule` WHERE ( status = 1 )  [ RunTime:0.001000s ]
SQL: SHOW COLUMNS FROM `cc_auth_group_access` [ RunTime:0.003000s ]
SQL: SELECT `rules` FROM cc_auth_group_access a INNER JOIN cc_auth_group g on a.group_id=g.id  WHERE ( a.uid='1' and g.status='1' )  [ RunTime:0.000000s ]
SQL: SHOW COLUMNS FROM `cc_auth_rule` [ RunTime:0.003000s ]
SQL: SELECT `condition`,`name` FROM `cc_auth_rule` WHERE ( `id` IN ('2','3','4','5','6','7','8','10','12','13','11','14','15','17','18','19','20','21','1','9','16','23','24','25','26','27','32','31','36','30','29','28','33','35','34') ) AND ( `type` = 1 ) AND ( `status` = 1 )  [ RunTime:0.001000s ]
SQL: SHOW COLUMNS FROM `cc_auth_group` [ RunTime:0.005001s ]
SQL: SELECT `rules` FROM `cc_auth_group` WHERE ( `id` = 19 ) LIMIT 1   [ RunTime:0.000000s ]
SQL: UPDATE `cc_auth_group` SET `rules`='1,32,33,34' WHERE ( `id` = 19 ) [ RunTime:0.034002s ]

[ 2016-08-19T10:37:07+08:00 ] ::1 /chinacountry/index.php/admin/role/setAuthGroup/rule/32/id/19
INFO: [ app_init ] --START--
INFO: Run Behavior\BuildLiteBehavior [ RunTime:0.000000s ]
INFO: [ app_init ] --END-- [ RunTime:0.001000s ]
INFO: [ app_begin ] --START--
INFO: Run Behavior\ReadHtmlCacheBehavior [ RunTime:0.001000s ]
INFO: Run Admin\Behavior\CronRunBehavior [ RunTime:0.001000s ]
INFO: [ app_begin ] --END-- [ RunTime:0.002000s ]
SQL: SHOW COLUMNS FROM `cc_auth_rule` [ RunTime:0.003000s ]
SQL: SELECT `name`,`title` FROM `cc_auth_rule` WHERE ( status = 1 )  [ RunTime:0.000000s ]
SQL: SHOW COLUMNS FROM `cc_auth_group_access` [ RunTime:0.005001s ]
SQL: SELECT `rules` FROM cc_auth_group_access a INNER JOIN cc_auth_group g on a.group_id=g.id  WHERE ( a.uid='1' and g.status='1' )  [ RunTime:0.000000s ]
SQL: SHOW COLUMNS FROM `cc_auth_rule` [ RunTime:0.003000s ]
SQL: SELECT `condition`,`name` FROM `cc_auth_rule` WHERE ( `id` IN ('2','3','4','5','6','7','8','10','12','13','11','14','15','17','18','19','20','21','1','9','16','23','24','25','26','27','32','31','36','30','29','28','33','35','34') ) AND ( `type` = 1 ) AND ( `status` = 1 )  [ RunTime:0.001000s ]
SQL: SHOW COLUMNS FROM `cc_auth_group` [ RunTime:0.003000s ]
SQL: SELECT `rules` FROM `cc_auth_group` WHERE ( `id` = 19 ) LIMIT 1   [ RunTime:0.000000s ]
SQL: UPDATE `cc_auth_group` SET `rules`='1,33,34' WHERE ( `id` = 19 ) [ RunTime:0.151009s ]

[ 2016-08-19T10:37:09+08:00 ] ::1 /chinacountry/index.php/admin/role/setAuthGroup/rule/34/id/19
INFO: [ app_init ] --START--
INFO: Run Behavior\BuildLiteBehavior [ RunTime:0.000000s ]
INFO: [ app_init ] --END-- [ RunTime:0.001000s ]
INFO: [ app_begin ] --START--
INFO: Run Behavior\ReadHtmlCacheBehavior [ RunTime:0.001000s ]
INFO: Run Admin\Behavior\CronRunBehavior [ RunTime:0.001000s ]
INFO: [ app_begin ] --END-- [ RunTime:0.002000s ]
SQL: SHOW COLUMNS FROM `cc_auth_rule` [ RunTime:0.003000s ]
SQL: SELECT `name`,`title` FROM `cc_auth_rule` WHERE ( status = 1 )  [ RunTime:0.000000s ]
SQL: SHOW COLUMNS FROM `cc_auth_group_access` [ RunTime:0.066004s ]
SQL: SELECT `rules` FROM cc_auth_group_access a INNER JOIN cc_auth_group g on a.group_id=g.id  WHERE ( a.uid='1' and g.status='1' )  [ RunTime:0.002000s ]
SQL: SHOW COLUMNS FROM `cc_auth_rule` [ RunTime:0.011001s ]
SQL: SELECT `condition`,`name` FROM `cc_auth_rule` WHERE ( `id` IN ('2','3','4','5','6','7','8','10','12','13','11','14','15','17','18','19','20','21','1','9','16','23','24','25','26','27','32','31','36','30','29','28','33','35','34') ) AND ( `type` = 1 ) AND ( `status` = 1 )  [ RunTime:0.001000s ]
SQL: SHOW COLUMNS FROM `cc_auth_group` [ RunTime:0.003000s ]
SQL: SELECT `rules` FROM `cc_auth_group` WHERE ( `id` = 19 ) LIMIT 1   [ RunTime:0.000000s ]
SQL: UPDATE `cc_auth_group` SET `rules`='1,33' WHERE ( `id` = 19 ) [ RunTime:0.056003s ]

[ 2016-08-19T10:37:11+08:00 ] ::1 /chinacountry/index.php/admin/role/setAuthGroup/rule/33/id/19
INFO: [ app_init ] --START--
INFO: Run Behavior\BuildLiteBehavior [ RunTime:0.000000s ]
INFO: [ app_init ] --END-- [ RunTime:0.000000s ]
INFO: [ app_begin ] --START--
INFO: Run Behavior\ReadHtmlCacheBehavior [ RunTime:0.001000s ]
INFO: Run Admin\Behavior\CronRunBehavior [ RunTime:0.001000s ]
INFO: [ app_begin ] --END-- [ RunTime:0.002000s ]
SQL: SHOW COLUMNS FROM `cc_auth_rule` [ RunTime:0.003000s ]
SQL: SELECT `name`,`title` FROM `cc_auth_rule` WHERE ( status = 1 )  [ RunTime:0.001000s ]
SQL: SHOW COLUMNS FROM `cc_auth_group_access` [ RunTime:0.002001s ]
SQL: SELECT `rules` FROM cc_auth_group_access a INNER JOIN cc_auth_group g on a.group_id=g.id  WHERE ( a.uid='1' and g.status='1' )  [ RunTime:0.001000s ]
SQL: SHOW COLUMNS FROM `cc_auth_rule` [ RunTime:0.003000s ]
SQL: SELECT `condition`,`name` FROM `cc_auth_rule` WHERE ( `id` IN ('2','3','4','5','6','7','8','10','12','13','11','14','15','17','18','19','20','21','1','9','16','23','24','25','26','27','32','31','36','30','29','28','33','35','34') ) AND ( `type` = 1 ) AND ( `status` = 1 )  [ RunTime:0.000000s ]
SQL: SHOW COLUMNS FROM `cc_auth_group` [ RunTime:0.003000s ]
SQL: SELECT `rules` FROM `cc_auth_group` WHERE ( `id` = 19 ) LIMIT 1   [ RunTime:0.000000s ]
SQL: UPDATE `cc_auth_group` SET `rules`='1' WHERE ( `id` = 19 ) [ RunTime:0.033002s ]

[ 2016-08-19T10:37:28+08:00 ] ::1 /chinacountry/index.php/admin/auth/index.html
INFO: [ app_init ] --START--
INFO: Run Behavior\BuildLiteBehavior [ RunTime:0.000000s ]
INFO: [ app_init ] --END-- [ RunTime:0.000000s ]

[ 2016-08-19T10:37:46+08:00 ] ::1 /chinacountry/index.php/admin/auth/opts.html
INFO: [ app_init ] --START--
INFO: Run Behavior\BuildLiteBehavior [ RunTime:0.000000s ]
INFO: [ app_init ] --END-- [ RunTime:0.001000s ]

[ 2016-08-19T10:37:47+08:00 ] ::1 /chinacountry/index.php/admin/auth/index.html
INFO: [ app_init ] --START--
INFO: Run Behavior\BuildLiteBehavior [ RunTime:0.000000s ]
INFO: [ app_init ] --END-- [ RunTime:0.001000s ]

[ 2016-08-19T10:37:52+08:00 ] ::1 /chinacountry/index.php/admin/role/index.html
INFO: [ app_init ] --START--
INFO: Run Behavior\BuildLiteBehavior [ RunTime:0.000000s ]
INFO: [ app_init ] --END-- [ RunTime:0.000000s ]

[ 2016-08-19T10:37:59+08:00 ] ::1 /chinacountry/index.php/admin/role/setAuthGroup/rule/23/id/19
INFO: [ app_init ] --START--
INFO: Run Behavior\BuildLiteBehavior [ RunTime:0.000000s ]
INFO: [ app_init ] --END-- [ RunTime:0.000000s ]
INFO: [ app_begin ] --START--
INFO: Run Behavior\ReadHtmlCacheBehavior [ RunTime:0.000000s ]
INFO: Run Admin\Behavior\CronRunBehavior [ RunTime:0.001000s ]
INFO: [ app_begin ] --END-- [ RunTime:0.002000s ]
SQL: SHOW COLUMNS FROM `cc_auth_rule` [ RunTime:0.003001s ]
SQL: SELECT `name`,`title` FROM `cc_auth_rule` WHERE ( status = 1 )  [ RunTime:0.001000s ]
SQL: SHOW COLUMNS FROM `cc_auth_group_access` [ RunTime:0.002000s ]
SQL: SELECT `rules` FROM cc_auth_group_access a INNER JOIN cc_auth_group g on a.group_id=g.id  WHERE ( a.uid='1' and g.status='1' )  [ RunTime:0.000000s ]
SQL: SHOW COLUMNS FROM `cc_auth_rule` [ RunTime:0.003000s ]
SQL: SELECT `condition`,`name` FROM `cc_auth_rule` WHERE ( `id` IN ('2','3','4','5','6','7','8','10','12','13','11','14','15','17','18','19','20','21','1','9','16','23','24','25','26','27','32','31','36','30','29','28','33','35','34') ) AND ( `type` = 1 ) AND ( `status` = 1 )  [ RunTime:0.000000s ]
SQL: SHOW COLUMNS FROM `cc_auth_group` [ RunTime:0.002000s ]
SQL: SELECT `rules` FROM `cc_auth_group` WHERE ( `id` = 19 ) LIMIT 1   [ RunTime:0.000000s ]
SQL: UPDATE `cc_auth_group` SET `rules`='1,23' WHERE ( `id` = 19 ) [ RunTime:0.046002s ]

[ 2016-08-19T10:38:03+08:00 ] ::1 /chinacountry/index.php/admin/role/setAuthGroup/rule/28/id/19
INFO: [ app_init ] --START--
INFO: Run Behavior\BuildLiteBehavior [ RunTime:0.000000s ]
INFO: [ app_init ] --END-- [ RunTime:0.000000s ]
INFO: [ app_begin ] --START--
INFO: Run Behavior\ReadHtmlCacheBehavior [ RunTime:0.001000s ]
INFO: Run Admin\Behavior\CronRunBehavior [ RunTime:0.000000s ]
INFO: [ app_begin ] --END-- [ RunTime:0.001000s ]
SQL: SHOW COLUMNS FROM `cc_auth_rule` [ RunTime:0.003000s ]
SQL: SELECT `name`,`title` FROM `cc_auth_rule` WHERE ( status = 1 )  [ RunTime:0.000000s ]
SQL: SHOW COLUMNS FROM `cc_auth_group_access` [ RunTime:0.003001s ]
SQL: SELECT `rules` FROM cc_auth_group_access a INNER JOIN cc_auth_group g on a.group_id=g.id  WHERE ( a.uid='1' and g.status='1' )  [ RunTime:0.000000s ]
SQL: SHOW COLUMNS FROM `cc_auth_rule` [ RunTime:0.003000s ]
SQL: SELECT `condition`,`name` FROM `cc_auth_rule` WHERE ( `id` IN ('2','3','4','5','6','7','8','10','12','13','11','14','15','17','18','19','20','21','1','9','16','23','24','25','26','27','32','31','36','30','29','28','33','35','34') ) AND ( `type` = 1 ) AND ( `status` = 1 )  [ RunTime:0.000000s ]
SQL: SHOW COLUMNS FROM `cc_auth_group` [ RunTime:0.002000s ]
SQL: SELECT `rules` FROM `cc_auth_group` WHERE ( `id` = 19 ) LIMIT 1   [ RunTime:0.001000s ]
SQL: UPDATE `cc_auth_group` SET `rules`='1,23,28' WHERE ( `id` = 19 ) [ RunTime:0.044003s ]

[ 2016-08-19T10:38:05+08:00 ] ::1 /chinacountry/index.php/admin/role/setAuthGroup/rule/25/id/19
INFO: [ app_init ] --START--
INFO: Run Behavior\BuildLiteBehavior [ RunTime:0.000000s ]
INFO: [ app_init ] --END-- [ RunTime:0.000000s ]
INFO: [ app_begin ] --START--
INFO: Run Behavior\ReadHtmlCacheBehavior [ RunTime:0.001000s ]
INFO: Run Admin\Behavior\CronRunBehavior [ RunTime:0.001000s ]
INFO: [ app_begin ] --END-- [ RunTime:0.002000s ]
SQL: SHOW COLUMNS FROM `cc_auth_rule` [ RunTime:0.003000s ]
SQL: SELECT `name`,`title` FROM `cc_auth_rule` WHERE ( status = 1 )  [ RunTime:0.000000s ]
SQL: SHOW COLUMNS FROM `cc_auth_group_access` [ RunTime:0.003000s ]
SQL: SELECT `rules` FROM cc_auth_group_access a INNER JOIN cc_auth_group g on a.group_id=g.id  WHERE ( a.uid='1' and g.status='1' )  [ RunTime:0.001000s ]
SQL: SHOW COLUMNS FROM `cc_auth_rule` [ RunTime:0.003000s ]
SQL: SELECT `condition`,`name` FROM `cc_auth_rule` WHERE ( `id` IN ('2','3','4','5','6','7','8','10','12','13','11','14','15','17','18','19','20','21','1','9','16','23','24','25','26','27','32','31','36','30','29','28','33','35','34') ) AND ( `type` = 1 ) AND ( `status` = 1 )  [ RunTime:0.000000s ]
SQL: SHOW COLUMNS FROM `cc_auth_group` [ RunTime:0.003000s ]
SQL: SELECT `rules` FROM `cc_auth_group` WHERE ( `id` = 19 ) LIMIT 1   [ RunTime:0.000000s ]
SQL: UPDATE `cc_auth_group` SET `rules`='1,23,28,25' WHERE ( `id` = 19 ) [ RunTime:0.062003s ]

[ 2016-08-19T10:38:09+08:00 ] ::1 /chinacountry/index.php/admin/user/index.html
INFO: [ app_init ] --START--
INFO: Run Behavior\BuildLiteBehavior [ RunTime:0.000000s ]
INFO: [ app_init ] --END-- [ RunTime:0.000000s ]

[ 2016-08-19T10:38:12+08:00 ] ::1 /chinacountry/index.php/admin/user/index.html
INFO: [ app_init ] --START--
INFO: Run Behavior\BuildLiteBehavior [ RunTime:0.000000s ]
INFO: [ app_init ] --END-- [ RunTime:0.000000s ]

[ 2016-08-19T10:38:14+08:00 ] ::1 /chinacountry/index.php/admin/user/index.html
INFO: [ app_init ] --START--
INFO: Run Behavior\BuildLiteBehavior [ RunTime:0.000000s ]
INFO: [ app_init ] --END-- [ RunTime:0.000000s ]

[ 2016-08-19T10:38:19+08:00 ] ::1 /chinacountry/index.php/admin/user/setAuthGroupAccess/group_id/19/id/3
INFO: [ app_init ] --START--
INFO: Run Behavior\BuildLiteBehavior [ RunTime:0.000000s ]
INFO: [ app_init ] --END-- [ RunTime:0.000000s ]
INFO: [ app_begin ] --START--
INFO: Run Behavior\ReadHtmlCacheBehavior [ RunTime:0.000000s ]
INFO: Run Admin\Behavior\CronRunBehavior [ RunTime:0.000000s ]
INFO: [ app_begin ] --END-- [ RunTime:0.000000s ]
SQL: SHOW COLUMNS FROM `cc_auth_rule` [ RunTime:0.003001s ]
SQL: SELECT `name`,`title` FROM `cc_auth_rule` WHERE ( status = 1 )  [ RunTime:0.000000s ]
SQL: SHOW COLUMNS FROM `cc_auth_group_access` [ RunTime:0.003000s ]
SQL: SELECT `rules` FROM cc_auth_group_access a INNER JOIN cc_auth_group g on a.group_id=g.id  WHERE ( a.uid='1' and g.status='1' )  [ RunTime:0.000000s ]
SQL: SHOW COLUMNS FROM `cc_auth_rule` [ RunTime:0.004000s ]
SQL: SELECT `condition`,`name` FROM `cc_auth_rule` WHERE ( `id` IN ('2','3','4','5','6','7','8','10','12','13','11','14','15','17','18','19','20','21','1','9','16','23','24','25','26','27','32','31','36','30','29','28','33','35','34') ) AND ( `type` = 1 ) AND ( `status` = 1 )  [ RunTime:0.001000s ]
SQL: SHOW COLUMNS FROM `cc_auth_group_access` [ RunTime:0.004001s ]
SQL: UPDATE `cc_auth_group_access` SET `group_id`=19 WHERE ( `uid` = 3 ) [ RunTime:0.000000s ]

[ 2016-08-19T10:38:20+08:00 ] ::1 /chinacountry/index.php/admin/user/index.html
INFO: [ app_init ] --START--
INFO: Run Behavior\BuildLiteBehavior [ RunTime:0.000000s ]
INFO: [ app_init ] --END-- [ RunTime:0.001000s ]

[ 2016-08-19T10:39:18+08:00 ] ::1 /chinacountry/index.php/admin/user/setAuthGroupAccess/group_id/19/id/3
INFO: [ app_init ] --START--
INFO: Run Behavior\BuildLiteBehavior [ RunTime:0.000000s ]
INFO: [ app_init ] --END-- [ RunTime:0.000000s ]
INFO: [ app_begin ] --START--
INFO: Run Behavior\ReadHtmlCacheBehavior [ RunTime:0.001000s ]
INFO: Run Admin\Behavior\CronRunBehavior [ RunTime:0.001000s ]
INFO: [ app_begin ] --END-- [ RunTime:0.002000s ]
SQL: SHOW COLUMNS FROM `cc_auth_rule` [ RunTime:0.003000s ]
SQL: SELECT `name`,`title` FROM `cc_auth_rule` WHERE ( status = 1 )  [ RunTime:0.000000s ]
SQL: SHOW COLUMNS FROM `cc_auth_group_access` [ RunTime:0.002000s ]
SQL: SELECT `rules` FROM cc_auth_group_access a INNER JOIN cc_auth_group g on a.group_id=g.id  WHERE ( a.uid='1' and g.status='1' )  [ RunTime:0.000000s ]
SQL: SHOW COLUMNS FROM `cc_auth_rule` [ RunTime:0.002000s ]
SQL: SELECT `condition`,`name` FROM `cc_auth_rule` WHERE ( `id` IN ('2','3','4','5','6','7','8','10','12','13','11','14','15','17','18','19','20','21','1','9','16','23','24','25','26','27','32','31','36','30','29','28','33','35','34') ) AND ( `type` = 1 ) AND ( `status` = 1 )  [ RunTime:0.001000s ]
SQL: SHOW COLUMNS FROM `cc_auth_group_access` [ RunTime:0.003000s ]
SQL: UPDATE `cc_auth_group_access` SET `group_id`=19 WHERE ( `uid` = 3 ) [ RunTime:0.070004s ]

[ 2016-08-19T10:39:51+08:00 ] ::1 /chinacountry/index.php/admin/role/index.html
INFO: [ app_init ] --START--
INFO: Run Behavior\BuildLiteBehavior [ RunTime:0.000000s ]
INFO: [ app_init ] --END-- [ RunTime:0.001000s ]

[ 2016-08-19T10:39:56+08:00 ] ::1 /chinacountry/index.php/admin/login/logout.html
INFO: [ app_init ] --START--
INFO: Run Behavior\BuildLiteBehavior [ RunTime:0.000000s ]
INFO: [ app_init ] --END-- [ RunTime:0.000000s ]

[ 2016-08-19T10:39:56+08:00 ] ::1 /chinacountry/index.php/admin/index/index.html
INFO: [ app_init ] --START--
INFO: Run Behavior\BuildLiteBehavior [ RunTime:0.000000s ]
INFO: [ app_init ] --END-- [ RunTime:0.000000s ]

[ 2016-08-19T10:39:56+08:00 ] ::1 /chinacountry/index.php/admin/login/logform.html
INFO: [ app_init ] --START--
INFO: Run Behavior\BuildLiteBehavior [ RunTime:0.000000s ]
INFO: [ app_init ] --END-- [ RunTime:0.001000s ]

[ 2016-08-19T10:39:56+08:00 ] ::1 /chinacountry/index.php/admin/login/startcaptchaservlet/t/1471574396.html
INFO: [ app_init ] --START--
INFO: Run Behavior\BuildLiteBehavior [ RunTime:0.000000s ]
INFO: [ app_init ] --END-- [ RunTime:0.001000s ]
INFO: [ app_begin ] --START--
INFO: Run Behavior\ReadHtmlCacheBehavior [ RunTime:0.001000s ]
INFO: Run Admin\Behavior\CronRunBehavior [ RunTime:0.001000s ]
INFO: [ app_begin ] --END-- [ RunTime:0.002000s ]
INFO: [ app_end ] --START--
INFO: Run Behavior\ShowPageTraceBehavior [ RunTime:0.000000s ]
INFO: Run Admin\Behavior\ViewBehavior [ RunTime:0.001000s ]
INFO: [ app_end ] --END-- [ RunTime:0.002000s ]

[ 2016-08-19T10:40:03+08:00 ] ::1 /chinacountry/index.php/Admin/Login/logTodo
INFO: [ app_init ] --START--
INFO: Run Behavior\BuildLiteBehavior [ RunTime:0.000000s ]
INFO: [ app_init ] --END-- [ RunTime:0.001000s ]

[ 2016-08-19T10:40:03+08:00 ] ::1 /chinacountry/index.php/admin/index/index.html
INFO: [ app_init ] --START--
INFO: Run Behavior\BuildLiteBehavior [ RunTime:0.000000s ]
INFO: [ app_init ] --END-- [ RunTime:0.000000s ]

[ 2016-08-19T10:40:05+08:00 ] ::1 /chinacountry/index.php/admin/column/index.html
INFO: [ app_init ] --START--
INFO: Run Behavior\BuildLiteBehavior [ RunTime:0.000000s ]
INFO: [ app_init ] --END-- [ RunTime:0.000000s ]

[ 2016-08-19T10:40:07+08:00 ] ::1 /chinacountry/index.php/admin/column/add.html
INFO: [ app_init ] --START--
INFO: Run Behavior\BuildLiteBehavior [ RunTime:0.000000s ]
INFO: [ app_init ] --END-- [ RunTime:0.001000s ]

[ 2016-08-19T10:40:12+08:00 ] ::1 /chinacountry/index.php/admin/news/index.html
INFO: [ app_init ] --START--
INFO: Run Behavior\BuildLiteBehavior [ RunTime:0.000000s ]
INFO: [ app_init ] --END-- [ RunTime:0.001000s ]

[ 2016-08-19T10:40:14+08:00 ] ::1 /chinacountry/index.php/admin/news/add.html
INFO: [ app_init ] --START--
INFO: Run Behavior\BuildLiteBehavior [ RunTime:0.000000s ]
INFO: [ app_init ] --END-- [ RunTime:0.001000s ]

[ 2016-08-19T10:40:19+08:00 ] ::1 /chinacountry/index.php/admin/video/index.html
INFO: [ app_init ] --START--
INFO: Run Behavior\BuildLiteBehavior [ RunTime:0.000000s ]
INFO: [ app_init ] --END-- [ RunTime:0.001001s ]

[ 2016-08-19T10:40:25+08:00 ] ::1 /chinacountry/index.php/admin/bak/index.html
INFO: [ app_init ] --START--
INFO: Run Behavior\BuildLiteBehavior [ RunTime:0.000000s ]
INFO: [ app_init ] --END-- [ RunTime:0.001000s ]

[ 2016-08-19T10:40:27+08:00 ] ::1 /chinacountry/index.php/admin/bak/backups.html
INFO: [ app_init ] --START--
INFO: Run Behavior\BuildLiteBehavior [ RunTime:0.000000s ]
INFO: [ app_init ] --END-- [ RunTime:0.001000s ]

[ 2016-08-19T10:40:41+08:00 ] ::1 /chinacountry/index.php/admin/bak/index.html
INFO: [ app_init ] --START--
INFO: Run Behavior\BuildLiteBehavior [ RunTime:0.000000s ]
INFO: [ app_init ] --END-- [ RunTime:0.001000s ]

[ 2016-08-19T10:40:44+08:00 ] ::1 /chinacountry/index.php/admin/user/add.html
INFO: [ app_init ] --START--
INFO: Run Behavior\BuildLiteBehavior [ RunTime:0.000000s ]
INFO: [ app_init ] --END-- [ RunTime:0.001000s ]

[ 2016-08-19T10:40:49+08:00 ] ::1 /chinacountry/index.php/admin/user/index.html
INFO: [ app_init ] --START--
INFO: Run Behavior\BuildLiteBehavior [ RunTime:0.000000s ]
INFO: [ app_init ] --END-- [ RunTime:0.001000s ]

[ 2016-08-19T10:40:53+08:00 ] ::1 /chinacountry/index.php/admin/auth/index.html
INFO: [ app_init ] --START--
INFO: Run Behavior\BuildLiteBehavior [ RunTime:0.000000s ]
INFO: [ app_init ] --END-- [ RunTime:0.000000s ]

[ 2016-08-19T10:41:04+08:00 ] ::1 /chinacountry/index.php/admin/login/logout.html
INFO: [ app_init ] --START--
INFO: Run Behavior\BuildLiteBehavior [ RunTime:0.000000s ]
INFO: [ app_init ] --END-- [ RunTime:0.000000s ]

[ 2016-08-19T10:41:04+08:00 ] ::1 /chinacountry/index.php/admin/index/index.html
INFO: [ app_init ] --START--
INFO: Run Behavior\BuildLiteBehavior [ RunTime:0.000000s ]
INFO: [ app_init ] --END-- [ RunTime:0.000000s ]

[ 2016-08-19T10:41:04+08:00 ] ::1 /chinacountry/index.php/admin/login/logform.html
INFO: [ app_init ] --START--
INFO: Run Behavior\BuildLiteBehavior [ RunTime:0.000000s ]
INFO: [ app_init ] --END-- [ RunTime:0.000000s ]

[ 2016-08-19T10:41:04+08:00 ] ::1 /chinacountry/index.php/admin/login/startcaptchaservlet/t/1471574464.html
INFO: [ app_init ] --START--
INFO: Run Behavior\BuildLiteBehavior [ RunTime:0.000000s ]
INFO: [ app_init ] --END-- [ RunTime:0.001000s ]
INFO: [ app_begin ] --START--
INFO: Run Behavior\ReadHtmlCacheBehavior [ RunTime:0.001000s ]
INFO: Run Admin\Behavior\CronRunBehavior [ RunTime:0.001000s ]
INFO: [ app_begin ] --END-- [ RunTime:0.002000s ]
INFO: [ app_end ] --START--
INFO: Run Behavior\ShowPageTraceBehavior [ RunTime:0.002000s ]
INFO: Run Admin\Behavior\ViewBehavior [ RunTime:0.001000s ]
INFO: [ app_end ] --END-- [ RunTime:0.003000s ]

[ 2016-08-19T10:41:09+08:00 ] ::1 /chinacountry/index.php/Admin/Login/logTodo
INFO: [ app_init ] --START--
INFO: Run Behavior\BuildLiteBehavior [ RunTime:0.000000s ]
INFO: [ app_init ] --END-- [ RunTime:0.001000s ]

[ 2016-08-19T10:41:09+08:00 ] ::1 /chinacountry/index.php/admin/index/index.html
INFO: [ app_init ] --START--
INFO: Run Behavior\BuildLiteBehavior [ RunTime:0.000000s ]
INFO: [ app_init ] --END-- [ RunTime:0.001000s ]

[ 2016-08-19T10:41:32+08:00 ] ::1 /chinacountry/index.php/admin/auth/index.html
INFO: [ app_init ] --START--
INFO: Run Behavior\BuildLiteBehavior [ RunTime:0.000000s ]
INFO: [ app_init ] --END-- [ RunTime:0.001000s ]

[ 2016-08-19T10:41:50+08:00 ] ::1 /chinacountry/index.php/admin/auth/edit/id/24
INFO: [ app_init ] --START--
INFO: Run Behavior\BuildLiteBehavior [ RunTime:0.000000s ]
INFO: [ app_init ] --END-- [ RunTime:0.000000s ]

[ 2016-08-19T10:41:56+08:00 ] ::1 /chinacountry/index.php/admin/bak/index.html
INFO: [ app_init ] --START--
INFO: Run Behavior\BuildLiteBehavior [ RunTime:0.000000s ]
INFO: [ app_init ] --END-- [ RunTime:0.001000s ]

[ 2016-08-19T10:41:57+08:00 ] ::1 /chinacountry/index.php/admin/bak/backups.html
INFO: [ app_init ] --START--
INFO: Run Behavior\BuildLiteBehavior [ RunTime:0.000000s ]
INFO: [ app_init ] --END-- [ RunTime:0.000000s ]

[ 2016-08-19T10:42:02+08:00 ] ::1 /chinacountry/index.php/admin/auth/index.html
INFO: [ app_init ] --START--
INFO: Run Behavior\BuildLiteBehavior [ RunTime:0.000000s ]
INFO: [ app_init ] --END-- [ RunTime:0.000000s ]

[ 2016-08-19T10:42:08+08:00 ] ::1 /chinacountry/index.php/admin/auth/edit/id/24
INFO: [ app_init ] --START--
INFO: Run Behavior\BuildLiteBehavior [ RunTime:0.000000s ]
INFO: [ app_init ] --END-- [ RunTime:0.003000s ]

[ 2016-08-19T10:42:14+08:00 ] ::1 /chinacountry/index.php/Admin/Auth/update
INFO: [ app_init ] --START--
INFO: Run Behavior\BuildLiteBehavior [ RunTime:0.001000s ]
INFO: [ app_init ] --END-- [ RunTime:0.001000s ]

[ 2016-08-19T10:42:17+08:00 ] ::1 /chinacountry/index.php/admin/auth/index.html
INFO: [ app_init ] --START--
INFO: Run Behavior\BuildLiteBehavior [ RunTime:0.000000s ]
INFO: [ app_init ] --END-- [ RunTime:0.000000s ]

[ 2016-08-19T11:15:49+08:00 ] ::1 /chinacountry/index.php/admin/login/logout.html
INFO: [ app_init ] --START--
INFO: Run Behavior\BuildLiteBehavior [ RunTime:0.000000s ]
INFO: [ app_init ] --END-- [ RunTime:0.000000s ]

[ 2016-08-19T11:15:49+08:00 ] ::1 /chinacountry/index.php/admin/index/index.html
INFO: [ app_init ] --START--
INFO: Run Behavior\BuildLiteBehavior [ RunTime:0.000000s ]
INFO: [ app_init ] --END-- [ RunTime:0.001000s ]

[ 2016-08-19T11:15:49+08:00 ] ::1 /chinacountry/index.php/admin/login/logform.html
INFO: [ app_init ] --START--
INFO: Run Behavior\BuildLiteBehavior [ RunTime:0.000000s ]
INFO: [ app_init ] --END-- [ RunTime:0.001000s ]

[ 2016-08-19T11:15:49+08:00 ] ::1 /chinacountry/index.php/admin/login/startcaptchaservlet/t/1471576549.html
INFO: [ app_init ] --START--
INFO: Run Behavior\BuildLiteBehavior [ RunTime:0.000000s ]
INFO: [ app_init ] --END-- [ RunTime:0.001000s ]
INFO: [ app_begin ] --START--
INFO: Run Behavior\ReadHtmlCacheBehavior [ RunTime:0.003000s ]
INFO: Run Admin\Behavior\CronRunBehavior [ RunTime:0.003000s ]
INFO: [ app_begin ] --END-- [ RunTime:0.008000s ]
INFO: [ app_end ] --START--
INFO: Run Behavior\ShowPageTraceBehavior [ RunTime:0.001000s ]
INFO: Run Admin\Behavior\ViewBehavior [ RunTime:0.001000s ]
INFO: [ app_end ] --END-- [ RunTime:0.002000s ]

[ 2016-08-19T11:23:18+08:00 ] ::1 /chinacountry/index.php/Admin/Login/logTodo
INFO: [ app_init ] --START--
INFO: Run Behavior\BuildLiteBehavior [ RunTime:0.000000s ]
INFO: [ app_init ] --END-- [ RunTime:0.000000s ]

[ 2016-08-19T11:23:18+08:00 ] ::1 /chinacountry/index.php/admin/index/index.html
INFO: [ app_init ] --START--
INFO: Run Behavior\BuildLiteBehavior [ RunTime:0.000000s ]
INFO: [ app_init ] --END-- [ RunTime:0.001000s ]

[ 2016-08-19T11:28:03+08:00 ] ::1 /chinacountry/index.php/admin/login/logout.html
INFO: [ app_init ] --START--
INFO: Run Behavior\BuildLiteBehavior [ RunTime:0.000000s ]
INFO: [ app_init ] --END-- [ RunTime:0.001001s ]

[ 2016-08-19T11:28:03+08:00 ] ::1 /chinacountry/index.php/admin/index/index.html
INFO: [ app_init ] --START--
INFO: Run Behavior\BuildLiteBehavior [ RunTime:0.000000s ]
INFO: [ app_init ] --END-- [ RunTime:0.001000s ]

[ 2016-08-19T11:28:03+08:00 ] ::1 /chinacountry/index.php/admin/login/logform.html
INFO: [ app_init ] --START--
INFO: Run Behavior\BuildLiteBehavior [ RunTime:0.000000s ]
INFO: [ app_init ] --END-- [ RunTime:0.001000s ]

[ 2016-08-19T11:28:03+08:00 ] ::1 /chinacountry/index.php/admin/login/startcaptchaservlet/t/1471577283.html
INFO: [ app_init ] --START--
INFO: Run Behavior\BuildLiteBehavior [ RunTime:0.000000s ]
INFO: [ app_init ] --END-- [ RunTime:0.001000s ]
INFO: [ app_begin ] --START--
INFO: Run Behavior\ReadHtmlCacheBehavior [ RunTime:0.008001s ]
INFO: Run Admin\Behavior\CronRunBehavior [ RunTime:0.008000s ]
INFO: [ app_begin ] --END-- [ RunTime:0.018001s ]
INFO: [ app_end ] --START--
INFO: Run Behavior\ShowPageTraceBehavior [ RunTime:0.001000s ]
INFO: Run Admin\Behavior\ViewBehavior [ RunTime:0.001000s ]
INFO: [ app_end ] --END-- [ RunTime:0.002000s ]

[ 2016-08-19T11:28:25+08:00 ] ::1 /chinacountry/index.php/admin/login/logform.html
INFO: [ app_init ] --START--
INFO: Run Behavior\BuildLiteBehavior [ RunTime:0.000000s ]
INFO: [ app_init ] --END-- [ RunTime:0.001000s ]

[ 2016-08-19T11:28:25+08:00 ] ::1 /chinacountry/index.php/admin/login/startcaptchaservlet/t/1471577305.html
INFO: [ app_init ] --START--
INFO: Run Behavior\BuildLiteBehavior [ RunTime:0.000000s ]
INFO: [ app_init ] --END-- [ RunTime:0.001000s ]
INFO: [ app_begin ] --START--
INFO: Run Behavior\ReadHtmlCacheBehavior [ RunTime:0.001000s ]
INFO: Run Admin\Behavior\CronRunBehavior [ RunTime:0.002000s ]
INFO: [ app_begin ] --END-- [ RunTime:0.004000s ]
INFO: [ app_end ] --START--
INFO: Run Behavior\ShowPageTraceBehavior [ RunTime:0.001000s ]
INFO: Run Admin\Behavior\ViewBehavior [ RunTime:0.001000s ]
INFO: [ app_end ] --END-- [ RunTime:0.002000s ]

