[ 2017-05-08T15:20:48+08:00 ] ::1 /ChinaCountry/
INFO: [ app_init ] --START--
INFO: Run Behavior\BuildLiteBehavior [ RunTime:0.000054s ]
INFO: [ app_init ] --END-- [ RunTime:0.009589s ]
INFO: [ app_begin ] --START--
INFO: Run Behavior\ReadHtmlCacheBehavior [ RunTime:0.005609s ]
INFO: [ app_begin ] --END-- [ RunTime:0.005975s ]
SQL: SHOW COLUMNS FROM `cc_advertising` [ RunTime:0.029157s ]
SQL: SELECT `id`,`title`,`picture`,`hret` FROM `cc_advertising` LIMIT 3   [ RunTime:0.000771s ]
SQL: SHOW COLUMNS FROM `cc_video` [ RunTime:0.032802s ]
SQL: SELECT `id`,`title`,`date`,`thumbnail` FROM `cc_video` WHERE ( `column_id` = 1 ) LIMIT 3   [ RunTime:0.001023s ]
SQL: SELECT `id`,`title`,`date`,`thumbnail` FROM `cc_video` WHERE ( `column_id` = 2 ) LIMIT 6   [ RunTime:0.000868s ]
SQL: SHOW COLUMNS FROM `cc_news` [ RunTime:0.022006s ]
SQL: SELECT `id`,`title`,`date` FROM `cc_news` ORDER BY id desc LIMIT 10   [ RunTime:0.000752s ]
SQL: SHOW COLUMNS FROM `cc_site_information` [ RunTime:0.020597s ]
SQL: SELECT `title`,`keyword`,`description` FROM `cc_site_information`  [ RunTime:0.000690s ]
INFO: [ view_parse ] --START--
INFO: [ template_filter ] --START--
INFO: Run Behavior\ContentReplaceBehavior [ RunTime:0.000385s ]
INFO: [ template_filter ] --END-- [ RunTime:0.000635s ]
INFO: Run Behavior\ParseTemplateBehavior [ RunTime:0.113106s ]
INFO: [ view_parse ] --END-- [ RunTime:0.113360s ]
INFO: [ view_filter ] --START--
INFO: Run Behavior\WriteHtmlCacheBehavior [ RunTime:0.001777s ]
INFO: [ view_filter ] --END-- [ RunTime:0.001980s ]
INFO: [ app_end ] --START--
INFO: Run Behavior\ShowPageTraceBehavior [ RunTime:0.013812s ]
INFO: [ app_end ] --END-- [ RunTime:0.014090s ]

