[ 2017-12-20T14:42:02+08:00 ] ::1 /ChinaCountry/
INFO: [ app_init ] --START--
INFO: Run Behavior\BuildLiteBehavior [ RunTime:0.000022s ]
INFO: [ app_init ] --END-- [ RunTime:0.000824s ]
INFO: [ app_begin ] --START--
INFO: Run Behavior\ReadHtmlCacheBehavior [ RunTime:0.001702s ]
INFO: [ app_begin ] --END-- [ RunTime:0.001932s ]
NOTIC: [2] mysqli::mysqli(): (HY000/1049): Unknown database 'chinacountry' E:\wamp\www\ChinaCountry\ThinkPHP\Library\Think\Db\Driver\Mysqli.class.php 第 44 行.
ERR: Unknown database 'chinacountry'

[ 2017-12-20T14:43:18+08:00 ] ::1 /ChinaCountry/
INFO: [ app_init ] --START--
INFO: Run Behavior\BuildLiteBehavior [ RunTime:0.000028s ]
INFO: [ app_init ] --END-- [ RunTime:0.000577s ]
INFO: [ app_begin ] --START--
INFO: Run Behavior\ReadHtmlCacheBehavior [ RunTime:0.000821s ]
INFO: [ app_begin ] --END-- [ RunTime:0.000959s ]
SQL: SHOW COLUMNS FROM `cc_advertising` [ RunTime:0.010991s ]
SQL: SELECT `id`,`title`,`picture`,`hret` FROM `cc_advertising` LIMIT 3   [ RunTime:0.000283s ]
SQL: SHOW COLUMNS FROM `cc_video` [ RunTime:0.010030s ]
ERR: 错误的查询条件:[column_id=>1]

[ 2017-12-20T14:44:55+08:00 ] ::1 /ChinaCountry/
INFO: [ app_init ] --START--
INFO: Run Behavior\BuildLiteBehavior [ RunTime:0.000017s ]
INFO: [ app_init ] --END-- [ RunTime:0.000361s ]
INFO: [ app_begin ] --START--
INFO: Run Behavior\ReadHtmlCacheBehavior [ RunTime:0.000466s ]
INFO: [ app_begin ] --END-- [ RunTime:0.000548s ]
SQL: SHOW COLUMNS FROM `cc_advertising` [ RunTime:0.008045s ]
SQL: SELECT `id`,`title`,`picture`,`hret` FROM `cc_advertising` LIMIT 3   [ RunTime:0.000194s ]
SQL: SHOW COLUMNS FROM `cc_video` [ RunTime:0.007466s ]
SQL: SELECT `id`,`title`,`date`,`thumbnail` FROM `cc_video` WHERE ( `column_id` = 1 ) LIMIT 3   [ RunTime:0.000200s ]
SQL: SELECT `id`,`title`,`date`,`thumbnail` FROM `cc_video` WHERE ( `column_id` = 2 ) LIMIT 6   [ RunTime:0.000212s ]
SQL: SHOW COLUMNS FROM `cc_news` [ RunTime:0.007258s ]
SQL: SELECT `id`,`title`,`date` FROM `cc_news` ORDER BY id desc LIMIT 10   [ RunTime:0.000267s ]
SQL: SHOW COLUMNS FROM `cc_site_information` [ RunTime:0.006894s ]
SQL: SELECT `title`,`keyword`,`description` FROM `cc_site_information`  [ RunTime:0.000162s ]
INFO: [ view_parse ] --START--
INFO: [ template_filter ] --START--
INFO: Run Behavior\ContentReplaceBehavior [ RunTime:0.000352s ]
INFO: [ template_filter ] --END-- [ RunTime:0.000579s ]
INFO: Run Behavior\ParseTemplateBehavior [ RunTime:0.254417s ]
INFO: [ view_parse ] --END-- [ RunTime:0.254553s ]
INFO: [ view_filter ] --START--
INFO: Run Behavior\WriteHtmlCacheBehavior [ RunTime:0.017703s ]
INFO: [ view_filter ] --END-- [ RunTime:0.017853s ]
INFO: [ app_end ] --START--
INFO: Run Behavior\ShowPageTraceBehavior [ RunTime:0.131514s ]
INFO: [ app_end ] --END-- [ RunTime:0.131795s ]

[ 2017-12-20T14:45:01+08:00 ] ::1 /chinacountry/index.php/home/introduce/index.html
INFO: [ app_init ] --START--
INFO: Run Behavior\BuildLiteBehavior [ RunTime:0.000020s ]
INFO: [ app_init ] --END-- [ RunTime:0.000381s ]
INFO: [ app_begin ] --START--
INFO: Run Behavior\ReadHtmlCacheBehavior [ RunTime:0.000526s ]
INFO: [ app_begin ] --END-- [ RunTime:0.000622s ]
SQL: SHOW COLUMNS FROM `cc_news` [ RunTime:0.006808s ]
SQL: SELECT `id`,`title`,`date` FROM `cc_news` ORDER BY id desc LIMIT 10   [ RunTime:0.000199s ]
SQL: SHOW COLUMNS FROM `cc_video` [ RunTime:0.007254s ]
SQL: SELECT `id`,`title`,`times`,`file_url` FROM `cc_video` WHERE ( `file_url` <> '' ) ORDER BY times desc LIMIT 5   [ RunTime:0.000259s ]
SQL: SHOW COLUMNS FROM `cc_site_information` [ RunTime:0.008232s ]
SQL: SELECT `title` FROM `cc_site_information`  [ RunTime:0.000185s ]
INFO: [ view_parse ] --START--
INFO: [ template_filter ] --START--
INFO: Run Behavior\ContentReplaceBehavior [ RunTime:0.000117s ]
INFO: [ template_filter ] --END-- [ RunTime:0.000202s ]
INFO: Run Behavior\ParseTemplateBehavior [ RunTime:0.015270s ]
INFO: [ view_parse ] --END-- [ RunTime:0.015381s ]
INFO: [ view_filter ] --START--
INFO: Run Behavior\WriteHtmlCacheBehavior [ RunTime:0.000489s ]
INFO: [ view_filter ] --END-- [ RunTime:0.000565s ]
INFO: [ app_end ] --START--
INFO: Run Behavior\ShowPageTraceBehavior [ RunTime:0.001166s ]
INFO: [ app_end ] --END-- [ RunTime:0.001337s ]

[ 2017-12-20T14:45:02+08:00 ] ::1 /chinacountry/index.php/home/foreshow/index.html
INFO: [ app_init ] --START--
INFO: Run Behavior\BuildLiteBehavior [ RunTime:0.000020s ]
INFO: [ app_init ] --END-- [ RunTime:0.000393s ]
INFO: [ app_begin ] --START--
INFO: Run Behavior\ReadHtmlCacheBehavior [ RunTime:0.000502s ]
INFO: [ app_begin ] --END-- [ RunTime:0.000592s ]
SQL: SHOW COLUMNS FROM `cc_video` [ RunTime:0.007449s ]
SQL: SELECT COUNT(*) AS tp_count FROM `cc_video` WHERE ( `column_id` = 1 ) LIMIT 1   [ RunTime:0.000238s ]
SQL: SELECT `id`,`title`,`date`,`thumbnail`,`introduce` FROM `cc_video` WHERE ( `column_id` = 1 ) ORDER BY id desc LIMIT 0,5   [ RunTime:0.000216s ]
SQL: SHOW COLUMNS FROM `cc_news` [ RunTime:0.007800s ]
SQL: SELECT `id`,`title`,`date` FROM `cc_news` ORDER BY id desc LIMIT 10   [ RunTime:0.000217s ]
SQL: SELECT `id`,`title`,`times`,`file_url` FROM `cc_video` WHERE ( `file_url` <> '' ) ORDER BY times desc LIMIT 5   [ RunTime:0.000205s ]
SQL: SHOW COLUMNS FROM `cc_site_information` [ RunTime:0.007833s ]
SQL: SELECT `title` FROM `cc_site_information`  [ RunTime:0.000206s ]
INFO: [ view_parse ] --START--
INFO: [ template_filter ] --START--
INFO: Run Behavior\ContentReplaceBehavior [ RunTime:0.000124s ]
INFO: [ template_filter ] --END-- [ RunTime:0.000216s ]
INFO: Run Behavior\ParseTemplateBehavior [ RunTime:0.028273s ]
INFO: [ view_parse ] --END-- [ RunTime:0.028365s ]
INFO: [ view_filter ] --START--
INFO: Run Behavior\WriteHtmlCacheBehavior [ RunTime:0.000416s ]
INFO: [ view_filter ] --END-- [ RunTime:0.000495s ]
INFO: [ app_end ] --START--
INFO: Run Behavior\ShowPageTraceBehavior [ RunTime:0.000493s ]
INFO: [ app_end ] --END-- [ RunTime:0.000577s ]

[ 2017-12-20T14:45:03+08:00 ] ::1 /chinacountry/index.php/home/retrospect/index.html
INFO: [ app_init ] --START--
INFO: Run Behavior\BuildLiteBehavior [ RunTime:0.000019s ]
INFO: [ app_init ] --END-- [ RunTime:0.000344s ]
INFO: [ app_begin ] --START--
INFO: Run Behavior\ReadHtmlCacheBehavior [ RunTime:0.000477s ]
INFO: [ app_begin ] --END-- [ RunTime:0.000577s ]
SQL: SHOW COLUMNS FROM `cc_video` [ RunTime:0.008017s ]
SQL: SELECT COUNT(*) AS tp_count FROM `cc_video` WHERE ( `column_id` = 2 ) LIMIT 1   [ RunTime:0.000236s ]
SQL: SELECT `id`,`title`,`date`,`thumbnail`,`introduce` FROM `cc_video` WHERE ( `column_id` = 2 ) ORDER BY id desc LIMIT 0,6   [ RunTime:0.000217s ]
SQL: SHOW COLUMNS FROM `cc_news` [ RunTime:0.007574s ]
SQL: SELECT `id`,`title`,`date` FROM `cc_news` ORDER BY id desc LIMIT 10   [ RunTime:0.000204s ]
SQL: SELECT `id`,`title`,`times`,`file_url` FROM `cc_video` WHERE ( `file_url` <> '' ) ORDER BY times desc LIMIT 5   [ RunTime:0.000200s ]
SQL: SHOW COLUMNS FROM `cc_site_information` [ RunTime:0.007404s ]
SQL: SELECT `title` FROM `cc_site_information`  [ RunTime:0.000188s ]
INFO: [ view_parse ] --START--
INFO: [ template_filter ] --START--
INFO: Run Behavior\ContentReplaceBehavior [ RunTime:0.000100s ]
INFO: [ template_filter ] --END-- [ RunTime:0.000192s ]
INFO: Run Behavior\ParseTemplateBehavior [ RunTime:0.042799s ]
INFO: [ view_parse ] --END-- [ RunTime:0.042893s ]
INFO: [ view_filter ] --START--
INFO: Run Behavior\WriteHtmlCacheBehavior [ RunTime:0.000393s ]
INFO: [ view_filter ] --END-- [ RunTime:0.000475s ]
INFO: [ app_end ] --START--
INFO: Run Behavior\ShowPageTraceBehavior [ RunTime:0.000503s ]
INFO: [ app_end ] --END-- [ RunTime:0.000588s ]

[ 2017-12-20T14:45:04+08:00 ] ::1 /chinacountry/index.php/home/dynamic/index.html
INFO: [ app_init ] --START--
INFO: Run Behavior\BuildLiteBehavior [ RunTime:0.000019s ]
INFO: [ app_init ] --END-- [ RunTime:0.000345s ]
INFO: [ app_begin ] --START--
INFO: Run Behavior\ReadHtmlCacheBehavior [ RunTime:0.000467s ]
INFO: [ app_begin ] --END-- [ RunTime:0.000556s ]
SQL: SHOW COLUMNS FROM `cc_news` [ RunTime:0.006860s ]
SQL: SELECT COUNT(*) AS tp_count FROM `cc_news` LIMIT 1   [ RunTime:0.000192s ]
NOTIC: [8] Undefined variable: where E:\wamp\www\ChinaCountry\ChinaCountry\Home\Controller\DynamicController.class.php 第 23 行.
SQL: SELECT `id`,`title`,`date` FROM `cc_news` ORDER BY id desc LIMIT 0,18   [ RunTime:0.000225s ]
SQL: SHOW COLUMNS FROM `cc_video` [ RunTime:0.006957s ]
SQL: SELECT `id`,`title`,`times`,`file_url` FROM `cc_video` WHERE ( `file_url` <> '' ) ORDER BY times desc LIMIT 5   [ RunTime:0.000202s ]
SQL: SHOW COLUMNS FROM `cc_site_information` [ RunTime:0.006750s ]
SQL: SELECT `title` FROM `cc_site_information`  [ RunTime:0.000159s ]
INFO: [ view_parse ] --START--
INFO: [ template_filter ] --START--
INFO: Run Behavior\ContentReplaceBehavior [ RunTime:0.000082s ]
INFO: [ template_filter ] --END-- [ RunTime:0.000165s ]
INFO: Run Behavior\ParseTemplateBehavior [ RunTime:0.033172s ]
INFO: [ view_parse ] --END-- [ RunTime:0.033259s ]
INFO: [ view_filter ] --START--
INFO: Run Behavior\WriteHtmlCacheBehavior [ RunTime:0.000397s ]
INFO: [ view_filter ] --END-- [ RunTime:0.000472s ]
INFO: [ app_end ] --START--
INFO: Run Behavior\ShowPageTraceBehavior [ RunTime:0.000578s ]
INFO: [ app_end ] --END-- [ RunTime:0.000662s ]

[ 2017-12-20T14:45:05+08:00 ] ::1 /chinacountry/index.php/home/group/index.html
INFO: [ app_init ] --START--
INFO: Run Behavior\BuildLiteBehavior [ RunTime:0.000020s ]
INFO: [ app_init ] --END-- [ RunTime:0.000350s ]
INFO: [ app_begin ] --START--
INFO: Run Behavior\ReadHtmlCacheBehavior [ RunTime:0.000537s ]
INFO: [ app_begin ] --END-- [ RunTime:0.000635s ]
SQL: SHOW COLUMNS FROM `cc_news` [ RunTime:0.007783s ]
SQL: SELECT `id`,`title`,`date` FROM `cc_news` ORDER BY id desc LIMIT 10   [ RunTime:0.000222s ]
SQL: SHOW COLUMNS FROM `cc_video` [ RunTime:0.007271s ]
SQL: SELECT `id`,`title`,`times`,`file_url` FROM `cc_video` WHERE ( `file_url` <> '' ) ORDER BY times desc LIMIT 5   [ RunTime:0.000254s ]
SQL: SHOW COLUMNS FROM `cc_site_information` [ RunTime:0.007599s ]
SQL: SELECT `title` FROM `cc_site_information`  [ RunTime:0.000166s ]
INFO: [ view_parse ] --START--
INFO: [ template_filter ] --START--
INFO: Run Behavior\ContentReplaceBehavior [ RunTime:0.000112s ]
INFO: [ template_filter ] --END-- [ RunTime:0.000202s ]
INFO: Run Behavior\ParseTemplateBehavior [ RunTime:0.048800s ]
INFO: [ view_parse ] --END-- [ RunTime:0.049027s ]
INFO: [ view_filter ] --START--
INFO: Run Behavior\WriteHtmlCacheBehavior [ RunTime:0.000457s ]
INFO: [ view_filter ] --END-- [ RunTime:0.000547s ]
INFO: [ app_end ] --START--
INFO: Run Behavior\ShowPageTraceBehavior [ RunTime:0.001106s ]
INFO: [ app_end ] --END-- [ RunTime:0.001360s ]

[ 2017-12-20T14:45:05+08:00 ] ::1 /chinacountry/index.php/home/contact/index.html
INFO: [ app_init ] --START--
INFO: Run Behavior\BuildLiteBehavior [ RunTime:0.000019s ]
INFO: [ app_init ] --END-- [ RunTime:0.000347s ]
INFO: [ app_begin ] --START--
INFO: Run Behavior\ReadHtmlCacheBehavior [ RunTime:0.000473s ]
INFO: [ app_begin ] --END-- [ RunTime:0.000567s ]
SQL: SHOW COLUMNS FROM `cc_news` [ RunTime:0.007504s ]
SQL: SELECT `id`,`title`,`date` FROM `cc_news` ORDER BY id desc LIMIT 10   [ RunTime:0.000202s ]
SQL: SHOW COLUMNS FROM `cc_video` [ RunTime:0.007911s ]
SQL: SELECT `id`,`title`,`times`,`file_url` FROM `cc_video` WHERE ( `file_url` <> '' ) ORDER BY times desc LIMIT 5   [ RunTime:0.000219s ]
SQL: SHOW COLUMNS FROM `cc_site_information` [ RunTime:0.007092s ]
SQL: SELECT `title` FROM `cc_site_information`  [ RunTime:0.000156s ]
INFO: [ view_parse ] --START--
INFO: [ template_filter ] --START--
INFO: Run Behavior\ContentReplaceBehavior [ RunTime:0.000120s ]
INFO: [ template_filter ] --END-- [ RunTime:0.000214s ]
INFO: Run Behavior\ParseTemplateBehavior [ RunTime:0.014662s ]
INFO: [ view_parse ] --END-- [ RunTime:0.014772s ]
INFO: [ view_filter ] --START--
INFO: Run Behavior\WriteHtmlCacheBehavior [ RunTime:0.000354s ]
INFO: [ view_filter ] --END-- [ RunTime:0.000434s ]
INFO: [ app_end ] --START--
INFO: Run Behavior\ShowPageTraceBehavior [ RunTime:0.000492s ]
INFO: [ app_end ] --END-- [ RunTime:0.000576s ]

[ 2017-12-20T14:45:11+08:00 ] ::1 /chinacountry/index.php/home/introduce/index.html
INFO: [ app_init ] --START--
INFO: Run Behavior\BuildLiteBehavior [ RunTime:0.000020s ]
INFO: [ app_init ] --END-- [ RunTime:0.000383s ]
INFO: [ app_begin ] --START--
INFO: Run Behavior\ReadHtmlCacheBehavior [ RunTime:0.000502s ]
INFO: [ app_begin ] --END-- [ RunTime:0.000592s ]
SQL: SHOW COLUMNS FROM `cc_news` [ RunTime:0.008266s ]
SQL: SELECT `id`,`title`,`date` FROM `cc_news` ORDER BY id desc LIMIT 10   [ RunTime:0.000313s ]
SQL: SHOW COLUMNS FROM `cc_video` [ RunTime:0.007980s ]
SQL: SELECT `id`,`title`,`times`,`file_url` FROM `cc_video` WHERE ( `file_url` <> '' ) ORDER BY times desc LIMIT 5   [ RunTime:0.000233s ]
SQL: SHOW COLUMNS FROM `cc_site_information` [ RunTime:0.006914s ]
SQL: SELECT `title` FROM `cc_site_information`  [ RunTime:0.000207s ]
INFO: [ view_parse ] --START--
INFO: [ template_filter ] --START--
INFO: Run Behavior\ContentReplaceBehavior [ RunTime:0.000084s ]
INFO: [ template_filter ] --END-- [ RunTime:0.000167s ]
INFO: Run Behavior\ParseTemplateBehavior [ RunTime:0.015053s ]
INFO: [ view_parse ] --END-- [ RunTime:0.015148s ]
INFO: [ view_filter ] --START--
INFO: Run Behavior\WriteHtmlCacheBehavior [ RunTime:0.000348s ]
INFO: [ view_filter ] --END-- [ RunTime:0.000422s ]
INFO: [ app_end ] --START--
INFO: Run Behavior\ShowPageTraceBehavior [ RunTime:0.000510s ]
INFO: [ app_end ] --END-- [ RunTime:0.000589s ]

[ 2017-12-20T14:45:12+08:00 ] ::1 /chinacountry/index.php/home/foreshow/index.html
INFO: [ app_init ] --START--
INFO: Run Behavior\BuildLiteBehavior [ RunTime:0.000020s ]
INFO: [ app_init ] --END-- [ RunTime:0.000431s ]
INFO: [ app_begin ] --START--
INFO: Run Behavior\ReadHtmlCacheBehavior [ RunTime:0.000473s ]
INFO: [ app_begin ] --END-- [ RunTime:0.000562s ]
SQL: SHOW COLUMNS FROM `cc_video` [ RunTime:0.008059s ]
SQL: SELECT COUNT(*) AS tp_count FROM `cc_video` WHERE ( `column_id` = 1 ) LIMIT 1   [ RunTime:0.000229s ]
SQL: SELECT `id`,`title`,`date`,`thumbnail`,`introduce` FROM `cc_video` WHERE ( `column_id` = 1 ) ORDER BY id desc LIMIT 0,5   [ RunTime:0.000251s ]
SQL: SHOW COLUMNS FROM `cc_news` [ RunTime:0.007836s ]
SQL: SELECT `id`,`title`,`date` FROM `cc_news` ORDER BY id desc LIMIT 10   [ RunTime:0.000223s ]
SQL: SELECT `id`,`title`,`times`,`file_url` FROM `cc_video` WHERE ( `file_url` <> '' ) ORDER BY times desc LIMIT 5   [ RunTime:0.000205s ]
SQL: SHOW COLUMNS FROM `cc_site_information` [ RunTime:0.007544s ]
SQL: SELECT `title` FROM `cc_site_information`  [ RunTime:0.000183s ]
INFO: [ view_parse ] --START--
INFO: [ template_filter ] --START--
INFO: Run Behavior\ContentReplaceBehavior [ RunTime:0.000096s ]
INFO: [ template_filter ] --END-- [ RunTime:0.000189s ]
INFO: Run Behavior\ParseTemplateBehavior [ RunTime:0.017165s ]
INFO: [ view_parse ] --END-- [ RunTime:0.017254s ]
INFO: [ view_filter ] --START--
INFO: Run Behavior\WriteHtmlCacheBehavior [ RunTime:0.000349s ]
INFO: [ view_filter ] --END-- [ RunTime:0.000429s ]
INFO: [ app_end ] --START--
INFO: Run Behavior\ShowPageTraceBehavior [ RunTime:0.000486s ]
INFO: [ app_end ] --END-- [ RunTime:0.000571s ]

[ 2017-12-20T14:45:14+08:00 ] ::1 /chinacountry/index.php/home/retrospect/index.html
INFO: [ app_init ] --START--
INFO: Run Behavior\BuildLiteBehavior [ RunTime:0.000020s ]
INFO: [ app_init ] --END-- [ RunTime:0.000368s ]
INFO: [ app_begin ] --START--
INFO: Run Behavior\ReadHtmlCacheBehavior [ RunTime:0.000470s ]
INFO: [ app_begin ] --END-- [ RunTime:0.000558s ]
SQL: SHOW COLUMNS FROM `cc_video` [ RunTime:0.178616s ]
SQL: SELECT COUNT(*) AS tp_count FROM `cc_video` WHERE ( `column_id` = 2 ) LIMIT 1   [ RunTime:0.000852s ]
SQL: SELECT `id`,`title`,`date`,`thumbnail`,`introduce` FROM `cc_video` WHERE ( `column_id` = 2 ) ORDER BY id desc LIMIT 0,6   [ RunTime:0.000964s ]
SQL: SHOW COLUMNS FROM `cc_news` [ RunTime:0.020800s ]
SQL: SELECT `id`,`title`,`date` FROM `cc_news` ORDER BY id desc LIMIT 10   [ RunTime:0.000401s ]
SQL: SELECT `id`,`title`,`times`,`file_url` FROM `cc_video` WHERE ( `file_url` <> '' ) ORDER BY times desc LIMIT 5   [ RunTime:0.000436s ]
SQL: SHOW COLUMNS FROM `cc_site_information` [ RunTime:0.016107s ]
SQL: SELECT `title` FROM `cc_site_information`  [ RunTime:0.000409s ]
INFO: [ view_parse ] --START--
INFO: [ template_filter ] --START--
INFO: Run Behavior\ContentReplaceBehavior [ RunTime:0.000212s ]
INFO: [ template_filter ] --END-- [ RunTime:0.000429s ]
INFO: Run Behavior\ParseTemplateBehavior [ RunTime:0.038244s ]
INFO: [ view_parse ] --END-- [ RunTime:0.038463s ]
INFO: [ view_filter ] --START--
INFO: Run Behavior\WriteHtmlCacheBehavior [ RunTime:0.000862s ]
INFO: [ view_filter ] --END-- [ RunTime:0.001055s ]
INFO: [ app_end ] --START--
INFO: Run Behavior\ShowPageTraceBehavior [ RunTime:0.001196s ]
INFO: [ app_end ] --END-- [ RunTime:0.001405s ]

[ 2017-12-20T14:45:15+08:00 ] ::1 /chinacountry/index.php/home/dynamic/index.html
INFO: [ app_init ] --START--
INFO: Run Behavior\BuildLiteBehavior [ RunTime:0.000019s ]
INFO: [ app_init ] --END-- [ RunTime:0.000363s ]
INFO: [ app_begin ] --START--
INFO: Run Behavior\ReadHtmlCacheBehavior [ RunTime:0.000538s ]
INFO: [ app_begin ] --END-- [ RunTime:0.000636s ]
SQL: SHOW COLUMNS FROM `cc_news` [ RunTime:0.058363s ]
SQL: SELECT COUNT(*) AS tp_count FROM `cc_news` LIMIT 1   [ RunTime:0.000510s ]
NOTIC: [8] Undefined variable: where E:\wamp\www\ChinaCountry\ChinaCountry\Home\Controller\DynamicController.class.php 第 23 行.
SQL: SELECT `id`,`title`,`date` FROM `cc_news` ORDER BY id desc LIMIT 0,18   [ RunTime:0.000519s ]
SQL: SHOW COLUMNS FROM `cc_video` [ RunTime:0.042968s ]
SQL: SELECT `id`,`title`,`times`,`file_url` FROM `cc_video` WHERE ( `file_url` <> '' ) ORDER BY times desc LIMIT 5   [ RunTime:0.000625s ]
SQL: SHOW COLUMNS FROM `cc_site_information` [ RunTime:0.046957s ]
SQL: SELECT `title` FROM `cc_site_information`  [ RunTime:0.000496s ]
INFO: [ view_parse ] --START--
INFO: [ template_filter ] --START--
INFO: Run Behavior\ContentReplaceBehavior [ RunTime:0.000317s ]
INFO: [ template_filter ] --END-- [ RunTime:0.000598s ]
INFO: Run Behavior\ParseTemplateBehavior [ RunTime:0.037782s ]
INFO: [ view_parse ] --END-- [ RunTime:0.037990s ]
INFO: [ view_filter ] --START--
INFO: Run Behavior\WriteHtmlCacheBehavior [ RunTime:0.000552s ]
INFO: [ view_filter ] --END-- [ RunTime:0.000697s ]
INFO: [ app_end ] --START--
INFO: Run Behavior\ShowPageTraceBehavior [ RunTime:0.000827s ]
INFO: [ app_end ] --END-- [ RunTime:0.000968s ]

[ 2017-12-20T14:45:16+08:00 ] ::1 /chinacountry/index.php/home/group/index.html
INFO: [ app_init ] --START--
INFO: Run Behavior\BuildLiteBehavior [ RunTime:0.000019s ]
INFO: [ app_init ] --END-- [ RunTime:0.000349s ]
INFO: [ app_begin ] --START--
INFO: Run Behavior\ReadHtmlCacheBehavior [ RunTime:0.000471s ]
INFO: [ app_begin ] --END-- [ RunTime:0.000561s ]
SQL: SHOW COLUMNS FROM `cc_news` [ RunTime:0.006792s ]
SQL: SELECT `id`,`title`,`date` FROM `cc_news` ORDER BY id desc LIMIT 10   [ RunTime:0.000191s ]
SQL: SHOW COLUMNS FROM `cc_video` [ RunTime:0.006966s ]
SQL: SELECT `id`,`title`,`times`,`file_url` FROM `cc_video` WHERE ( `file_url` <> '' ) ORDER BY times desc LIMIT 5   [ RunTime:0.000238s ]
SQL: SHOW COLUMNS FROM `cc_site_information` [ RunTime:0.006810s ]
SQL: SELECT `title` FROM `cc_site_information`  [ RunTime:0.000188s ]
INFO: [ view_parse ] --START--
INFO: [ template_filter ] --START--
INFO: Run Behavior\ContentReplaceBehavior [ RunTime:0.000098s ]
INFO: [ template_filter ] --END-- [ RunTime:0.000181s ]
INFO: Run Behavior\ParseTemplateBehavior [ RunTime:0.014592s ]
INFO: [ view_parse ] --END-- [ RunTime:0.014711s ]
INFO: [ view_filter ] --START--
INFO: Run Behavior\WriteHtmlCacheBehavior [ RunTime:0.000291s ]
INFO: [ view_filter ] --END-- [ RunTime:0.000364s ]
INFO: [ app_end ] --START--
INFO: Run Behavior\ShowPageTraceBehavior [ RunTime:0.000452s ]
INFO: [ app_end ] --END-- [ RunTime:0.000529s ]

[ 2017-12-20T14:45:18+08:00 ] ::1 /chinacountry/index.php/home/index/index.html
INFO: [ app_init ] --START--
INFO: Run Behavior\BuildLiteBehavior [ RunTime:0.000020s ]
INFO: [ app_init ] --END-- [ RunTime:0.000364s ]
INFO: [ app_begin ] --START--
INFO: Run Behavior\ReadHtmlCacheBehavior [ RunTime:0.000480s ]
INFO: [ app_begin ] --END-- [ RunTime:0.000572s ]
SQL: SHOW COLUMNS FROM `cc_advertising` [ RunTime:0.007447s ]
SQL: SELECT `id`,`title`,`picture`,`hret` FROM `cc_advertising` LIMIT 3   [ RunTime:0.000202s ]
SQL: SHOW COLUMNS FROM `cc_video` [ RunTime:0.007295s ]
SQL: SELECT `id`,`title`,`date`,`thumbnail` FROM `cc_video` WHERE ( `column_id` = 1 ) LIMIT 3   [ RunTime:0.000241s ]
SQL: SELECT `id`,`title`,`date`,`thumbnail` FROM `cc_video` WHERE ( `column_id` = 2 ) LIMIT 6   [ RunTime:0.000194s ]
SQL: SHOW COLUMNS FROM `cc_news` [ RunTime:0.007516s ]
SQL: SHOW COLUMNS FROM `cc_site_information` [ RunTime:0.007098s ]
SQL: SELECT `title`,`keyword`,`description` FROM `cc_site_information`  [ RunTime:0.000226s ]
INFO: [ view_parse ] --START--
INFO: [ template_filter ] --START--
INFO: Run Behavior\ContentReplaceBehavior [ RunTime:0.000205s ]
INFO: [ template_filter ] --END-- [ RunTime:0.000294s ]
INFO: Run Behavior\ParseTemplateBehavior [ RunTime:0.021178s ]
INFO: [ view_parse ] --END-- [ RunTime:0.021269s ]
INFO: [ view_filter ] --START--
INFO: Run Behavior\WriteHtmlCacheBehavior [ RunTime:0.000319s ]
INFO: [ view_filter ] --END-- [ RunTime:0.000393s ]
INFO: [ app_end ] --START--
INFO: Run Behavior\ShowPageTraceBehavior [ RunTime:0.000462s ]
INFO: [ app_end ] --END-- [ RunTime:0.000541s ]

